2014-06-03 09:41:28 [procName:][pid:698]daemon proccess start, parent cli proccess exited
2014-06-03 09:41:28 [procName:][pid:699]Daemon Master proccess started
2014-06-03 09:41:28 [procName:][pid:699]fork ProcOne 1 successfully, pid is 700
2014-06-03 09:41:28 [procName:][pid:699]fork ProcOne 2 successfully, pid is 701
2014-06-03 09:41:28 [procName:proc1name][pid:700]1
2014-06-03 09:41:28 [procName:][pid:699]fork ProcTwo 1 successfully, pid is 702
2014-06-03 09:41:28 [procName:proc1name][pid:701]1
2014-06-03 09:41:28 [procName:][pid:699]fork ProcTwo 2 successfully, pid is 703
2014-06-03 09:41:28 [procName:proc2name][pid:702]2
2014-06-03 09:41:28 [procName:proc2name][pid:702]proc proc2name exited.
2014-06-03 09:41:28 [procName:][pid:699]fork ProcTwo 3 successfully, pid is 704
2014-06-03 09:41:28 [procName:proc2name][pid:703]2
2014-06-03 09:41:28 [procName:proc2name][pid:703]proc proc2name exited.
2014-06-03 09:41:28 [procName:][pid:699]fork ProcTwo 4 successfully, pid is 705
2014-06-03 09:41:28 [procName:proc2name][pid:704]2
2014-06-03 09:41:28 [procName:proc2name][pid:704]proc proc2name exited.
2014-06-03 09:41:28 [procName:][pid:699]fork Baidu 1 successfully, pid is 706
2014-06-03 09:41:28 [procName:proc2name][pid:705]2
2014-06-03 09:41:28 [procName:proc2name][pid:705]proc proc2name exited.
2014-06-03 09:41:28 [procName:][pid:699]fork Baidu 2 successfully, pid is 707
2014-06-03 09:41:28 [procName:][pid:706]test .....
2014-06-03 09:41:28 [procName:][pid:699]fork Sougou 1 successfully, pid is 708
2014-06-03 09:41:28 [procName:][pid:707]test .....
2014-06-03 09:41:28 [procName:][pid:699]fork Sougou 2 successfully, pid is 709
2014-06-03 09:41:28 [procName:][pid:708]so gooo..
2014-06-03 09:41:28 [procName:][pid:709]so gooo..
2014-06-03 09:41:29 [procName:proc1name][pid:700]2
2014-06-03 09:41:29 [procName:proc1name][pid:701]2
2014-06-03 09:41:29 [procName:][pid:706]test .....
2014-06-03 09:41:29 [procName:][pid:707]test .....
2014-06-03 09:41:29 [procName:][pid:708]so gooo..
2014-06-03 09:41:29 [procName:][pid:699]ProcTwo1 exited 
2014-06-03 09:41:29 [procName:][pid:709]so gooo..
2014-06-03 09:41:29 [procName:][pid:699]children  exited , parent catch it
2014-06-03 09:41:30 [procName:proc1name][pid:700]3
2014-06-03 09:41:30 [procName:proc1name][pid:701]3
2014-06-03 09:41:30 [procName:][pid:706]test .....
2014-06-03 09:41:30 [procName:][pid:707]test .....
2014-06-03 09:41:30 [procName:][pid:708]so gooo..
2014-06-03 09:41:30 [procName:][pid:709]so gooo..
2014-06-03 09:41:30 [procName:][pid:699]ProcTwo2 exited 
2014-06-03 09:41:30 [procName:][pid:699]children  exited , parent catch it
2014-06-03 09:41:31 [procName:proc1name][pid:700]4
2014-06-03 09:41:31 [procName:proc1name][pid:701]4
2014-06-03 09:41:31 [procName:][pid:706]test .....
2014-06-03 09:41:31 [procName:][pid:707]test .....
2014-06-03 09:41:31 [procName:][pid:708]so gooo..
2014-06-03 09:41:31 [procName:][pid:709]so gooo..
2014-06-03 09:41:31 [procName:][pid:699]ProcTwo3 exited 
2014-06-03 09:41:31 [procName:][pid:699]children  exited , parent catch it
2014-06-03 09:41:32 [procName:proc1name][pid:700]5
2014-06-03 09:41:32 [procName:proc1name][pid:701]5
2014-06-03 09:41:32 [procName:][pid:706]test .....
2014-06-03 09:41:32 [procName:][pid:707]test .....
2014-06-03 09:41:32 [procName:][pid:708]so gooo..
2014-06-03 09:41:32 [procName:][pid:709]so gooo..
2014-06-03 09:41:32 [procName:][pid:699]ProcTwo4 exited 
2014-06-03 09:41:32 [procName:][pid:699]children  exited , parent catch it
2014-06-03 09:41:33 [procName:proc1name][pid:700]6
2014-06-03 09:41:33 [procName:proc1name][pid:701]6
2014-06-03 09:41:33 [procName:][pid:706]test .....
2014-06-03 09:41:33 [procName:][pid:707]test .....
2014-06-03 09:41:33 [procName:][pid:708]so gooo..
2014-06-03 09:41:33 [procName:][pid:709]so gooo..
2014-06-03 09:41:34 [procName:proc1name][pid:700]7
2014-06-03 09:41:34 [procName:proc1name][pid:701]7
2014-06-03 09:41:34 [procName:][pid:706]test .....
2014-06-03 09:41:34 [procName:][pid:707]test .....
2014-06-03 09:41:34 [procName:][pid:708]so gooo..
2014-06-03 09:41:34 [procName:][pid:709]so gooo..
2014-06-03 09:41:35 [procName:proc1name][pid:700]8
2014-06-03 09:41:35 [procName:proc1name][pid:701]8
2014-06-03 09:41:35 [procName:][pid:706]test .....
2014-06-03 09:41:35 [procName:][pid:707]test .....
2014-06-03 09:41:35 [procName:][pid:708]so gooo..
2014-06-03 09:41:35 [procName:][pid:709]so gooo..
2014-06-03 09:41:36 [procName:proc1name][pid:700]9
2014-06-03 09:41:36 [procName:proc1name][pid:701]9
2014-06-03 09:41:36 [procName:][pid:706]test .....
2014-06-03 09:41:36 [procName:][pid:707]test .....
2014-06-03 09:41:36 [procName:][pid:708]so gooo..
2014-06-03 09:41:36 [procName:][pid:709]so gooo..
2014-06-03 09:41:37 [procName:proc1name][pid:700]10
2014-06-03 09:41:37 [procName:proc1name][pid:701]10
2014-06-03 09:41:37 [procName:][pid:706]test .....
2014-06-03 09:41:37 [procName:][pid:707]test .....
2014-06-03 09:41:37 [procName:][pid:708]so gooo..
2014-06-03 09:41:37 [procName:][pid:709]so gooo..
2014-06-03 09:41:38 [procName:proc1name][pid:700]11
2014-06-03 09:41:38 [procName:proc1name][pid:701]11
2014-06-03 09:41:38 [procName:][pid:706]test .....
2014-06-03 09:41:38 [procName:][pid:707]test .....
2014-06-03 09:41:38 [procName:][pid:708]so gooo..
2014-06-03 09:41:38 [procName:][pid:709]so gooo..
2014-06-03 09:41:39 [procName:proc1name][pid:700]12
2014-06-03 09:41:39 [procName:proc1name][pid:701]12
2014-06-03 09:41:39 [procName:][pid:706]test .....
2014-06-03 09:41:39 [procName:][pid:707]test .....
2014-06-03 09:41:39 [procName:][pid:708]so gooo..
2014-06-03 09:41:39 [procName:][pid:709]so gooo..
2014-06-03 09:41:40 [procName:proc1name][pid:700]13
2014-06-03 09:41:40 [procName:proc1name][pid:701]13
2014-06-03 09:41:40 [procName:][pid:706]test .....
2014-06-03 09:41:40 [procName:][pid:707]test .....
2014-06-03 09:41:40 [procName:][pid:708]so gooo..
2014-06-03 09:41:40 [procName:][pid:709]so gooo..
2014-06-03 09:41:41 [procName:proc1name][pid:700]14
2014-06-03 09:41:41 [procName:proc1name][pid:701]14
2014-06-03 09:41:41 [procName:][pid:706]test .....
2014-06-03 09:41:41 [procName:][pid:707]test .....
2014-06-03 09:41:41 [procName:][pid:708]so gooo..
2014-06-03 09:41:41 [procName:][pid:709]so gooo..
2014-06-03 09:41:42 [procName:proc1name][pid:700]15
2014-06-03 09:41:42 [procName:proc1name][pid:701]15
2014-06-03 09:41:42 [procName:][pid:706]test .....
2014-06-03 09:41:42 [procName:][pid:707]test .....
2014-06-03 09:41:42 [procName:][pid:708]so gooo..
2014-06-03 09:41:42 [procName:][pid:709]so gooo..
2014-06-03 09:41:43 [procName:][pid:699]Receive stop command
2014-06-03 09:41:43 [procName:][pid:1041]Master proccess 699 successfully
2014-06-03 09:41:43 [procName:][pid:699]stop childrens
2014-06-03 09:41:43 [procName:][pid:699]send kill singal to 700
2014-06-03 09:41:43 [procName:proc1name][pid:700]proc proc1name exited.
2014-06-03 09:41:43 [procName:][pid:699]send kill singal to 701
2014-06-03 09:41:43 [procName:][pid:699]send kill singal to 706
2014-06-03 09:41:43 [procName:proc1name][pid:701]proc proc1name exited.
2014-06-03 09:41:43 [procName:][pid:699]send kill singal to 707
2014-06-03 09:41:43 [procName:][pid:706]proc  exited.
2014-06-03 09:41:43 [procName:][pid:699]send kill singal to 708
2014-06-03 09:41:43 [procName:][pid:707]proc  exited.
2014-06-03 09:41:43 [procName:][pid:699]send kill singal to 709
2014-06-03 09:41:43 [procName:][pid:708]proc  exited.
2014-06-03 09:41:43 [procName:][pid:709]proc  exited.
2014-06-03 09:41:44 [procName:][pid:699]ProcOne1 exited 
2014-06-03 09:41:44 [procName:][pid:699]children  exited , parent catch it
2014-06-03 09:41:45 [procName:][pid:699]ProcOne2 exited 
2014-06-03 09:41:45 [procName:][pid:699]children  exited , parent catch it
2014-06-03 09:41:46 [procName:][pid:699]Baidu1 exited 
2014-06-03 09:41:46 [procName:][pid:699]children  exited , parent catch it
2014-06-03 09:41:47 [procName:][pid:699]Baidu2 exited 
2014-06-03 09:41:47 [procName:][pid:699]children  exited , parent catch it
2014-06-03 09:41:48 [procName:][pid:699]Sougou1 exited 
2014-06-03 09:41:48 [procName:][pid:699]children  exited , parent catch it
2014-06-03 09:41:49 [procName:][pid:699]Sougou2 exited 
2014-06-03 09:41:49 [procName:][pid:699]children  exited , parent catch it
2014-06-03 09:41:50 [procName:][pid:699]Master proc exited
2014-06-03 09:44:46 [procName:][pid:5612]fork ProcOne 1 successfully, pid is 5613
2014-06-03 09:44:46 [procName:][pid:5612]fork ProcOne 2 successfully, pid is 5614
2014-06-03 09:44:46 [procName:proc1name][pid:5613]1
2014-06-03 09:44:46 [procName:][pid:5612]fork ProcTwo 1 successfully, pid is 5615
2014-06-03 09:44:46 [procName:proc1name][pid:5614]1
2014-06-03 09:44:46 [procName:][pid:5612]fork ProcTwo 2 successfully, pid is 5616
2014-06-03 09:44:46 [procName:proc2name][pid:5615]2
2014-06-03 09:44:46 [procName:proc2name][pid:5615]proc proc2name exited.
2014-06-03 09:44:46 [procName:][pid:5612]fork ProcTwo 3 successfully, pid is 5617
2014-06-03 09:44:46 [procName:proc2name][pid:5616]2
2014-06-03 09:44:46 [procName:proc2name][pid:5616]proc proc2name exited.
2014-06-03 09:44:46 [procName:][pid:5612]fork ProcTwo 4 successfully, pid is 5618
2014-06-03 09:44:46 [procName:proc2name][pid:5617]2
2014-06-03 09:44:46 [procName:proc2name][pid:5617]proc proc2name exited.
2014-06-03 09:44:46 [procName:][pid:5612]fork Baidu 1 successfully, pid is 5619
2014-06-03 09:44:46 [procName:proc2name][pid:5618]2
2014-06-03 09:44:46 [procName:proc2name][pid:5618]proc proc2name exited.
2014-06-03 09:44:46 [procName:][pid:5612]fork Baidu 2 successfully, pid is 5620
2014-06-03 09:44:46 [procName:][pid:5619]test .....
2014-06-03 09:44:46 [procName:][pid:5612]fork Sougou 1 successfully, pid is 5621
2014-06-03 09:44:46 [procName:][pid:5620]test .....
2014-06-03 09:44:46 [procName:][pid:5612]fork Sougou 2 successfully, pid is 5622
2014-06-03 09:44:46 [procName:][pid:5621]so gooo..
2014-06-03 09:44:46 [procName:][pid:5622]so gooo..
2014-06-03 09:44:47 [procName:proc1name][pid:5613]2
2014-06-03 09:44:47 [procName:proc1name][pid:5614]2
2014-06-03 09:44:47 [procName:][pid:5619]test .....
2014-06-03 09:44:47 [procName:][pid:5620]test .....
2014-06-03 09:44:47 [procName:][pid:5612]ProcTwo1 exited 
2014-06-03 09:44:47 [procName:][pid:5621]so gooo..
2014-06-03 09:44:47 [procName:][pid:5612]children  exited , parent catch it
2014-06-03 09:44:47 [procName:][pid:5622]so gooo..
2014-06-03 09:44:48 [procName:proc1name][pid:5613]3
2014-06-03 09:44:48 [procName:proc1name][pid:5614]3
2014-06-03 09:44:48 [procName:][pid:5619]test .....
2014-06-03 09:44:48 [procName:][pid:5620]test .....
2014-06-03 09:44:48 [procName:][pid:5621]so gooo..
2014-06-03 09:44:48 [procName:][pid:5612]ProcTwo2 exited 
2014-06-03 09:44:48 [procName:][pid:5612]children  exited , parent catch it
2014-06-03 09:44:48 [procName:][pid:5622]so gooo..
2014-06-03 09:44:49 [procName:proc1name][pid:5613]4
2014-06-03 09:44:49 [procName:proc1name][pid:5614]4
2014-06-03 09:44:49 [procName:][pid:5619]test .....
2014-06-03 09:44:49 [procName:][pid:5620]test .....
2014-06-03 09:44:49 [procName:][pid:5621]so gooo..
2014-06-03 09:44:49 [procName:][pid:5612]ProcTwo3 exited 
2014-06-03 09:44:49 [procName:][pid:5612]children  exited , parent catch it
2014-06-03 09:44:49 [procName:][pid:5622]so gooo..
2014-06-03 09:44:50 [procName:][pid:5612]Receive stop command
2014-06-03 09:44:50 [procName:proc1name][pid:5613]proc proc1name exited.
2014-06-03 09:44:50 [procName:][pid:5620]proc  exited.
2014-06-03 09:44:50 [procName:][pid:5622]proc  exited.
2014-06-03 09:44:50 [procName:proc1name][pid:5614]proc proc1name exited.
2014-06-03 09:44:50 [procName:][pid:5621]proc  exited.
2014-06-03 09:44:50 [procName:][pid:5619]proc  exited.
2014-06-03 09:44:50 [procName:][pid:5612]stop childrens
2014-06-03 09:44:50 [procName:][pid:5612]send kill singal to 5613
2014-06-03 09:44:50 [procName:][pid:5612]send kill singal to 5614
2014-06-03 09:44:50 [procName:][pid:5612]send kill singal to 5618
2014-06-03 09:44:50 [procName:][pid:5612]send kill singal to 5619
2014-06-03 09:44:50 [procName:][pid:5612]send kill singal to 5620
2014-06-03 09:44:50 [procName:][pid:5612]send kill singal to 5621
2014-06-03 09:44:50 [procName:][pid:5612]send kill singal to 5622
2014-06-03 09:44:50 [procName:][pid:5612]ProcTwo4 exited 
2014-06-03 09:44:50 [procName:][pid:5612]children  exited , parent catch it
2014-06-03 09:44:50 [procName:][pid:5612]Receive stop command
2014-06-03 09:44:50 [procName:][pid:5612]stop childrens
2014-06-03 09:44:50 [procName:][pid:5612]send kill singal to 5613
2014-06-03 09:44:50 [procName:][pid:5612]send kill singal to 5614
2014-06-03 09:44:50 [procName:][pid:5612]send kill singal to 5619
2014-06-03 09:44:50 [procName:][pid:5612]send kill singal to 5620
2014-06-03 09:44:50 [procName:][pid:5612]send kill singal to 5621
2014-06-03 09:44:50 [procName:][pid:5612]send kill singal to 5622
2014-06-03 09:44:50 [procName:][pid:5612]ProcOne1 exited 
2014-06-03 09:44:50 [procName:][pid:5612]children  exited , parent catch it
2014-06-03 09:44:50 [procName:][pid:5612]Receive stop command
2014-06-03 09:44:50 [procName:][pid:5612]stop childrens
2014-06-03 09:44:50 [procName:][pid:5612]send kill singal to 5614
2014-06-03 09:44:50 [procName:][pid:5612]send kill singal to 5619
2014-06-03 09:44:50 [procName:][pid:5612]send kill singal to 5620
2014-06-03 09:44:50 [procName:][pid:5612]send kill singal to 5621
2014-06-03 09:44:50 [procName:][pid:5612]send kill singal to 5622
2014-06-03 09:44:50 [procName:][pid:5612]ProcOne2 exited 
2014-06-03 09:44:50 [procName:][pid:5612]children  exited , parent catch it
2014-06-03 09:44:50 [procName:][pid:5612]Receive stop command
2014-06-03 09:44:50 [procName:][pid:5612]stop childrens
2014-06-03 09:44:50 [procName:][pid:5612]send kill singal to 5619
2014-06-03 09:44:50 [procName:][pid:5612]send kill singal to 5620
2014-06-03 09:44:50 [procName:][pid:5612]send kill singal to 5621
2014-06-03 09:44:50 [procName:][pid:5612]send kill singal to 5622
2014-06-03 09:44:50 [procName:][pid:5612]Baidu1 exited 
2014-06-03 09:44:50 [procName:][pid:5612]children  exited , parent catch it
2014-06-03 09:44:51 [procName:][pid:5612]Receive stop command
2014-06-03 09:44:51 [procName:][pid:5612]stop childrens
2014-06-03 09:44:51 [procName:][pid:5612]send kill singal to 5620
2014-06-03 09:44:51 [procName:][pid:5612]send kill singal to 5621
2014-06-03 09:44:51 [procName:][pid:5612]send kill singal to 5622
2014-06-03 09:44:51 [procName:][pid:5612]Baidu2 exited 
2014-06-03 09:44:51 [procName:][pid:5612]children  exited , parent catch it
2014-06-03 09:44:51 [procName:][pid:5612]Receive stop command
2014-06-03 09:44:51 [procName:][pid:5612]stop childrens
2014-06-03 09:44:51 [procName:][pid:5612]send kill singal to 5621
2014-06-03 09:44:51 [procName:][pid:5612]send kill singal to 5622
2014-06-03 09:44:51 [procName:][pid:5612]Sougou1 exited 
2014-06-03 09:44:51 [procName:][pid:5612]children  exited , parent catch it
2014-06-03 09:44:51 [procName:][pid:5612]Receive stop command
2014-06-03 09:44:51 [procName:][pid:5612]stop childrens
2014-06-03 09:44:51 [procName:][pid:5612]send kill singal to 5622
2014-06-03 09:44:51 [procName:][pid:5612]Sougou2 exited 
2014-06-03 09:44:51 [procName:][pid:5612]children  exited , parent catch it
2014-06-03 09:44:52 [procName:][pid:5612]Receive stop command
2014-06-03 09:44:52 [procName:][pid:5612]stop childrens
2014-06-03 09:44:52 [procName:][pid:5612]Master proc exited
2014-06-03 09:46:09 [procName:][pid:7750]daemon proccess start, parent cli proccess exited
2014-06-03 09:46:09 [procName:][pid:7751]Daemon Master proccess started
2014-06-03 09:46:09 [procName:][pid:7751]fork ProcOne 1 successfully, pid is 7752
2014-06-03 09:46:09 [procName:][pid:7751]fork ProcOne 2 successfully, pid is 7753
2014-06-03 09:46:09 [procName:proc1name][pid:7752]1
2014-06-03 09:46:09 [procName:][pid:7751]fork ProcTwo 1 successfully, pid is 7754
2014-06-03 09:46:09 [procName:proc1name][pid:7753]1
2014-06-03 09:46:09 [procName:][pid:7751]fork ProcTwo 2 successfully, pid is 7755
2014-06-03 09:46:09 [procName:proc2name][pid:7754]2
2014-06-03 09:46:09 [procName:proc2name][pid:7754]proc proc2name exited.
2014-06-03 09:46:09 [procName:][pid:7751]fork ProcTwo 3 successfully, pid is 7756
2014-06-03 09:46:09 [procName:proc2name][pid:7755]2
2014-06-03 09:46:09 [procName:proc2name][pid:7755]proc proc2name exited.
2014-06-03 09:46:09 [procName:][pid:7751]fork ProcTwo 4 successfully, pid is 7757
2014-06-03 09:46:09 [procName:proc2name][pid:7756]2
2014-06-03 09:46:09 [procName:proc2name][pid:7756]proc proc2name exited.
2014-06-03 09:46:09 [procName:][pid:7751]fork Baidu 1 successfully, pid is 7758
2014-06-03 09:46:09 [procName:proc2name][pid:7757]2
2014-06-03 09:46:09 [procName:proc2name][pid:7757]proc proc2name exited.
2014-06-03 09:46:09 [procName:][pid:7751]fork Baidu 2 successfully, pid is 7759
2014-06-03 09:46:09 [procName:][pid:7758]test .....
2014-06-03 09:46:09 [procName:][pid:7759]test .....
2014-06-03 09:46:09 [procName:][pid:7751]fork Sougou 1 successfully, pid is 7760
2014-06-03 09:46:09 [procName:][pid:7751]fork Sougou 2 successfully, pid is 7761
2014-06-03 09:46:09 [procName:][pid:7760]so gooo..
2014-06-03 09:46:09 [procName:][pid:7761]so gooo..
2014-06-03 09:46:10 [procName:proc1name][pid:7752]2
2014-06-03 09:46:10 [procName:proc1name][pid:7753]2
2014-06-03 09:46:10 [procName:][pid:7758]test .....
2014-06-03 09:46:10 [procName:][pid:7759]test .....
2014-06-03 09:46:10 [procName:][pid:7760]so gooo..
2014-06-03 09:46:10 [procName:][pid:7751]ProcTwo1 exited 
2014-06-03 09:46:10 [procName:][pid:7751]children  exited , parent catch it
2014-06-03 09:46:10 [procName:][pid:7761]so gooo..
2014-06-03 09:46:11 [procName:proc1name][pid:7752]3
2014-06-03 09:46:11 [procName:proc1name][pid:7753]3
2014-06-03 09:46:11 [procName:][pid:7758]test .....
2014-06-03 09:46:11 [procName:][pid:7759]test .....
2014-06-03 09:46:11 [procName:][pid:7760]so gooo..
2014-06-03 09:46:11 [procName:][pid:7751]ProcTwo2 exited 
2014-06-03 09:46:11 [procName:][pid:7751]children  exited , parent catch it
2014-06-03 09:46:11 [procName:][pid:7761]so gooo..
2014-06-03 09:46:12 [procName:proc1name][pid:7752]4
2014-06-03 09:46:12 [procName:proc1name][pid:7753]4
2014-06-03 09:46:12 [procName:][pid:7758]test .....
2014-06-03 09:46:12 [procName:][pid:7759]test .....
2014-06-03 09:46:12 [procName:][pid:7760]so gooo..
2014-06-03 09:46:12 [procName:][pid:7751]ProcTwo3 exited 
2014-06-03 09:46:12 [procName:][pid:7751]children  exited , parent catch it
2014-06-03 09:46:12 [procName:][pid:7761]so gooo..
2014-06-03 09:46:13 [procName:proc1name][pid:7752]5
2014-06-03 09:46:13 [procName:proc1name][pid:7753]5
2014-06-03 09:46:13 [procName:][pid:7758]test .....
2014-06-03 09:46:13 [procName:][pid:7759]test .....
2014-06-03 09:46:13 [procName:][pid:7760]so gooo..
2014-06-03 09:46:13 [procName:][pid:7761]so gooo..
2014-06-03 09:46:13 [procName:][pid:7751]ProcTwo4 exited 
2014-06-03 09:46:13 [procName:][pid:7751]children  exited , parent catch it
2014-06-03 09:46:14 [procName:proc1name][pid:7752]6
2014-06-03 09:46:14 [procName:proc1name][pid:7753]6
2014-06-03 09:46:14 [procName:][pid:7758]test .....
2014-06-03 09:46:14 [procName:][pid:7759]test .....
2014-06-03 09:46:14 [procName:][pid:7760]so gooo..
2014-06-03 09:46:14 [procName:][pid:7761]so gooo..
2014-06-03 09:46:15 [procName:proc1name][pid:7752]7
2014-06-03 09:46:15 [procName:proc1name][pid:7753]7
2014-06-03 09:46:15 [procName:][pid:7758]test .....
2014-06-03 09:46:15 [procName:][pid:7759]test .....
2014-06-03 09:46:15 [procName:][pid:7760]so gooo..
2014-06-03 09:46:15 [procName:][pid:7761]so gooo..
2014-06-03 09:46:16 [procName:][pid:7751]Receive stop command
2014-06-03 09:46:16 [procName:][pid:7875]Master proccess 7751 successfully
2014-06-03 09:46:16 [procName:][pid:7751]stop childrens
2014-06-03 09:46:16 [procName:][pid:7751]send kill singal to 7752
2014-06-03 09:46:16 [procName:proc1name][pid:7752]proc proc1name exited.
2014-06-03 09:46:16 [procName:][pid:7751]send kill singal to 7753
2014-06-03 09:46:16 [procName:][pid:7751]send kill singal to 7758
2014-06-03 09:46:16 [procName:proc1name][pid:7753]proc proc1name exited.
2014-06-03 09:46:16 [procName:][pid:7751]send kill singal to 7759
2014-06-03 09:46:16 [procName:][pid:7758]proc  exited.
2014-06-03 09:46:16 [procName:][pid:7759]proc  exited.
2014-06-03 09:46:16 [procName:][pid:7751]send kill singal to 7760
2014-06-03 09:46:16 [procName:][pid:7751]send kill singal to 7761
2014-06-03 09:46:16 [procName:][pid:7760]proc  exited.
2014-06-03 09:46:16 [procName:][pid:7761]proc  exited.
2014-06-03 09:46:17 [procName:][pid:7751]ProcOne1 exited 
2014-06-03 09:46:17 [procName:][pid:7751]children  exited , parent catch it
2014-06-03 09:46:18 [procName:][pid:7751]ProcOne2 exited 
2014-06-03 09:46:18 [procName:][pid:7751]children  exited , parent catch it
2014-06-03 09:46:19 [procName:][pid:7751]Baidu1 exited 
2014-06-03 09:46:19 [procName:][pid:7751]children  exited , parent catch it
2014-06-03 09:46:20 [procName:][pid:7751]Baidu2 exited 
2014-06-03 09:46:20 [procName:][pid:7751]children  exited , parent catch it
2014-06-03 09:46:21 [procName:][pid:7751]Sougou1 exited 
2014-06-03 09:46:21 [procName:][pid:7751]children  exited , parent catch it
2014-06-03 09:46:22 [procName:][pid:7751]Sougou2 exited 
2014-06-03 09:46:22 [procName:][pid:7751]children  exited , parent catch it
2014-06-03 09:46:23 [procName:][pid:7751]Master proc exited
2014-06-03 13:50:40 [procName:][pid:20034]daemon proccess start, parent cli proccess exited
2014-06-03 13:50:40 [procName:][pid:20035]Daemon Master proccess started
2014-06-03 13:50:40 [procName:][pid:20035]fork ProcOne 1 successfully, pid is 20036
2014-06-03 13:50:40 [procName:][pid:20035]fork ProcOne 2 successfully, pid is 20037
2014-06-03 13:50:40 [procName:proc1name][pid:20036]1
2014-06-03 13:50:40 [procName:][pid:20035]fork ProcTwo 1 successfully, pid is 20038
2014-06-03 13:50:40 [procName:proc1name][pid:20037]1
2014-06-03 13:50:40 [procName:][pid:20035]fork ProcTwo 2 successfully, pid is 20039
2014-06-03 13:50:40 [procName:proc2name][pid:20038]2
2014-06-03 13:50:40 [procName:proc2name][pid:20038]proc proc2name exited.
2014-06-03 13:50:40 [procName:][pid:20035]fork ProcTwo 3 successfully, pid is 20040
2014-06-03 13:50:40 [procName:proc2name][pid:20039]2
2014-06-03 13:50:40 [procName:proc2name][pid:20039]proc proc2name exited.
2014-06-03 13:50:40 [procName:][pid:20035]fork ProcTwo 4 successfully, pid is 20041
2014-06-03 13:50:40 [procName:proc2name][pid:20040]2
2014-06-03 13:50:40 [procName:proc2name][pid:20040]proc proc2name exited.
2014-06-03 13:50:40 [procName:][pid:20035]fork Baidu 1 successfully, pid is 20042
2014-06-03 13:50:40 [procName:proc2name][pid:20041]2
2014-06-03 13:50:40 [procName:proc2name][pid:20041]proc proc2name exited.
2014-06-03 13:50:40 [procName:][pid:20042]test .....
2014-06-03 13:50:40 [procName:][pid:20035]fork Baidu 2 successfully, pid is 20043
2014-06-03 13:50:40 [procName:][pid:20043]test .....
2014-06-03 13:50:40 [procName:][pid:20035]fork Sougou 1 successfully, pid is 20044
2014-06-03 13:50:40 [procName:][pid:20035]fork Sougou 2 successfully, pid is 20045
2014-06-03 13:50:40 [procName:][pid:20044]so gooo..
2014-06-03 13:50:40 [procName:][pid:20045]so gooo..
2014-06-03 13:50:40 [procName:][pid:20035]ProcTwo1 exited 
2014-06-03 13:50:40 [procName:][pid:20035]children  exited , parent catch it
2014-06-03 13:50:41 [procName:proc1name][pid:20036]2
2014-06-03 13:50:41 [procName:proc1name][pid:20037]2
2014-06-03 13:50:41 [procName:][pid:20042]test .....
2014-06-03 13:50:41 [procName:][pid:20043]test .....
2014-06-03 13:50:41 [procName:][pid:20044]so gooo..
2014-06-03 13:50:41 [procName:][pid:20045]so gooo..
2014-06-03 13:50:41 [procName:][pid:20035]ProcTwo2 exited 
2014-06-03 13:50:41 [procName:][pid:20035]children  exited , parent catch it
2014-06-03 13:50:42 [procName:proc1name][pid:20036]3
2014-06-03 13:50:42 [procName:proc1name][pid:20037]3
2014-06-03 13:50:42 [procName:][pid:20042]test .....
2014-06-03 13:50:42 [procName:][pid:20043]test .....
2014-06-03 13:50:42 [procName:][pid:20044]so gooo..
2014-06-03 13:50:42 [procName:][pid:20045]so gooo..
2014-06-03 13:50:42 [procName:][pid:20035]ProcTwo3 exited 
2014-06-03 13:50:42 [procName:][pid:20035]children  exited , parent catch it
2014-06-03 13:50:43 [procName:proc1name][pid:20036]4
2014-06-03 13:50:43 [procName:proc1name][pid:20037]4
2014-06-03 13:50:43 [procName:][pid:20042]test .....
2014-06-03 13:50:43 [procName:][pid:20043]test .....
2014-06-03 13:50:43 [procName:][pid:20044]so gooo..
2014-06-03 13:50:43 [procName:][pid:20045]so gooo..
2014-06-03 13:50:43 [procName:][pid:20035]ProcTwo4 exited 
2014-06-03 13:50:43 [procName:][pid:20035]children  exited , parent catch it
2014-06-03 13:50:44 [procName:][pid:20035]Receive stop command
2014-06-03 13:50:44 [procName:][pid:20068]Master proccess 20035 successfully
2014-06-03 13:50:44 [procName:][pid:20035]stop childrens
2014-06-03 13:50:44 [procName:][pid:20035]send kill singal to 20036
2014-06-03 13:50:44 [procName:][pid:20035]send kill singal to 20037
2014-06-03 13:50:44 [procName:proc1name][pid:20036]proc proc1name exited.
2014-06-03 13:50:44 [procName:][pid:20035]send kill singal to 20042
2014-06-03 13:50:44 [procName:proc1name][pid:20037]proc proc1name exited.
2014-06-03 13:50:44 [procName:][pid:20035]send kill singal to 20043
2014-06-03 13:50:44 [procName:][pid:20042]proc  exited.
2014-06-03 13:50:44 [procName:][pid:20035]send kill singal to 20044
2014-06-03 13:50:44 [procName:][pid:20043]proc  exited.
2014-06-03 13:50:44 [procName:][pid:20035]send kill singal to 20045
2014-06-03 13:50:44 [procName:][pid:20044]proc  exited.
2014-06-03 13:50:44 [procName:][pid:20045]proc  exited.
2014-06-03 13:50:45 [procName:][pid:20035]ProcOne1 exited 
2014-06-03 13:50:45 [procName:][pid:20035]children  exited , parent catch it
2014-06-03 13:50:46 [procName:][pid:20035]ProcOne2 exited 
2014-06-03 13:50:46 [procName:][pid:20035]children  exited , parent catch it
2014-06-03 13:50:47 [procName:][pid:20035]Baidu1 exited 
2014-06-03 13:50:47 [procName:][pid:20035]children  exited , parent catch it
2014-06-03 13:50:48 [procName:][pid:20035]Baidu2 exited 
2014-06-03 13:50:48 [procName:][pid:20035]children  exited , parent catch it
2014-06-03 13:50:49 [procName:][pid:20035]Sougou1 exited 
2014-06-03 13:50:49 [procName:][pid:20035]children  exited , parent catch it
2014-06-03 13:50:50 [procName:][pid:20035]Sougou2 exited 
2014-06-03 13:50:50 [procName:][pid:20035]children  exited , parent catch it
2014-06-03 13:50:51 [procName:][pid:20035]Master proc exited
2014-06-03 13:51:05 [procName:][pid:20723]fork ProcOne 1 successfully, pid is 20724
2014-06-03 13:51:05 [procName:][pid:20723]fork ProcOne 2 successfully, pid is 20725
2014-06-03 13:51:05 [procName:proc1name][pid:20724]1
2014-06-03 13:51:05 [procName:][pid:20723]fork ProcTwo 1 successfully, pid is 20726
2014-06-03 13:51:05 [procName:proc1name][pid:20725]1
2014-06-03 13:51:05 [procName:][pid:20723]fork ProcTwo 2 successfully, pid is 20727
2014-06-03 13:51:05 [procName:proc2name][pid:20726]2
2014-06-03 13:51:05 [procName:proc2name][pid:20726]proc proc2name exited.
2014-06-03 13:51:05 [procName:][pid:20723]fork ProcTwo 3 successfully, pid is 20728
2014-06-03 13:51:05 [procName:proc2name][pid:20727]2
2014-06-03 13:51:05 [procName:proc2name][pid:20727]proc proc2name exited.
2014-06-03 13:51:05 [procName:][pid:20723]fork ProcTwo 4 successfully, pid is 20729
2014-06-03 13:51:05 [procName:proc2name][pid:20728]2
2014-06-03 13:51:05 [procName:proc2name][pid:20728]proc proc2name exited.
2014-06-03 13:51:05 [procName:][pid:20723]fork Baidu 1 successfully, pid is 20730
2014-06-03 13:51:05 [procName:proc2name][pid:20729]2
2014-06-03 13:51:05 [procName:proc2name][pid:20729]proc proc2name exited.
2014-06-03 13:51:05 [procName:][pid:20730]test .....
2014-06-03 13:51:05 [procName:][pid:20723]fork Baidu 2 successfully, pid is 20731
2014-06-03 13:51:05 [procName:][pid:20723]fork Sougou 1 successfully, pid is 20732
2014-06-03 13:51:05 [procName:][pid:20731]test .....
2014-06-03 13:51:05 [procName:][pid:20732]so gooo..
2014-06-03 13:51:05 [procName:][pid:20723]fork Sougou 2 successfully, pid is 20733
2014-06-03 13:51:05 [procName:][pid:20733]so gooo..
2014-06-03 13:51:06 [procName:proc1name][pid:20724]2
2014-06-03 13:51:06 [procName:proc1name][pid:20725]2
2014-06-03 13:51:06 [procName:][pid:20730]test .....
2014-06-03 13:51:06 [procName:][pid:20731]test .....
2014-06-03 13:51:06 [procName:][pid:20732]so gooo..
2014-06-03 13:51:06 [procName:][pid:20723]ProcTwo1 exited 
2014-06-03 13:51:06 [procName:][pid:20723]children  exited , parent catch it
2014-06-03 13:51:06 [procName:][pid:20733]so gooo..
2014-06-03 13:51:07 [procName:proc1name][pid:20724]3
2014-06-03 13:51:07 [procName:proc1name][pid:20725]3
2014-06-03 13:51:07 [procName:][pid:20730]test .....
2014-06-03 13:51:07 [procName:][pid:20731]test .....
2014-06-03 13:51:07 [procName:][pid:20732]so gooo..
2014-06-03 13:51:07 [procName:][pid:20723]ProcTwo2 exited 
2014-06-03 13:51:07 [procName:][pid:20723]children  exited , parent catch it
2014-06-03 13:51:07 [procName:][pid:20733]so gooo..
2014-06-03 13:51:08 [procName:proc1name][pid:20724]4
2014-06-03 13:51:08 [procName:proc1name][pid:20725]4
2014-06-03 13:51:08 [procName:][pid:20730]test .....
2014-06-03 13:51:08 [procName:][pid:20731]test .....
2014-06-03 13:51:08 [procName:][pid:20732]so gooo..
2014-06-03 13:51:08 [procName:][pid:20723]ProcTwo3 exited 
2014-06-03 13:51:08 [procName:][pid:20723]children  exited , parent catch it
2014-06-03 13:51:08 [procName:][pid:20733]so gooo..
2014-06-03 13:51:09 [procName:proc1name][pid:20724]5
2014-06-03 13:51:09 [procName:proc1name][pid:20725]5
2014-06-03 13:51:09 [procName:][pid:20730]test .....
2014-06-03 13:51:09 [procName:][pid:20731]test .....
2014-06-03 13:51:09 [procName:][pid:20732]so gooo..
2014-06-03 13:51:09 [procName:][pid:20723]ProcTwo4 exited 
2014-06-03 13:51:09 [procName:][pid:20733]so gooo..
2014-06-03 13:51:09 [procName:][pid:20723]children  exited , parent catch it
2014-06-03 13:51:10 [procName:proc1name][pid:20724]6
2014-06-03 13:51:10 [procName:proc1name][pid:20725]6
2014-06-03 13:51:10 [procName:][pid:20730]test .....
2014-06-03 13:51:10 [procName:][pid:20731]test .....
2014-06-03 13:51:10 [procName:][pid:20732]so gooo..
2014-06-03 13:51:10 [procName:][pid:20733]so gooo..
2014-06-03 13:51:11 [procName:proc1name][pid:20724]7
2014-06-03 13:51:11 [procName:proc1name][pid:20725]7
2014-06-03 13:51:11 [procName:][pid:20730]test .....
2014-06-03 13:51:11 [procName:][pid:20731]test .....
2014-06-03 13:51:11 [procName:][pid:20732]so gooo..
2014-06-03 13:51:11 [procName:][pid:20733]so gooo..
2014-06-03 13:51:11 [procName:proc1name][pid:20724]proc proc1name exited.
2014-06-03 13:51:11 [procName:][pid:20733]proc  exited.
2014-06-03 13:51:11 [procName:][pid:20731]proc  exited.
2014-06-03 13:51:11 [procName:][pid:20730]proc  exited.
2014-06-03 13:51:11 [procName:][pid:20723]Receive stop command
2014-06-03 13:51:11 [procName:][pid:20732]proc  exited.
2014-06-03 13:51:11 [procName:proc1name][pid:20725]proc proc1name exited.
2014-06-03 13:51:11 [procName:][pid:20723]stop childrens
2014-06-03 13:51:11 [procName:][pid:20723]send kill singal to 20724
2014-06-03 13:51:11 [procName:][pid:20723]send kill singal to 20725
2014-06-03 13:51:11 [procName:][pid:20723]send kill singal to 20730
2014-06-03 13:51:11 [procName:][pid:20723]send kill singal to 20731
2014-06-03 13:51:11 [procName:][pid:20723]send kill singal to 20732
2014-06-03 13:51:11 [procName:][pid:20723]send kill singal to 20733
2014-06-03 13:51:11 [procName:][pid:20723]Receive stop command
2014-06-03 13:51:11 [procName:][pid:20723]stop childrens
2014-06-03 13:51:11 [procName:][pid:20723]send kill singal to 20724
2014-06-03 13:51:11 [procName:][pid:20723]send kill singal to 20725
2014-06-03 13:51:11 [procName:][pid:20723]send kill singal to 20730
2014-06-03 13:51:11 [procName:][pid:20723]send kill singal to 20731
2014-06-03 13:51:11 [procName:][pid:20723]send kill singal to 20732
2014-06-03 13:51:11 [procName:][pid:20723]send kill singal to 20733
2014-06-03 13:51:11 [procName:][pid:20723]ProcOne1 exited 
2014-06-03 13:51:11 [procName:][pid:20723]children  exited , parent catch it
2014-06-03 13:51:11 [procName:][pid:20723]Receive stop command
2014-06-03 13:51:11 [procName:][pid:20723]stop childrens
2014-06-03 13:51:11 [procName:][pid:20723]send kill singal to 20725
2014-06-03 13:51:11 [procName:][pid:20723]send kill singal to 20730
2014-06-03 13:51:11 [procName:][pid:20723]send kill singal to 20731
2014-06-03 13:51:11 [procName:][pid:20723]send kill singal to 20732
2014-06-03 13:51:11 [procName:][pid:20723]send kill singal to 20733
2014-06-03 13:51:11 [procName:][pid:20723]ProcOne2 exited 
2014-06-03 13:51:11 [procName:][pid:20723]children  exited , parent catch it
2014-06-03 13:51:11 [procName:][pid:20723]Receive stop command
2014-06-03 13:51:11 [procName:][pid:20723]stop childrens
2014-06-03 13:51:11 [procName:][pid:20723]send kill singal to 20730
2014-06-03 13:51:11 [procName:][pid:20723]send kill singal to 20731
2014-06-03 13:51:11 [procName:][pid:20723]send kill singal to 20732
2014-06-03 13:51:11 [procName:][pid:20723]send kill singal to 20733
2014-06-03 13:51:11 [procName:][pid:20723]Baidu1 exited 
2014-06-03 13:51:11 [procName:][pid:20723]children  exited , parent catch it
2014-06-03 13:51:12 [procName:][pid:20723]Baidu2 exited 
2014-06-03 13:51:12 [procName:][pid:20723]children  exited , parent catch it
2014-06-03 13:51:13 [procName:][pid:20723]Sougou1 exited 
2014-06-03 13:51:13 [procName:][pid:20723]children  exited , parent catch it
2014-06-03 13:51:14 [procName:][pid:20723]Sougou2 exited 
2014-06-03 13:51:14 [procName:][pid:20723]children  exited , parent catch it
2014-06-03 13:51:15 [procName:][pid:20723]Master proc exited
2014-06-03 13:51:59 [procName:][pid:22359]fork ProcOne 1 successfully, pid is 22360
2014-06-03 13:51:59 [procName:][pid:22359]fork ProcOne 2 successfully, pid is 22361
2014-06-03 13:51:59 [procName:][pid:22359]fork ProcTwo 1 successfully, pid is 22362
2014-06-03 13:51:59 [procName:proc1name][pid:22360]1
2014-06-03 13:51:59 [procName:proc1name][pid:22361]1
2014-06-03 13:51:59 [procName:][pid:22359]fork ProcTwo 2 successfully, pid is 22363
2014-06-03 13:51:59 [procName:proc2name][pid:22362]2
2014-06-03 13:51:59 [procName:proc2name][pid:22362]proc proc2name exited.
2014-06-03 13:51:59 [procName:][pid:22359]fork ProcTwo 3 successfully, pid is 22364
2014-06-03 13:51:59 [procName:proc2name][pid:22363]2
2014-06-03 13:51:59 [procName:proc2name][pid:22363]proc proc2name exited.
2014-06-03 13:51:59 [procName:][pid:22359]fork ProcTwo 4 successfully, pid is 22365
2014-06-03 13:51:59 [procName:proc2name][pid:22364]2
2014-06-03 13:51:59 [procName:proc2name][pid:22364]proc proc2name exited.
2014-06-03 13:51:59 [procName:][pid:22359]fork Baidu 1 successfully, pid is 22366
2014-06-03 13:51:59 [procName:proc2name][pid:22365]2
2014-06-03 13:51:59 [procName:proc2name][pid:22365]proc proc2name exited.
2014-06-03 13:51:59 [procName:][pid:22359]fork Baidu 2 successfully, pid is 22367
2014-06-03 13:51:59 [procName:][pid:22366]test .....
2014-06-03 13:51:59 [procName:][pid:22359]fork Sougou 1 successfully, pid is 22368
2014-06-03 13:51:59 [procName:][pid:22367]test .....
2014-06-03 13:51:59 [procName:][pid:22359]fork Sougou 2 successfully, pid is 22369
2014-06-03 13:51:59 [procName:][pid:22368]so gooo..
2014-06-03 13:51:59 [procName:][pid:22369]so gooo..
2014-06-03 13:52:00 [procName:proc1name][pid:22360]2
2014-06-03 13:52:00 [procName:proc1name][pid:22361]2
2014-06-03 13:52:00 [procName:][pid:22366]test .....
2014-06-03 13:52:00 [procName:][pid:22367]test .....
2014-06-03 13:52:00 [procName:][pid:22359]ProcTwo1 exited 
2014-06-03 13:52:00 [procName:][pid:22368]so gooo..
2014-06-03 13:52:00 [procName:][pid:22359]children  exited , parent catch it
2014-06-03 13:52:00 [procName:][pid:22369]so gooo..
2014-06-03 13:52:01 [procName:proc1name][pid:22360]3
2014-06-03 13:52:01 [procName:proc1name][pid:22361]3
2014-06-03 13:52:01 [procName:][pid:22366]test .....
2014-06-03 13:52:01 [procName:][pid:22367]test .....
2014-06-03 13:52:01 [procName:][pid:22368]so gooo..
2014-06-03 13:52:01 [procName:][pid:22359]ProcTwo2 exited 
2014-06-03 13:52:01 [procName:][pid:22359]children  exited , parent catch it
2014-06-03 13:52:01 [procName:][pid:22369]so gooo..
2014-06-03 13:52:02 [procName:proc1name][pid:22360]4
2014-06-03 13:52:02 [procName:proc1name][pid:22361]4
2014-06-03 13:52:02 [procName:][pid:22366]test .....
2014-06-03 13:52:02 [procName:][pid:22367]test .....
2014-06-03 13:52:02 [procName:][pid:22368]so gooo..
2014-06-03 13:52:02 [procName:][pid:22359]ProcTwo3 exited 
2014-06-03 13:52:02 [procName:][pid:22359]children  exited , parent catch it
2014-06-03 13:52:02 [procName:][pid:22369]so gooo..
2014-06-03 13:52:03 [procName:][pid:22369]proc  exited.
2014-06-03 13:52:03 [procName:][pid:22367]proc  exited.
2014-06-03 13:52:03 [procName:proc1name][pid:22360]proc proc1name exited.
2014-06-03 13:52:03 [procName:][pid:22366]proc  exited.
2014-06-03 13:52:03 [procName:proc1name][pid:22361]proc proc1name exited.
2014-06-03 13:52:03 [procName:][pid:22368]proc  exited.
2014-06-03 13:52:03 [procName:][pid:22359]Receive stop command
2014-06-03 13:52:03 [procName:][pid:22359]stop childrens
2014-06-03 13:52:03 [procName:][pid:22359]send kill singal to 22360
2014-06-03 13:52:03 [procName:][pid:22359]send kill singal to 22361
2014-06-03 13:52:03 [procName:][pid:22359]send kill singal to 22365
2014-06-03 13:52:03 [procName:][pid:22359]send kill singal to 22366
2014-06-03 13:52:03 [procName:][pid:22359]send kill singal to 22367
2014-06-03 13:52:03 [procName:][pid:22359]send kill singal to 22368
2014-06-03 13:52:03 [procName:][pid:22359]send kill singal to 22369
2014-06-03 13:52:03 [procName:][pid:22359]ProcTwo4 exited 
2014-06-03 13:52:03 [procName:][pid:22359]children  exited , parent catch it
2014-06-03 13:52:03 [procName:][pid:22359]Receive stop command
2014-06-03 13:52:03 [procName:][pid:22359]stop childrens
2014-06-03 13:52:03 [procName:][pid:22359]send kill singal to 22360
2014-06-03 13:52:03 [procName:][pid:22359]send kill singal to 22361
2014-06-03 13:52:03 [procName:][pid:22359]send kill singal to 22366
2014-06-03 13:52:03 [procName:][pid:22359]send kill singal to 22367
2014-06-03 13:52:03 [procName:][pid:22359]send kill singal to 22368
2014-06-03 13:52:03 [procName:][pid:22359]send kill singal to 22369
2014-06-03 13:52:03 [procName:][pid:22359]ProcOne1 exited 
2014-06-03 13:52:03 [procName:][pid:22359]children  exited , parent catch it
2014-06-03 13:52:03 [procName:][pid:22359]Receive stop command
2014-06-03 13:52:03 [procName:][pid:22359]stop childrens
2014-06-03 13:52:03 [procName:][pid:22359]send kill singal to 22361
2014-06-03 13:52:03 [procName:][pid:22359]send kill singal to 22366
2014-06-03 13:52:03 [procName:][pid:22359]send kill singal to 22367
2014-06-03 13:52:03 [procName:][pid:22359]send kill singal to 22368
2014-06-03 13:52:03 [procName:][pid:22359]send kill singal to 22369
2014-06-03 13:52:03 [procName:][pid:22359]ProcOne2 exited 
2014-06-03 13:52:03 [procName:][pid:22359]children  exited , parent catch it
2014-06-03 13:52:04 [procName:][pid:22359]Baidu1 exited 
2014-06-03 13:52:04 [procName:][pid:22359]children  exited , parent catch it
2014-06-03 13:52:05 [procName:][pid:22359]Baidu2 exited 
2014-06-03 13:52:05 [procName:][pid:22359]children  exited , parent catch it
2014-06-03 13:52:06 [procName:][pid:22359]Sougou1 exited 
2014-06-03 13:52:06 [procName:][pid:22359]children  exited , parent catch it
2014-06-03 13:52:07 [procName:][pid:22359]Sougou2 exited 
2014-06-03 13:52:07 [procName:][pid:22359]children  exited , parent catch it
2014-06-03 13:52:08 [procName:][pid:22359]Master proc exited
2014-06-03 14:39:09 [procName:][pid:29622]fork ProcOne 1 successfully, pid is 29623
2014-06-03 14:39:09 [procName:][pid:29622]fork ProcOne 2 successfully, pid is 29624
2014-06-03 14:39:09 [procName:][pid:29622]fork ProcTwo 1 successfully, pid is 29625
2014-06-03 14:39:09 [procName:proc1name][pid:29623]1
2014-06-03 14:39:09 [procName:proc1name][pid:29624]1
2014-06-03 14:39:09 [procName:][pid:29622]fork ProcTwo 2 successfully, pid is 29626
2014-06-03 14:39:09 [procName:proc2name][pid:29625]2
2014-06-03 14:39:09 [procName:proc2name][pid:29625]proc proc2name exited.
2014-06-03 14:39:09 [procName:][pid:29622]fork ProcTwo 3 successfully, pid is 29627
2014-06-03 14:39:09 [procName:proc2name][pid:29626]2
2014-06-03 14:39:09 [procName:proc2name][pid:29626]proc proc2name exited.
2014-06-03 14:39:09 [procName:][pid:29622]fork ProcTwo 4 successfully, pid is 29628
2014-06-03 14:39:09 [procName:proc2name][pid:29627]2
2014-06-03 14:39:09 [procName:proc2name][pid:29627]proc proc2name exited.
2014-06-03 14:39:09 [procName:][pid:29622]fork Baidu 1 successfully, pid is 29629
2014-06-03 14:39:09 [procName:proc2name][pid:29628]2
2014-06-03 14:39:09 [procName:proc2name][pid:29628]proc proc2name exited.
2014-06-03 14:39:09 [procName:][pid:29622]fork Baidu 2 successfully, pid is 29630
2014-06-03 14:39:09 [procName:][pid:29629]test .....
2014-06-03 14:39:09 [procName:][pid:29622]fork Sougou 1 successfully, pid is 29631
2014-06-03 14:39:09 [procName:][pid:29630]test .....
2014-06-03 14:39:09 [procName:][pid:29622]fork Sougou 2 successfully, pid is 29632
2014-06-03 14:39:09 [procName:][pid:29631]so gooo..
2014-06-03 14:39:09 [procName:][pid:29632]so gooo..
2014-06-03 14:39:10 [procName:proc1name][pid:29623]2
2014-06-03 14:39:10 [procName:proc1name][pid:29624]2
2014-06-03 14:39:10 [procName:][pid:29629]test .....
2014-06-03 14:39:10 [procName:][pid:29630]test .....
2014-06-03 14:39:10 [procName:][pid:29622]ProcTwo1 exited 
2014-06-03 14:39:10 [procName:][pid:29631]so gooo..
2014-06-03 14:39:10 [procName:][pid:29622]children  exited , parent catch it
2014-06-03 14:39:10 [procName:][pid:29632]so gooo..
2014-06-03 14:39:11 [procName:proc1name][pid:29623]3
2014-06-03 14:39:11 [procName:proc1name][pid:29624]3
2014-06-03 14:39:11 [procName:][pid:29629]test .....
2014-06-03 14:39:11 [procName:][pid:29630]test .....
2014-06-03 14:39:11 [procName:][pid:29631]so gooo..
2014-06-03 14:39:11 [procName:][pid:29622]ProcTwo2 exited 
2014-06-03 14:39:11 [procName:][pid:29622]children  exited , parent catch it
2014-06-03 14:39:11 [procName:][pid:29632]so gooo..
2014-06-03 14:39:12 [procName:proc1name][pid:29623]4
2014-06-03 14:39:12 [procName:proc1name][pid:29624]4
2014-06-03 14:39:12 [procName:][pid:29629]test .....
2014-06-03 14:39:12 [procName:][pid:29630]test .....
2014-06-03 14:39:12 [procName:][pid:29631]so gooo..
2014-06-03 14:39:12 [procName:][pid:29622]ProcTwo3 exited 
2014-06-03 14:39:12 [procName:][pid:29622]children  exited , parent catch it
2014-06-03 14:39:12 [procName:][pid:29632]so gooo..
2014-06-03 14:39:13 [procName:][pid:29629]proc  exited.
2014-06-03 14:39:13 [procName:][pid:29631]proc  exited.
2014-06-03 14:39:13 [procName:][pid:29622]Receive stop command
2014-06-03 14:39:13 [procName:proc1name][pid:29623]proc proc1name exited.
2014-06-03 14:39:13 [procName:][pid:29632]proc  exited.
2014-06-03 14:39:13 [procName:proc1name][pid:29624]proc proc1name exited.
2014-06-03 14:39:13 [procName:][pid:29630]proc  exited.
2014-06-03 14:39:13 [procName:][pid:29622]stop childrens
2014-06-03 14:39:13 [procName:][pid:29622]send kill singal to 29623
2014-06-03 14:39:13 [procName:][pid:29622]send kill singal to 29624
2014-06-03 14:39:13 [procName:][pid:29622]send kill singal to 29628
2014-06-03 14:39:13 [procName:][pid:29622]send kill singal to 29629
2014-06-03 14:39:13 [procName:][pid:29622]send kill singal to 29630
2014-06-03 14:39:13 [procName:][pid:29622]send kill singal to 29631
2014-06-03 14:39:13 [procName:][pid:29622]send kill singal to 29632
2014-06-03 14:39:13 [procName:][pid:29622]ProcTwo4 exited 
2014-06-03 14:39:13 [procName:][pid:29622]children  exited , parent catch it
2014-06-03 14:39:13 [procName:][pid:29622]Receive stop command
2014-06-03 14:39:13 [procName:][pid:29622]stop childrens
2014-06-03 14:39:13 [procName:][pid:29622]send kill singal to 29623
2014-06-03 14:39:13 [procName:][pid:29622]send kill singal to 29624
2014-06-03 14:39:13 [procName:][pid:29622]send kill singal to 29629
2014-06-03 14:39:13 [procName:][pid:29622]send kill singal to 29630
2014-06-03 14:39:13 [procName:][pid:29622]send kill singal to 29631
2014-06-03 14:39:13 [procName:][pid:29622]send kill singal to 29632
2014-06-03 14:39:13 [procName:][pid:29622]ProcOne1 exited 
2014-06-03 14:39:13 [procName:][pid:29622]children  exited , parent catch it
2014-06-03 14:39:13 [procName:][pid:29622]Receive stop command
2014-06-03 14:39:13 [procName:][pid:29622]stop childrens
2014-06-03 14:39:13 [procName:][pid:29622]send kill singal to 29624
2014-06-03 14:39:13 [procName:][pid:29622]send kill singal to 29629
2014-06-03 14:39:13 [procName:][pid:29622]send kill singal to 29630
2014-06-03 14:39:13 [procName:][pid:29622]send kill singal to 29631
2014-06-03 14:39:13 [procName:][pid:29622]send kill singal to 29632
2014-06-03 14:39:13 [procName:][pid:29622]ProcOne2 exited 
2014-06-03 14:39:13 [procName:][pid:29622]children  exited , parent catch it
2014-06-03 14:39:13 [procName:][pid:29622]Receive stop command
2014-06-03 14:39:13 [procName:][pid:29622]stop childrens
2014-06-03 14:39:13 [procName:][pid:29622]send kill singal to 29629
2014-06-03 14:39:13 [procName:][pid:29622]send kill singal to 29630
2014-06-03 14:39:13 [procName:][pid:29622]send kill singal to 29631
2014-06-03 14:39:13 [procName:][pid:29622]send kill singal to 29632
2014-06-03 14:39:13 [procName:][pid:29622]Baidu1 exited 
2014-06-03 14:39:13 [procName:][pid:29622]children  exited , parent catch it
2014-06-03 14:39:14 [procName:][pid:29622]Receive stop command
2014-06-03 14:39:14 [procName:][pid:29622]stop childrens
2014-06-03 14:39:14 [procName:][pid:29622]send kill singal to 29630
2014-06-03 14:39:14 [procName:][pid:29622]send kill singal to 29631
2014-06-03 14:39:14 [procName:][pid:29622]send kill singal to 29632
2014-06-03 14:39:14 [procName:][pid:29622]Baidu2 exited 
2014-06-03 14:39:14 [procName:][pid:29622]children  exited , parent catch it
2014-06-03 14:39:14 [procName:][pid:29622]Receive stop command
2014-06-03 14:39:14 [procName:][pid:29622]stop childrens
2014-06-03 14:39:14 [procName:][pid:29622]send kill singal to 29631
2014-06-03 14:39:14 [procName:][pid:29622]send kill singal to 29632
2014-06-03 14:39:14 [procName:][pid:29622]Sougou1 exited 
2014-06-03 14:39:14 [procName:][pid:29622]children  exited , parent catch it
2014-06-03 14:39:14 [procName:][pid:29622]Receive stop command
2014-06-03 14:39:14 [procName:][pid:29622]stop childrens
2014-06-03 14:39:14 [procName:][pid:29622]send kill singal to 29632
2014-06-03 14:39:14 [procName:][pid:29622]Sougou2 exited 
2014-06-03 14:39:14 [procName:][pid:29622]children  exited , parent catch it
2014-06-03 14:39:14 [procName:][pid:29622]Receive stop command
2014-06-03 14:39:14 [procName:][pid:29622]stop childrens
2014-06-03 14:39:14 [procName:][pid:29622]Master proc exited
2014-06-03 14:40:14 [procName:][pid:31066]daemon proccess start, parent cli proccess exited
2014-06-03 14:40:14 [procName:][pid:31067]Daemon Master proccess started
2014-06-03 14:40:14 [procName:][pid:31067]fork ProcOne 1 successfully, pid is 31068
2014-06-03 14:40:14 [procName:][pid:31067]fork ProcOne 2 successfully, pid is 31069
2014-06-03 14:40:14 [procName:proc1name][pid:31068]1
2014-06-03 14:40:14 [procName:][pid:31067]fork ProcTwo 1 successfully, pid is 31070
2014-06-03 14:40:14 [procName:proc1name][pid:31069]1
2014-06-03 14:40:14 [procName:][pid:31067]fork ProcTwo 2 successfully, pid is 31071
2014-06-03 14:40:14 [procName:proc2name][pid:31070]2
2014-06-03 14:40:14 [procName:proc2name][pid:31070]proc proc2name exited.
2014-06-03 14:40:14 [procName:][pid:31067]fork ProcTwo 3 successfully, pid is 31072
2014-06-03 14:40:14 [procName:proc2name][pid:31071]2
2014-06-03 14:40:14 [procName:proc2name][pid:31071]proc proc2name exited.
2014-06-03 14:40:14 [procName:][pid:31067]fork ProcTwo 4 successfully, pid is 31073
2014-06-03 14:40:14 [procName:proc2name][pid:31072]2
2014-06-03 14:40:14 [procName:proc2name][pid:31072]proc proc2name exited.
2014-06-03 14:40:14 [procName:][pid:31067]fork Baidu 1 successfully, pid is 31074
2014-06-03 14:40:14 [procName:proc2name][pid:31073]2
2014-06-03 14:40:14 [procName:proc2name][pid:31073]proc proc2name exited.
2014-06-03 14:40:14 [procName:][pid:31067]fork Baidu 2 successfully, pid is 31075
2014-06-03 14:40:14 [procName:][pid:31074]test .....
2014-06-03 14:40:14 [procName:][pid:31067]fork Sougou 1 successfully, pid is 31076
2014-06-03 14:40:14 [procName:][pid:31075]test .....
2014-06-03 14:40:14 [procName:][pid:31067]fork Sougou 2 successfully, pid is 31078
2014-06-03 14:40:14 [procName:][pid:31076]so gooo..
2014-06-03 14:40:14 [procName:][pid:31078]so gooo..
2014-06-03 14:40:15 [procName:proc1name][pid:31068]2
2014-06-03 14:40:15 [procName:proc1name][pid:31069]2
2014-06-03 14:40:15 [procName:][pid:31074]test .....
2014-06-03 14:40:15 [procName:][pid:31075]test .....
2014-06-03 14:40:15 [procName:][pid:31067]ProcTwo1 exited 
2014-06-03 14:40:15 [procName:][pid:31076]so gooo..
2014-06-03 14:40:15 [procName:][pid:31067]children  exited , parent catch it
2014-06-03 14:40:15 [procName:][pid:31078]so gooo..
2014-06-03 14:40:16 [procName:proc1name][pid:31068]3
2014-06-03 14:40:16 [procName:proc1name][pid:31069]3
2014-06-03 14:40:16 [procName:][pid:31074]test .....
2014-06-03 14:40:16 [procName:][pid:31075]test .....
2014-06-03 14:40:16 [procName:][pid:31076]so gooo..
2014-06-03 14:40:16 [procName:][pid:31067]ProcTwo2 exited 
2014-06-03 14:40:16 [procName:][pid:31067]children  exited , parent catch it
2014-06-03 14:40:16 [procName:][pid:31078]so gooo..
2014-06-03 14:40:17 [procName:proc1name][pid:31068]4
2014-06-03 14:40:17 [procName:proc1name][pid:31069]4
2014-06-03 14:40:17 [procName:][pid:31074]test .....
2014-06-03 14:40:17 [procName:][pid:31075]test .....
2014-06-03 14:40:17 [procName:][pid:31076]so gooo..
2014-06-03 14:40:17 [procName:][pid:31067]ProcTwo3 exited 
2014-06-03 14:40:17 [procName:][pid:31067]children  exited , parent catch it
2014-06-03 14:40:17 [procName:][pid:31078]so gooo..
2014-06-03 14:40:18 [procName:proc1name][pid:31068]5
2014-06-03 14:40:18 [procName:proc1name][pid:31069]5
2014-06-03 14:40:18 [procName:][pid:31074]test .....
2014-06-03 14:40:18 [procName:][pid:31075]test .....
2014-06-03 14:40:18 [procName:][pid:31076]so gooo..
2014-06-03 14:40:18 [procName:][pid:31078]so gooo..
2014-06-03 14:40:18 [procName:][pid:31067]ProcTwo4 exited 
2014-06-03 14:40:18 [procName:][pid:31067]children  exited , parent catch it
2014-06-03 14:40:19 [procName:proc1name][pid:31068]6
2014-06-03 14:40:19 [procName:proc1name][pid:31069]6
2014-06-03 14:40:19 [procName:][pid:31074]test .....
2014-06-03 14:40:19 [procName:][pid:31075]test .....
2014-06-03 14:40:19 [procName:][pid:31076]so gooo..
2014-06-03 14:40:19 [procName:][pid:31078]so gooo..
2014-06-03 14:40:20 [procName:proc1name][pid:31068]7
2014-06-03 14:40:20 [procName:proc1name][pid:31069]7
2014-06-03 14:40:20 [procName:][pid:31074]test .....
2014-06-03 14:40:20 [procName:][pid:31075]test .....
2014-06-03 14:40:20 [procName:][pid:31076]so gooo..
2014-06-03 14:40:20 [procName:][pid:31078]so gooo..
2014-06-03 14:40:21 [procName:proc1name][pid:31068]8
2014-06-03 14:40:21 [procName:proc1name][pid:31069]8
2014-06-03 14:40:21 [procName:][pid:31074]test .....
2014-06-03 14:40:21 [procName:][pid:31075]test .....
2014-06-03 14:40:21 [procName:][pid:31076]so gooo..
2014-06-03 14:40:21 [procName:][pid:31078]so gooo..
2014-06-03 14:40:22 [procName:proc1name][pid:31068]9
2014-06-03 14:40:22 [procName:proc1name][pid:31069]9
2014-06-03 14:40:22 [procName:][pid:31074]test .....
2014-06-03 14:40:22 [procName:][pid:31075]test .....
2014-06-03 14:40:22 [procName:][pid:31076]so gooo..
2014-06-03 14:40:22 [procName:][pid:31078]so gooo..
2014-06-03 14:40:23 [procName:proc1name][pid:31068]10
2014-06-03 14:40:23 [procName:proc1name][pid:31069]10
2014-06-03 14:40:23 [procName:][pid:31074]test .....
2014-06-03 14:40:23 [procName:][pid:31075]test .....
2014-06-03 14:40:23 [procName:][pid:31076]so gooo..
2014-06-03 14:40:23 [procName:][pid:31078]so gooo..
2014-06-03 14:40:24 [procName:proc1name][pid:31068]11
2014-06-03 14:40:24 [procName:proc1name][pid:31069]11
2014-06-03 14:40:24 [procName:][pid:31074]test .....
2014-06-03 14:40:24 [procName:][pid:31075]test .....
2014-06-03 14:40:24 [procName:][pid:31076]so gooo..
2014-06-03 14:40:24 [procName:][pid:31078]so gooo..
2014-06-03 14:40:25 [procName:proc1name][pid:31068]12
2014-06-03 14:40:25 [procName:proc1name][pid:31069]12
2014-06-03 14:40:25 [procName:][pid:31074]test .....
2014-06-03 14:40:25 [procName:][pid:31075]test .....
2014-06-03 14:40:25 [procName:][pid:31076]so gooo..
2014-06-03 14:40:25 [procName:][pid:31078]so gooo..
2014-06-03 14:40:26 [procName:proc1name][pid:31068]13
2014-06-03 14:40:26 [procName:proc1name][pid:31069]13
2014-06-03 14:40:26 [procName:][pid:31074]test .....
2014-06-03 14:40:26 [procName:][pid:31075]test .....
2014-06-03 14:40:26 [procName:][pid:31076]so gooo..
2014-06-03 14:40:26 [procName:][pid:31078]so gooo..
2014-06-03 14:40:27 [procName:proc1name][pid:31068]14
2014-06-03 14:40:27 [procName:proc1name][pid:31069]14
2014-06-03 14:40:27 [procName:][pid:31074]test .....
2014-06-03 14:40:27 [procName:][pid:31075]test .....
2014-06-03 14:40:27 [procName:][pid:31076]so gooo..
2014-06-03 14:40:27 [procName:][pid:31078]so gooo..
2014-06-03 14:40:28 [procName:][pid:31067]Receive stop command
2014-06-03 14:40:28 [procName:][pid:31309]Master proccess 31067 successfully
2014-06-03 14:40:28 [procName:][pid:31067]stop childrens
2014-06-03 14:40:28 [procName:][pid:31067]send kill singal to 31068
2014-06-03 14:40:28 [procName:][pid:31067]send kill singal to 31069
2014-06-03 14:40:28 [procName:proc1name][pid:31068]proc proc1name exited.
2014-06-03 14:40:28 [procName:][pid:31067]send kill singal to 31074
2014-06-03 14:40:28 [procName:proc1name][pid:31069]proc proc1name exited.
2014-06-03 14:40:28 [procName:][pid:31067]send kill singal to 31075
2014-06-03 14:40:28 [procName:][pid:31074]proc  exited.
2014-06-03 14:40:28 [procName:][pid:31067]send kill singal to 31076
2014-06-03 14:40:28 [procName:][pid:31075]proc  exited.
2014-06-03 14:40:28 [procName:][pid:31067]send kill singal to 31078
2014-06-03 14:40:28 [procName:][pid:31076]proc  exited.
2014-06-03 14:40:28 [procName:][pid:31078]proc  exited.
2014-06-03 14:40:29 [procName:][pid:31067]ProcOne1 exited 
2014-06-03 14:40:29 [procName:][pid:31067]children  exited , parent catch it
2014-06-03 14:40:30 [procName:][pid:31067]ProcOne2 exited 
2014-06-03 14:40:30 [procName:][pid:31067]children  exited , parent catch it
2014-06-03 14:40:31 [procName:][pid:31067]Baidu1 exited 
2014-06-03 14:40:31 [procName:][pid:31067]children  exited , parent catch it
2014-06-03 14:40:32 [procName:][pid:31067]Baidu2 exited 
2014-06-03 14:40:32 [procName:][pid:31067]children  exited , parent catch it
2014-06-03 14:40:33 [procName:][pid:31067]Sougou1 exited 
2014-06-03 14:40:33 [procName:][pid:31067]children  exited , parent catch it
2014-06-03 14:40:34 [procName:][pid:31067]Sougou2 exited 
2014-06-03 14:40:34 [procName:][pid:31067]children  exited , parent catch it
2014-06-03 14:40:35 [procName:][pid:31067]Master proc exited
2014-06-03 14:41:41 [procName:][pid:350]daemon proccess start, parent cli proccess exited
2014-06-03 14:41:41 [procName:][pid:351]Daemon Master proccess started
2014-06-03 14:41:41 [procName:][pid:351]fork ProcOne 1 successfully, pid is 352
2014-06-03 14:41:41 [procName:][pid:351]fork ProcOne 2 successfully, pid is 353
2014-06-03 14:41:41 [procName:proc1name][pid:352]1
2014-06-03 14:41:41 [procName:][pid:351]fork ProcTwo 1 successfully, pid is 354
2014-06-03 14:41:41 [procName:proc1name][pid:353]1
2014-06-03 14:41:41 [procName:][pid:351]fork ProcTwo 2 successfully, pid is 355
2014-06-03 14:41:41 [procName:proc2name][pid:354]2
2014-06-03 14:41:41 [procName:proc2name][pid:354]proc proc2name exited.
2014-06-03 14:41:41 [procName:][pid:351]fork ProcTwo 3 successfully, pid is 356
2014-06-03 14:41:41 [procName:proc2name][pid:355]2
2014-06-03 14:41:41 [procName:proc2name][pid:355]proc proc2name exited.
2014-06-03 14:41:41 [procName:][pid:351]fork ProcTwo 4 successfully, pid is 357
2014-06-03 14:41:41 [procName:proc2name][pid:356]2
2014-06-03 14:41:41 [procName:proc2name][pid:356]proc proc2name exited.
2014-06-03 14:41:41 [procName:][pid:351]fork Baidu 1 successfully, pid is 358
2014-06-03 14:41:41 [procName:proc2name][pid:357]2
2014-06-03 14:41:41 [procName:proc2name][pid:357]proc proc2name exited.
2014-06-03 14:41:41 [procName:][pid:351]fork Baidu 2 successfully, pid is 359
2014-06-03 14:41:41 [procName:][pid:358]test .....
2014-06-03 14:41:41 [procName:][pid:351]fork Sougou 1 successfully, pid is 360
2014-06-03 14:41:41 [procName:][pid:359]test .....
2014-06-03 14:41:41 [procName:][pid:351]fork Sougou 2 successfully, pid is 361
2014-06-03 14:41:41 [procName:][pid:360]so gooo..
2014-06-03 14:41:41 [procName:][pid:361]so gooo..
2014-06-03 14:41:42 [procName:proc1name][pid:352]2
2014-06-03 14:41:42 [procName:proc1name][pid:353]2
2014-06-03 14:41:42 [procName:][pid:358]test .....
2014-06-03 14:41:42 [procName:][pid:359]test .....
2014-06-03 14:41:42 [procName:][pid:351]ProcTwo1 exited 
2014-06-03 14:41:42 [procName:][pid:351]children  exited , parent catch it
2014-06-03 14:41:42 [procName:][pid:360]so gooo..
2014-06-03 14:41:42 [procName:][pid:361]so gooo..
2014-06-03 14:41:43 [procName:proc1name][pid:352]3
2014-06-03 14:41:43 [procName:proc1name][pid:353]3
2014-06-03 14:41:43 [procName:][pid:358]test .....
2014-06-03 14:41:43 [procName:][pid:359]test .....
2014-06-03 14:41:43 [procName:][pid:351]ProcTwo2 exited 
2014-06-03 14:41:43 [procName:][pid:360]so gooo..
2014-06-03 14:41:43 [procName:][pid:351]children  exited , parent catch it
2014-06-03 14:41:43 [procName:][pid:361]so gooo..
2014-06-03 14:41:44 [procName:proc1name][pid:352]4
2014-06-03 14:41:44 [procName:proc1name][pid:353]4
2014-06-03 14:41:44 [procName:][pid:358]test .....
2014-06-03 14:41:44 [procName:][pid:359]test .....
2014-06-03 14:41:44 [procName:][pid:360]so gooo..
2014-06-03 14:41:44 [procName:][pid:351]ProcTwo3 exited 
2014-06-03 14:41:44 [procName:][pid:351]children  exited , parent catch it
2014-06-03 14:41:44 [procName:][pid:361]so gooo..
2014-06-03 14:41:45 [procName:proc1name][pid:352]5
2014-06-03 14:41:45 [procName:proc1name][pid:353]5
2014-06-03 14:41:45 [procName:][pid:358]test .....
2014-06-03 14:41:45 [procName:][pid:359]test .....
2014-06-03 14:41:45 [procName:][pid:360]so gooo..
2014-06-03 14:41:45 [procName:][pid:351]ProcTwo4 exited 
2014-06-03 14:41:45 [procName:][pid:351]children  exited , parent catch it
2014-06-03 14:41:45 [procName:][pid:361]so gooo..
2014-06-03 14:41:46 [procName:proc1name][pid:352]6
2014-06-03 14:41:46 [procName:proc1name][pid:353]6
2014-06-03 14:41:46 [procName:][pid:358]test .....
2014-06-03 14:41:46 [procName:][pid:359]test .....
2014-06-03 14:41:46 [procName:][pid:360]so gooo..
2014-06-03 14:41:46 [procName:][pid:361]so gooo..
2014-06-03 14:41:47 [procName:proc1name][pid:352]7
2014-06-03 14:41:47 [procName:proc1name][pid:353]7
2014-06-03 14:41:47 [procName:][pid:358]test .....
2014-06-03 14:41:47 [procName:][pid:359]test .....
2014-06-03 14:41:47 [procName:][pid:360]so gooo..
2014-06-03 14:41:47 [procName:][pid:361]so gooo..
2014-06-03 14:41:48 [procName:proc1name][pid:352]8
2014-06-03 14:41:48 [procName:proc1name][pid:353]8
2014-06-03 14:41:48 [procName:][pid:358]test .....
2014-06-03 14:41:48 [procName:][pid:359]test .....
2014-06-03 14:41:48 [procName:][pid:360]so gooo..
2014-06-03 14:41:48 [procName:][pid:361]so gooo..
2014-06-03 14:41:49 [procName:proc1name][pid:352]9
2014-06-03 14:41:49 [procName:proc1name][pid:353]9
2014-06-03 14:41:49 [procName:][pid:358]test .....
2014-06-03 14:41:49 [procName:][pid:359]test .....
2014-06-03 14:41:49 [procName:][pid:360]so gooo..
2014-06-03 14:41:49 [procName:][pid:361]so gooo..
2014-06-03 14:41:50 [procName:proc1name][pid:352]10
2014-06-03 14:41:50 [procName:proc1name][pid:353]10
2014-06-03 14:41:50 [procName:][pid:358]test .....
2014-06-03 14:41:50 [procName:][pid:359]test .....
2014-06-03 14:41:50 [procName:][pid:360]so gooo..
2014-06-03 14:41:50 [procName:][pid:361]so gooo..
2014-06-03 14:41:51 [procName:][pid:351]Receive stop command
2014-06-03 14:41:51 [procName:][pid:571]Master proccess 351 successfully
2014-06-03 14:41:51 [procName:][pid:351]stop childrens
2014-06-03 14:41:51 [procName:][pid:351]send kill singal to 352
2014-06-03 14:41:51 [procName:][pid:351]send kill singal to 353
2014-06-03 14:41:51 [procName:proc1name][pid:352]proc proc1name exited.
2014-06-03 14:41:51 [procName:][pid:351]send kill singal to 358
2014-06-03 14:41:51 [procName:proc1name][pid:353]proc proc1name exited.
2014-06-03 14:41:51 [procName:][pid:351]send kill singal to 359
2014-06-03 14:41:51 [procName:][pid:358]proc  exited.
2014-06-03 14:41:51 [procName:][pid:351]send kill singal to 360
2014-06-03 14:41:51 [procName:][pid:359]proc  exited.
2014-06-03 14:41:51 [procName:][pid:360]proc  exited.
2014-06-03 14:41:51 [procName:][pid:351]send kill singal to 361
2014-06-03 14:41:51 [procName:][pid:361]proc  exited.
2014-06-03 14:41:52 [procName:][pid:351]ProcOne1 exited 
2014-06-03 14:41:52 [procName:][pid:351]children  exited , parent catch it
2014-06-03 14:41:53 [procName:][pid:351]ProcOne2 exited 
2014-06-03 14:41:53 [procName:][pid:351]children  exited , parent catch it
2014-06-03 14:41:54 [procName:][pid:351]Baidu1 exited 
2014-06-03 14:41:54 [procName:][pid:351]children  exited , parent catch it
2014-06-03 14:41:55 [procName:][pid:351]Baidu2 exited 
2014-06-03 14:41:55 [procName:][pid:351]children  exited , parent catch it
2014-06-03 14:41:56 [procName:][pid:351]Sougou1 exited 
2014-06-03 14:41:56 [procName:][pid:351]children  exited , parent catch it
2014-06-03 14:41:57 [procName:][pid:351]Sougou2 exited 
2014-06-03 14:41:57 [procName:][pid:351]children  exited , parent catch it
2014-06-03 14:41:58 [procName:][pid:351]Master proc exited
2014-06-03 14:45:41 [procName:][pid:7689]daemon proccess start, parent cli proccess exited
2014-06-03 14:45:41 [procName:][pid:7690]Daemon Master proccess started
2014-06-03 14:45:41 [procName:][pid:7690]fork ProcOne 1 successfully, pid is 7691
2014-06-03 14:45:41 [procName:][pid:7690]fork ProcOne 2 successfully, pid is 7692
2014-06-03 14:45:41 [procName:proc1name][pid:7691]1
2014-06-03 14:45:41 [procName:][pid:7690]fork ProcTwo 1 successfully, pid is 7693
2014-06-03 14:45:41 [procName:proc1name][pid:7692]1
2014-06-03 14:45:41 [procName:][pid:7690]fork ProcTwo 2 successfully, pid is 7694
2014-06-03 14:45:41 [procName:proc2name][pid:7693]2
2014-06-03 14:45:41 [procName:proc2name][pid:7693]proc proc2name exited.
2014-06-03 14:45:41 [procName:][pid:7690]fork ProcTwo 3 successfully, pid is 7695
2014-06-03 14:45:41 [procName:proc2name][pid:7694]2
2014-06-03 14:45:41 [procName:proc2name][pid:7694]proc proc2name exited.
2014-06-03 14:45:41 [procName:][pid:7690]fork ProcTwo 4 successfully, pid is 7696
2014-06-03 14:45:41 [procName:proc2name][pid:7695]2
2014-06-03 14:45:41 [procName:proc2name][pid:7695]proc proc2name exited.
2014-06-03 14:45:41 [procName:][pid:7690]fork Baidu 1 successfully, pid is 7697
2014-06-03 14:45:41 [procName:proc2name][pid:7696]2
2014-06-03 14:45:41 [procName:proc2name][pid:7696]proc proc2name exited.
2014-06-03 14:45:41 [procName:][pid:7690]fork Baidu 2 successfully, pid is 7698
2014-06-03 14:45:41 [procName:][pid:7697]test .....
2014-06-03 14:45:41 [procName:][pid:7690]fork Sougou 1 successfully, pid is 7699
2014-06-03 14:45:41 [procName:][pid:7698]test .....
2014-06-03 14:45:41 [procName:][pid:7699]so gooo..
2014-06-03 14:45:41 [procName:][pid:7690]fork Sougou 2 successfully, pid is 7700
2014-06-03 14:45:41 [procName:][pid:7700]so gooo..
2014-06-03 14:45:42 [procName:proc1name][pid:7691]2
2014-06-03 14:45:42 [procName:proc1name][pid:7692]2
2014-06-03 14:45:42 [procName:][pid:7697]test .....
2014-06-03 14:45:42 [procName:][pid:7698]test .....
2014-06-03 14:45:42 [procName:][pid:7699]so gooo..
2014-06-03 14:45:42 [procName:][pid:7690]ProcTwo1 exited 
2014-06-03 14:45:42 [procName:][pid:7690]children  exited , parent catch it
2014-06-03 14:45:42 [procName:][pid:7700]so gooo..
2014-06-03 14:45:43 [procName:proc1name][pid:7691]3
2014-06-03 14:45:43 [procName:proc1name][pid:7692]3
2014-06-03 14:45:43 [procName:][pid:7697]test .....
2014-06-03 14:45:43 [procName:][pid:7698]test .....
2014-06-03 14:45:43 [procName:][pid:7699]so gooo..
2014-06-03 14:45:43 [procName:][pid:7690]ProcTwo2 exited 
2014-06-03 14:45:43 [procName:][pid:7690]children  exited , parent catch it
2014-06-03 14:45:43 [procName:][pid:7700]so gooo..
2014-06-03 14:45:44 [procName:proc1name][pid:7691]4
2014-06-03 14:45:44 [procName:proc1name][pid:7692]4
2014-06-03 14:45:44 [procName:][pid:7697]test .....
2014-06-03 14:45:44 [procName:][pid:7698]test .....
2014-06-03 14:45:44 [procName:][pid:7699]so gooo..
2014-06-03 14:45:44 [procName:][pid:7690]ProcTwo3 exited 
2014-06-03 14:45:44 [procName:][pid:7690]children  exited , parent catch it
2014-06-03 14:45:44 [procName:][pid:7700]so gooo..
2014-06-03 14:45:45 [procName:proc1name][pid:7691]5
2014-06-03 14:45:45 [procName:proc1name][pid:7692]5
2014-06-03 14:45:45 [procName:][pid:7697]test .....
2014-06-03 14:45:45 [procName:][pid:7698]test .....
2014-06-03 14:45:45 [procName:][pid:7699]so gooo..
2014-06-03 14:45:45 [procName:][pid:7690]ProcTwo4 exited 
2014-06-03 14:45:45 [procName:][pid:7690]children  exited , parent catch it
2014-06-03 14:45:45 [procName:][pid:7700]so gooo..
2014-06-03 14:45:46 [procName:proc1name][pid:7691]6
2014-06-03 14:45:46 [procName:proc1name][pid:7692]6
2014-06-03 14:45:46 [procName:][pid:7697]test .....
2014-06-03 14:45:46 [procName:][pid:7698]test .....
2014-06-03 14:45:46 [procName:][pid:7699]so gooo..
2014-06-03 14:45:46 [procName:][pid:7700]so gooo..
2014-06-03 14:45:47 [procName:proc1name][pid:7691]7
2014-06-03 14:45:47 [procName:proc1name][pid:7692]7
2014-06-03 14:45:47 [procName:][pid:7697]test .....
2014-06-03 14:45:47 [procName:][pid:7698]test .....
2014-06-03 14:45:47 [procName:][pid:7699]so gooo..
2014-06-03 14:45:47 [procName:][pid:7700]so gooo..
2014-06-03 14:45:47 [procName:][pid:7690]Receive stop command
2014-06-03 14:45:47 [procName:][pid:7745]Master proccess 7690 successfully
2014-06-03 14:45:47 [procName:][pid:7690]stop childrens
2014-06-03 14:45:47 [procName:][pid:7690]send kill singal to 7691
2014-06-03 14:45:47 [procName:proc1name][pid:7691]proc proc1name exited.
2014-06-03 14:45:47 [procName:][pid:7690]send kill singal to 7692
2014-06-03 14:45:47 [procName:][pid:7690]send kill singal to 7697
2014-06-03 14:45:47 [procName:proc1name][pid:7692]proc proc1name exited.
2014-06-03 14:45:47 [procName:][pid:7690]send kill singal to 7698
2014-06-03 14:45:47 [procName:][pid:7697]proc  exited.
2014-06-03 14:45:47 [procName:][pid:7698]proc  exited.
2014-06-03 14:45:47 [procName:][pid:7690]send kill singal to 7699
2014-06-03 14:45:47 [procName:][pid:7690]send kill singal to 7700
2014-06-03 14:45:47 [procName:][pid:7699]proc  exited.
2014-06-03 14:45:47 [procName:][pid:7700]proc  exited.
2014-06-03 14:45:48 [procName:][pid:7690]ProcOne1 exited 
2014-06-03 14:45:48 [procName:][pid:7690]children  exited , parent catch it
2014-06-03 14:45:49 [procName:][pid:7690]ProcOne2 exited 
2014-06-03 14:45:49 [procName:][pid:7690]children  exited , parent catch it
2014-06-03 14:45:50 [procName:][pid:7690]Baidu1 exited 
2014-06-03 14:45:50 [procName:][pid:7690]children  exited , parent catch it
2014-06-03 14:45:51 [procName:][pid:7690]Baidu2 exited 
2014-06-03 14:45:51 [procName:][pid:7690]children  exited , parent catch it
2014-06-03 14:45:52 [procName:][pid:7690]Sougou1 exited 
2014-06-03 14:45:52 [procName:][pid:7690]children  exited , parent catch it
2014-06-03 14:45:53 [procName:][pid:7690]Sougou2 exited 
2014-06-03 14:45:53 [procName:][pid:7690]children  exited , parent catch it
2014-06-03 14:45:54 [procName:][pid:7690]Master proc exited
2014-06-03 14:48:44 [procName:][pid:12049]daemon proccess start, parent cli proccess exited
2014-06-03 14:48:44 [procName:][pid:12050]Daemon Master proccess started
2014-06-03 14:48:44 [procName:][pid:12050]fork ProcOne 1 successfully, pid is 12051
2014-06-03 14:48:44 [procName:][pid:12050]fork ProcOne 2 successfully, pid is 12052
2014-06-03 14:48:44 [procName:proc1name][pid:12051]1
2014-06-03 14:48:44 [procName:][pid:12050]fork ProcTwo 1 successfully, pid is 12053
2014-06-03 14:48:44 [procName:proc1name][pid:12052]1
2014-06-03 14:48:44 [procName:][pid:12050]fork ProcTwo 2 successfully, pid is 12054
2014-06-03 14:48:44 [procName:proc2name][pid:12053]2
2014-06-03 14:48:44 [procName:proc2name][pid:12053]proc proc2name exited.
2014-06-03 14:48:44 [procName:][pid:12050]fork ProcTwo 3 successfully, pid is 12055
2014-06-03 14:48:44 [procName:proc2name][pid:12054]2
2014-06-03 14:48:44 [procName:proc2name][pid:12054]proc proc2name exited.
2014-06-03 14:48:44 [procName:][pid:12050]fork ProcTwo 4 successfully, pid is 12056
2014-06-03 14:48:44 [procName:proc2name][pid:12055]2
2014-06-03 14:48:44 [procName:proc2name][pid:12055]proc proc2name exited.
2014-06-03 14:48:44 [procName:][pid:12050]fork Baidu 1 successfully, pid is 12057
2014-06-03 14:48:44 [procName:proc2name][pid:12056]2
2014-06-03 14:48:44 [procName:proc2name][pid:12056]proc proc2name exited.
2014-06-03 14:48:44 [procName:][pid:12057]test .....
2014-06-03 14:48:44 [procName:][pid:12050]fork Baidu 2 successfully, pid is 12058
2014-06-03 14:48:44 [procName:][pid:12058]test .....
2014-06-03 14:48:44 [procName:][pid:12050]fork Sougou 1 successfully, pid is 12059
2014-06-03 14:48:44 [procName:][pid:12059]so gooo..
2014-06-03 14:48:44 [procName:][pid:12050]fork Sougou 2 successfully, pid is 12060
2014-06-03 14:48:44 [procName:][pid:12060]so gooo..
2014-06-03 14:48:45 [procName:proc1name][pid:12051]2
2014-06-03 14:48:45 [procName:proc1name][pid:12052]2
2014-06-03 14:48:45 [procName:][pid:12057]test .....
2014-06-03 14:48:45 [procName:][pid:12058]test .....
2014-06-03 14:48:45 [procName:][pid:12059]so gooo..
2014-06-03 14:48:45 [procName:][pid:12050]ProcTwo1 exited 
2014-06-03 14:48:45 [procName:][pid:12050]children  exited , parent catch it
2014-06-03 14:48:45 [procName:][pid:12060]so gooo..
2014-06-03 14:48:46 [procName:proc1name][pid:12051]3
2014-06-03 14:48:46 [procName:proc1name][pid:12052]3
2014-06-03 14:48:46 [procName:][pid:12057]test .....
2014-06-03 14:48:46 [procName:][pid:12058]test .....
2014-06-03 14:48:46 [procName:][pid:12059]so gooo..
2014-06-03 14:48:46 [procName:][pid:12050]ProcTwo2 exited 
2014-06-03 14:48:46 [procName:][pid:12050]children  exited , parent catch it
2014-06-03 14:48:46 [procName:][pid:12060]so gooo..
2014-06-03 14:48:46 [procName:][pid:12050]Receive stop command
2014-06-03 14:48:46 [procName:][pid:12086]Master proccess 12050 stop successfully
2014-06-03 14:48:46 [procName:][pid:12050]stop childrens
2014-06-03 14:48:46 [procName:][pid:12050]send kill singal to 12051
2014-06-03 14:48:46 [procName:][pid:12050]send kill singal to 12052
2014-06-03 14:48:46 [procName:proc1name][pid:12051]proc proc1name exited.
2014-06-03 14:48:46 [procName:][pid:12050]send kill singal to 12055
2014-06-03 14:48:46 [procName:proc1name][pid:12052]proc proc1name exited.
2014-06-03 14:48:46 [procName:][pid:12050]send kill singal to 12056
2014-06-03 14:48:46 [procName:][pid:12050]send kill singal to 12057
2014-06-03 14:48:46 [procName:][pid:12050]send kill singal to 12058
2014-06-03 14:48:46 [procName:][pid:12057]proc  exited.
2014-06-03 14:48:46 [procName:][pid:12050]send kill singal to 12059
2014-06-03 14:48:46 [procName:][pid:12058]proc  exited.
2014-06-03 14:48:46 [procName:][pid:12050]send kill singal to 12060
2014-06-03 14:48:46 [procName:][pid:12059]proc  exited.
2014-06-03 14:48:46 [procName:][pid:12060]proc  exited.
2014-06-03 14:48:46 [procName:][pid:12050]ProcTwo3 exited 
2014-06-03 14:48:46 [procName:][pid:12050]children  exited , parent catch it
2014-06-03 14:48:47 [procName:][pid:12050]ProcOne1 exited 
2014-06-03 14:48:47 [procName:][pid:12050]children  exited , parent catch it
2014-06-03 14:48:48 [procName:][pid:12050]ProcOne2 exited 
2014-06-03 14:48:48 [procName:][pid:12050]children  exited , parent catch it
2014-06-03 14:48:49 [procName:][pid:12050]ProcTwo4 exited 
2014-06-03 14:48:49 [procName:][pid:12050]children  exited , parent catch it
2014-06-03 14:48:50 [procName:][pid:12050]Baidu1 exited 
2014-06-03 14:48:50 [procName:][pid:12050]children  exited , parent catch it
2014-06-03 14:48:51 [procName:][pid:12050]Baidu2 exited 
2014-06-03 14:48:51 [procName:][pid:12050]children  exited , parent catch it
2014-06-03 14:48:52 [procName:][pid:12050]Sougou1 exited 
2014-06-03 14:48:52 [procName:][pid:12050]children  exited , parent catch it
2014-06-03 14:48:53 [procName:][pid:12050]Sougou2 exited 
2014-06-03 14:48:53 [procName:][pid:12050]children  exited , parent catch it
2014-06-03 14:48:54 [procName:][pid:12050]Master proc exited
2014-06-03 14:49:14 [procName:][pid:12804]daemon proccess start, parent cli proccess exited
2014-06-03 14:49:14 [procName:][pid:12805]Daemon Master proccess started
2014-06-03 14:49:14 [procName:][pid:12805]fork ProcOne 1 successfully, pid is 12806
2014-06-03 14:49:14 [procName:][pid:12805]fork ProcOne 2 successfully, pid is 12807
2014-06-03 14:49:14 [procName:proc1name][pid:12806]1
2014-06-03 14:49:14 [procName:][pid:12805]fork ProcTwo 1 successfully, pid is 12808
2014-06-03 14:49:14 [procName:proc1name][pid:12807]1
2014-06-03 14:49:14 [procName:][pid:12805]fork ProcTwo 2 successfully, pid is 12809
2014-06-03 14:49:14 [procName:proc2name][pid:12808]2
2014-06-03 14:49:14 [procName:proc2name][pid:12808]proc proc2name exited.
2014-06-03 14:49:14 [procName:][pid:12805]fork ProcTwo 3 successfully, pid is 12810
2014-06-03 14:49:14 [procName:proc2name][pid:12809]2
2014-06-03 14:49:14 [procName:proc2name][pid:12809]proc proc2name exited.
2014-06-03 14:49:14 [procName:][pid:12805]fork ProcTwo 4 successfully, pid is 12811
2014-06-03 14:49:14 [procName:proc2name][pid:12810]2
2014-06-03 14:49:14 [procName:proc2name][pid:12810]proc proc2name exited.
2014-06-03 14:49:14 [procName:][pid:12805]fork Baidu 1 successfully, pid is 12812
2014-06-03 14:49:14 [procName:proc2name][pid:12811]2
2014-06-03 14:49:14 [procName:proc2name][pid:12811]proc proc2name exited.
2014-06-03 14:49:14 [procName:][pid:12805]fork Baidu 2 successfully, pid is 12813
2014-06-03 14:49:14 [procName:][pid:12812]test .....
2014-06-03 14:49:14 [procName:][pid:12813]test .....
2014-06-03 14:49:14 [procName:][pid:12805]fork Sougou 1 successfully, pid is 12814
2014-06-03 14:49:14 [procName:][pid:12814]so gooo..
2014-06-03 14:49:14 [procName:][pid:12805]fork Sougou 2 successfully, pid is 12815
2014-06-03 14:49:14 [procName:][pid:12815]so gooo..
2014-06-03 14:49:15 [procName:proc1name][pid:12806]2
2014-06-03 14:49:15 [procName:proc1name][pid:12807]2
2014-06-03 14:49:15 [procName:][pid:12812]test .....
2014-06-03 14:49:15 [procName:][pid:12813]test .....
2014-06-03 14:49:15 [procName:][pid:12814]so gooo..
2014-06-03 14:49:15 [procName:][pid:12805]ProcTwo1 exited 
2014-06-03 14:49:15 [procName:][pid:12805]children  exited , parent catch it
2014-06-03 14:49:15 [procName:][pid:12815]so gooo..
2014-06-03 14:49:16 [procName:][pid:12805]Receive stop command
2014-06-03 14:49:16 [procName:][pid:12831]Master proccess 12805 stop successfully
2014-06-03 14:49:16 [procName:][pid:12805]stop childrens
2014-06-03 14:49:16 [procName:][pid:12805]send kill singal to 12806
2014-06-03 14:49:16 [procName:proc1name][pid:12806]proc proc1name exited.
2014-06-03 14:49:16 [procName:][pid:12805]send kill singal to 12807
2014-06-03 14:49:16 [procName:][pid:12805]send kill singal to 12809
2014-06-03 14:49:16 [procName:proc1name][pid:12807]proc proc1name exited.
2014-06-03 14:49:16 [procName:][pid:12805]send kill singal to 12810
2014-06-03 14:49:16 [procName:][pid:12805]send kill singal to 12811
2014-06-03 14:49:16 [procName:][pid:12805]send kill singal to 12812
2014-06-03 14:49:16 [procName:][pid:12812]proc  exited.
2014-06-03 14:49:16 [procName:][pid:12805]send kill singal to 12813
2014-06-03 14:49:16 [procName:][pid:12813]proc  exited.
2014-06-03 14:49:16 [procName:][pid:12805]send kill singal to 12814
2014-06-03 14:49:16 [procName:][pid:12805]send kill singal to 12815
2014-06-03 14:49:16 [procName:][pid:12814]proc  exited.
2014-06-03 14:49:16 [procName:][pid:12815]proc  exited.
2014-06-03 14:49:16 [procName:][pid:12805]ProcTwo2 exited 
2014-06-03 14:49:16 [procName:][pid:12805]children  exited , parent catch it
2014-06-03 14:49:17 [procName:][pid:12805]ProcOne1 exited 
2014-06-03 14:49:17 [procName:][pid:12805]children  exited , parent catch it
2014-06-03 14:49:18 [procName:][pid:12805]ProcOne2 exited 
2014-06-03 14:49:18 [procName:][pid:12805]children  exited , parent catch it
2014-06-03 14:49:19 [procName:][pid:12805]ProcTwo3 exited 
2014-06-03 14:49:19 [procName:][pid:12805]children  exited , parent catch it
2014-06-03 14:49:20 [procName:][pid:12805]ProcTwo4 exited 
2014-06-03 14:49:20 [procName:][pid:12805]children  exited , parent catch it
2014-06-03 14:49:21 [procName:][pid:12805]Baidu1 exited 
2014-06-03 14:49:21 [procName:][pid:12805]children  exited , parent catch it
2014-06-03 14:49:22 [procName:][pid:12805]Baidu2 exited 
2014-06-03 14:49:22 [procName:][pid:12805]children  exited , parent catch it
2014-06-03 14:49:23 [procName:][pid:12805]Sougou1 exited 
2014-06-03 14:49:23 [procName:][pid:12805]children  exited , parent catch it
2014-06-03 14:49:24 [procName:][pid:12805]Sougou2 exited 
2014-06-03 14:49:24 [procName:][pid:12805]children  exited , parent catch it
2014-06-03 14:49:25 [procName:][pid:12805]Master proc exited
2014-06-03 14:49:26 [procName:][pid:13044]daemon proccess start, parent cli proccess exited
2014-06-03 14:49:26 [procName:][pid:13045]Daemon Master proccess started
2014-06-03 14:49:26 [procName:][pid:13045]fork ProcOne 1 successfully, pid is 13046
2014-06-03 14:49:26 [procName:][pid:13045]fork ProcOne 2 successfully, pid is 13047
2014-06-03 14:49:26 [procName:proc1name][pid:13046]1
2014-06-03 14:49:26 [procName:][pid:13045]fork ProcTwo 1 successfully, pid is 13048
2014-06-03 14:49:26 [procName:proc1name][pid:13047]1
2014-06-03 14:49:26 [procName:][pid:13045]fork ProcTwo 2 successfully, pid is 13049
2014-06-03 14:49:26 [procName:proc2name][pid:13048]2
2014-06-03 14:49:26 [procName:proc2name][pid:13048]proc proc2name exited.
2014-06-03 14:49:26 [procName:][pid:13045]fork ProcTwo 3 successfully, pid is 13050
2014-06-03 14:49:26 [procName:proc2name][pid:13049]2
2014-06-03 14:49:26 [procName:proc2name][pid:13049]proc proc2name exited.
2014-06-03 14:49:26 [procName:proc2name][pid:13050]2
2014-06-03 14:49:26 [procName:][pid:13045]fork ProcTwo 4 successfully, pid is 13051
2014-06-03 14:49:26 [procName:proc2name][pid:13050]proc proc2name exited.
2014-06-03 14:49:26 [procName:][pid:13045]fork Baidu 1 successfully, pid is 13052
2014-06-03 14:49:26 [procName:proc2name][pid:13051]2
2014-06-03 14:49:26 [procName:proc2name][pid:13051]proc proc2name exited.
2014-06-03 14:49:26 [procName:][pid:13052]test .....
2014-06-03 14:49:26 [procName:][pid:13045]fork Baidu 2 successfully, pid is 13053
2014-06-03 14:49:26 [procName:][pid:13053]test .....
2014-06-03 14:49:26 [procName:][pid:13045]fork Sougou 1 successfully, pid is 13054
2014-06-03 14:49:26 [procName:][pid:13054]so gooo..
2014-06-03 14:49:26 [procName:][pid:13045]fork Sougou 2 successfully, pid is 13055
2014-06-03 14:49:26 [procName:][pid:13055]so gooo..
2014-06-03 14:49:27 [procName:proc1name][pid:13046]2
2014-06-03 14:49:27 [procName:proc1name][pid:13047]2
2014-06-03 14:49:27 [procName:][pid:13052]test .....
2014-06-03 14:49:27 [procName:][pid:13053]test .....
2014-06-03 14:49:27 [procName:][pid:13054]so gooo..
2014-06-03 14:49:27 [procName:][pid:13045]ProcTwo1 exited 
2014-06-03 14:49:27 [procName:][pid:13045]children  exited , parent catch it
2014-06-03 14:49:27 [procName:][pid:13055]so gooo..
2014-06-03 14:49:28 [procName:proc1name][pid:13046]3
2014-06-03 14:49:28 [procName:proc1name][pid:13047]3
2014-06-03 14:49:28 [procName:][pid:13052]test .....
2014-06-03 14:49:28 [procName:][pid:13053]test .....
2014-06-03 14:49:28 [procName:][pid:13054]so gooo..
2014-06-03 14:49:28 [procName:][pid:13045]ProcTwo2 exited 
2014-06-03 14:49:28 [procName:][pid:13045]children  exited , parent catch it
2014-06-03 14:49:28 [procName:][pid:13055]so gooo..
2014-06-03 14:49:29 [procName:][pid:13045]Receive stop command
2014-06-03 14:49:29 [procName:][pid:13082]Master proccess 13045 stop successfully
2014-06-03 14:49:29 [procName:][pid:13045]stop childrens
2014-06-03 14:49:29 [procName:][pid:13045]send kill singal to 13046
2014-06-03 14:49:29 [procName:proc1name][pid:13046]proc proc1name exited.
2014-06-03 14:49:29 [procName:][pid:13045]send kill singal to 13047
2014-06-03 14:49:29 [procName:][pid:13045]send kill singal to 13050
2014-06-03 14:49:29 [procName:proc1name][pid:13047]proc proc1name exited.
2014-06-03 14:49:29 [procName:][pid:13045]send kill singal to 13051
2014-06-03 14:49:29 [procName:][pid:13045]send kill singal to 13052
2014-06-03 14:49:29 [procName:][pid:13045]send kill singal to 13053
2014-06-03 14:49:29 [procName:][pid:13052]proc  exited.
2014-06-03 14:49:29 [procName:][pid:13045]send kill singal to 13054
2014-06-03 14:49:29 [procName:][pid:13053]proc  exited.
2014-06-03 14:49:29 [procName:][pid:13045]send kill singal to 13055
2014-06-03 14:49:29 [procName:][pid:13054]proc  exited.
2014-06-03 14:49:29 [procName:][pid:13055]proc  exited.
2014-06-03 14:49:29 [procName:][pid:13045]ProcTwo3 exited 
2014-06-03 14:49:29 [procName:][pid:13045]children  exited , parent catch it
2014-06-03 14:49:30 [procName:][pid:13045]ProcOne1 exited 
2014-06-03 14:49:30 [procName:][pid:13045]children  exited , parent catch it
2014-06-03 14:49:31 [procName:][pid:13045]ProcOne2 exited 
2014-06-03 14:49:31 [procName:][pid:13045]children  exited , parent catch it
2014-06-03 14:49:32 [procName:][pid:13045]ProcTwo4 exited 
2014-06-03 14:49:32 [procName:][pid:13045]children  exited , parent catch it
2014-06-03 14:49:33 [procName:][pid:13045]Baidu1 exited 
2014-06-03 14:49:33 [procName:][pid:13045]children  exited , parent catch it
2014-06-03 14:49:34 [procName:][pid:13045]Baidu2 exited 
2014-06-03 14:49:34 [procName:][pid:13045]children  exited , parent catch it
2014-06-03 14:49:35 [procName:][pid:13045]Sougou1 exited 
2014-06-03 14:49:35 [procName:][pid:13045]children  exited , parent catch it
2014-06-03 14:49:36 [procName:][pid:13045]Sougou2 exited 
2014-06-03 14:49:36 [procName:][pid:13045]children  exited , parent catch it
2014-06-03 14:49:37 [procName:][pid:13045]Master proc exited
