2014-06-01 19:49:54 [procName:][pid:17998]so gooo..
2014-06-01 19:49:54 [procName:][pid:17997]so gooo..
2014-06-01 19:49:54 [procName:][pid:17995]test .....
2014-06-01 19:49:54 [procName:][pid:17996]test .....
2014-06-01 19:49:54 [procName:proc1name][pid:17990]136
2014-06-01 19:49:54 [procName:proc1name][pid:17989]136
2014-06-01 19:49:55 [procName:][pid:14952]so gooo..
2014-06-01 19:49:55 [procName:proc1name][pid:14943]186
2014-06-01 19:49:55 [procName:][pid:14950]test .....
2014-06-01 19:49:55 [procName:][pid:14949]test .....
2014-06-01 19:49:55 [procName:][pid:14951]so gooo..
2014-06-01 19:49:55 [procName:proc1name][pid:14944]186
2014-06-01 19:49:55 [procName:][pid:17998]so gooo..
2014-06-01 19:49:55 [procName:][pid:17995]test .....
2014-06-01 19:49:55 [procName:][pid:17997]so gooo..
2014-06-01 19:49:55 [procName:][pid:17996]test .....
2014-06-01 19:49:55 [procName:proc1name][pid:17990]137
2014-06-01 19:49:55 [procName:proc1name][pid:17989]137
2014-06-01 19:49:56 [procName:][pid:14952]so gooo..
2014-06-01 19:49:56 [procName:proc1name][pid:14943]187
2014-06-01 19:49:56 [procName:][pid:14949]test .....
2014-06-01 19:49:56 [procName:][pid:14950]test .....
2014-06-01 19:49:56 [procName:][pid:14951]so gooo..
2014-06-01 19:49:56 [procName:proc1name][pid:14944]187
2014-06-01 19:49:56 [procName:proc1name][pid:17990]138
2014-06-01 19:49:56 [procName:][pid:17998]so gooo..
2014-06-01 19:49:56 [procName:][pid:17995]test .....
2014-06-01 19:49:56 [procName:][pid:17997]so gooo..
2014-06-01 19:49:56 [procName:][pid:17996]test .....
2014-06-01 19:49:56 [procName:proc1name][pid:17989]138
2014-06-01 19:49:57 [procName:][pid:14952]so gooo..
2014-06-01 19:49:57 [procName:proc1name][pid:14943]188
2014-06-01 19:49:57 [procName:][pid:14949]test .....
2014-06-01 19:49:57 [procName:][pid:14951]so gooo..
2014-06-01 19:49:57 [procName:][pid:14950]test .....
2014-06-01 19:49:57 [procName:proc1name][pid:14944]188
2014-06-01 19:49:57 [procName:][pid:17998]so gooo..
2014-06-01 19:49:57 [procName:][pid:17995]test .....
2014-06-01 19:49:57 [procName:proc1name][pid:17990]139
2014-06-01 19:49:57 [procName:][pid:17997]so gooo..
2014-06-01 19:49:57 [procName:][pid:17996]test .....
2014-06-01 19:49:57 [procName:proc1name][pid:17989]139
2014-06-01 19:49:58 [procName:][pid:14952]so gooo..
2014-06-01 19:49:58 [procName:proc1name][pid:14943]189
2014-06-01 19:49:58 [procName:][pid:14949]test .....
2014-06-01 19:49:58 [procName:][pid:14951]so gooo..
2014-06-01 19:49:58 [procName:][pid:14950]test .....
2014-06-01 19:49:58 [procName:proc1name][pid:14944]189
2014-06-01 19:49:58 [procName:][pid:17998]so gooo..
2014-06-01 19:49:58 [procName:][pid:17995]test .....
2014-06-01 19:49:58 [procName:proc1name][pid:17990]140
2014-06-01 19:49:58 [procName:][pid:17997]so gooo..
2014-06-01 19:49:58 [procName:][pid:17996]test .....
2014-06-01 19:49:58 [procName:proc1name][pid:17989]140
2014-06-01 19:49:59 [procName:][pid:14952]so gooo..
2014-06-01 19:49:59 [procName:proc1name][pid:14943]190
2014-06-01 19:49:59 [procName:][pid:14949]test .....
2014-06-01 19:49:59 [procName:][pid:14951]so gooo..
2014-06-01 19:49:59 [procName:][pid:14950]test .....
2014-06-01 19:49:59 [procName:proc1name][pid:14944]190
2014-06-01 19:49:59 [procName:][pid:17998]so gooo..
2014-06-01 19:49:59 [procName:][pid:17997]so gooo..
2014-06-01 19:49:59 [procName:][pid:17995]test .....
2014-06-01 19:49:59 [procName:proc1name][pid:17990]141
2014-06-01 19:49:59 [procName:][pid:17996]test .....
2014-06-01 19:49:59 [procName:proc1name][pid:17989]141
2014-06-01 19:50:00 [procName:proc1name][pid:14943]191
2014-06-01 19:50:00 [procName:][pid:14952]so gooo..
2014-06-01 19:50:00 [procName:][pid:14949]test .....
2014-06-01 19:50:00 [procName:][pid:14951]so gooo..
2014-06-01 19:50:00 [procName:proc1name][pid:14944]191
2014-06-01 19:50:00 [procName:][pid:14950]test .....
2014-06-01 19:50:00 [procName:][pid:21361]daemon proccess start, parent cli proccess exited
2014-06-01 19:50:00 [procName:][pid:21362]Daemon Master proccess started
2014-06-01 19:50:00 [procName:][pid:21362]fork ProcOne 1 successfully, pid is 21363
2014-06-01 19:50:00 [procName:][pid:21362]fork ProcOne 2 successfully, pid is 21365
2014-06-01 19:50:00 [procName:proc1name][pid:21363]1
2014-06-01 19:50:00 [procName:][pid:21362]fork ProcTwo 1 successfully, pid is 21366
2014-06-01 19:50:00 [procName:proc1name][pid:21365]1
2014-06-01 19:50:00 [procName:][pid:21362]fork ProcTwo 2 successfully, pid is 21367
2014-06-01 19:50:00 [procName:proc2name][pid:21366]2
2014-06-01 19:50:00 [procName:proc2name][pid:21366]proc proc2name exited.
2014-06-01 19:50:00 [procName:][pid:21362]fork ProcTwo 3 successfully, pid is 21368
2014-06-01 19:50:00 [procName:proc2name][pid:21367]2
2014-06-01 19:50:00 [procName:proc2name][pid:21367]proc proc2name exited.
2014-06-01 19:50:00 [procName:][pid:21362]fork ProcTwo 4 successfully, pid is 21369
2014-06-01 19:50:00 [procName:proc2name][pid:21368]2
2014-06-01 19:50:00 [procName:proc2name][pid:21368]proc proc2name exited.
2014-06-01 19:50:00 [procName:][pid:21362]fork Baidu 1 successfully, pid is 21370
2014-06-01 19:50:00 [procName:proc2name][pid:21369]2
2014-06-01 19:50:00 [procName:proc2name][pid:21369]proc proc2name exited.
2014-06-01 19:50:00 [procName:][pid:21362]fork Baidu 2 successfully, pid is 21371
2014-06-01 19:50:00 [procName:][pid:21370]test .....
2014-06-01 19:50:00 [procName:][pid:21362]fork Sougou 1 successfully, pid is 21372
2014-06-01 19:50:00 [procName:][pid:21371]test .....
2014-06-01 19:50:00 [procName:][pid:21362]fork Sougou 2 successfully, pid is 21373
2014-06-01 19:50:00 [procName:][pid:21372]so gooo..
2014-06-01 19:50:00 [procName:][pid:21373]so gooo..
2014-06-01 19:50:00 [procName:][pid:17995]test .....
2014-06-01 19:50:00 [procName:][pid:17997]so gooo..
2014-06-01 19:50:00 [procName:][pid:17998]so gooo..
2014-06-01 19:50:00 [procName:proc1name][pid:17990]142
2014-06-01 19:50:00 [procName:][pid:17996]test .....
2014-06-01 19:50:00 [procName:proc1name][pid:17989]142
2014-06-01 19:50:01 [procName:][pid:14952]so gooo..
2014-06-01 19:50:01 [procName:proc1name][pid:14943]192
2014-06-01 19:50:01 [procName:][pid:14949]test .....
2014-06-01 19:50:01 [procName:][pid:14951]so gooo..
2014-06-01 19:50:01 [procName:][pid:14950]test .....
2014-06-01 19:50:01 [procName:proc1name][pid:14944]192
2014-06-01 19:50:01 [procName:proc1name][pid:21363]2
2014-06-01 19:50:01 [procName:proc1name][pid:21365]2
2014-06-01 19:50:01 [procName:][pid:21370]test .....
2014-06-01 19:50:01 [procName:][pid:21371]test .....
2014-06-01 19:50:01 [procName:][pid:21372]so gooo..
2014-06-01 19:50:01 [procName:][pid:21362]ProcTwo1 exited 
2014-06-01 19:50:01 [procName:][pid:21362]children  exited , parent catch it
2014-06-01 19:50:01 [procName:][pid:21373]so gooo..
2014-06-01 19:50:01 [procName:][pid:17997]so gooo..
2014-06-01 19:50:01 [procName:][pid:17996]test .....
2014-06-01 19:50:01 [procName:][pid:17995]test .....
2014-06-01 19:50:01 [procName:][pid:17998]so gooo..
2014-06-01 19:50:01 [procName:proc1name][pid:17990]143
2014-06-01 19:50:01 [procName:proc1name][pid:17989]143
2014-06-01 19:50:02 [procName:][pid:14952]so gooo..
2014-06-01 19:50:02 [procName:proc1name][pid:14943]193
2014-06-01 19:50:02 [procName:][pid:14949]test .....
2014-06-01 19:50:02 [procName:][pid:14951]so gooo..
2014-06-01 19:50:02 [procName:][pid:14950]test .....
2014-06-01 19:50:02 [procName:proc1name][pid:14944]193
2014-06-01 19:50:02 [procName:proc1name][pid:21363]3
2014-06-01 19:50:02 [procName:proc1name][pid:21365]3
2014-06-01 19:50:02 [procName:][pid:21370]test .....
2014-06-01 19:50:02 [procName:][pid:21371]test .....
2014-06-01 19:50:02 [procName:][pid:21372]so gooo..
2014-06-01 19:50:02 [procName:][pid:21362]ProcTwo2 exited 
2014-06-01 19:50:02 [procName:][pid:21362]children  exited , parent catch it
2014-06-01 19:50:02 [procName:][pid:21373]so gooo..
2014-06-01 19:50:02 [procName:][pid:17995]test .....
2014-06-01 19:50:02 [procName:][pid:17997]so gooo..
2014-06-01 19:50:02 [procName:][pid:17996]test .....
2014-06-01 19:50:02 [procName:][pid:17998]so gooo..
2014-06-01 19:50:02 [procName:proc1name][pid:17990]144
2014-06-01 19:50:02 [procName:proc1name][pid:17989]144
2014-06-01 19:50:03 [procName:][pid:14952]so gooo..
2014-06-01 19:50:03 [procName:proc1name][pid:14943]194
2014-06-01 19:50:03 [procName:][pid:14949]test .....
2014-06-01 19:50:03 [procName:][pid:14951]so gooo..
2014-06-01 19:50:03 [procName:proc1name][pid:14944]194
2014-06-01 19:50:03 [procName:][pid:14950]test .....
2014-06-01 19:50:03 [procName:proc1name][pid:21363]4
2014-06-01 19:50:03 [procName:proc1name][pid:21365]4
2014-06-01 19:50:03 [procName:][pid:21370]test .....
2014-06-01 19:50:03 [procName:][pid:21371]test .....
2014-06-01 19:50:03 [procName:][pid:21372]so gooo..
2014-06-01 19:50:03 [procName:][pid:21362]ProcTwo3 exited 
2014-06-01 19:50:03 [procName:][pid:21362]children  exited , parent catch it
2014-06-01 19:50:03 [procName:][pid:21373]so gooo..
2014-06-01 19:50:03 [procName:][pid:17995]test .....
2014-06-01 19:50:03 [procName:][pid:17997]so gooo..
2014-06-01 19:50:03 [procName:][pid:17998]so gooo..
2014-06-01 19:50:03 [procName:][pid:17996]test .....
2014-06-01 19:50:03 [procName:proc1name][pid:17990]145
2014-06-01 19:50:03 [procName:proc1name][pid:17989]145
2014-06-01 19:50:04 [procName:][pid:14952]so gooo..
2014-06-01 19:50:04 [procName:proc1name][pid:14943]195
2014-06-01 19:50:04 [procName:][pid:14951]so gooo..
2014-06-01 19:50:04 [procName:][pid:14949]test .....
2014-06-01 19:50:04 [procName:][pid:14950]test .....
2014-06-01 19:50:04 [procName:proc1name][pid:14944]195
2014-06-01 19:50:04 [procName:proc1name][pid:21363]5
2014-06-01 19:50:04 [procName:proc1name][pid:21365]5
2014-06-01 19:50:04 [procName:][pid:21370]test .....
2014-06-01 19:50:04 [procName:][pid:21371]test .....
2014-06-01 19:50:04 [procName:][pid:21372]so gooo..
2014-06-01 19:50:04 [procName:][pid:21362]ProcTwo4 exited 
2014-06-01 19:50:04 [procName:][pid:21373]so gooo..
2014-06-01 19:50:04 [procName:][pid:21362]children  exited , parent catch it
2014-06-01 19:50:04 [procName:][pid:17995]test .....
2014-06-01 19:50:04 [procName:][pid:17997]so gooo..
2014-06-01 19:50:04 [procName:][pid:17998]so gooo..
2014-06-01 19:50:04 [procName:][pid:17996]test .....
2014-06-01 19:50:04 [procName:proc1name][pid:17990]146
2014-06-01 19:50:04 [procName:proc1name][pid:17989]146
2014-06-01 19:50:05 [procName:][pid:14952]so gooo..
2014-06-01 19:50:05 [procName:proc1name][pid:14943]196
2014-06-01 19:50:05 [procName:][pid:14949]test .....
2014-06-01 19:50:05 [procName:][pid:14951]so gooo..
2014-06-01 19:50:05 [procName:][pid:14950]test .....
2014-06-01 19:50:05 [procName:proc1name][pid:14944]196
2014-06-01 19:50:05 [procName:proc1name][pid:21363]6
2014-06-01 19:50:05 [procName:proc1name][pid:21365]6
2014-06-01 19:50:05 [procName:][pid:21370]test .....
2014-06-01 19:50:05 [procName:][pid:21371]test .....
2014-06-01 19:50:05 [procName:][pid:21372]so gooo..
2014-06-01 19:50:05 [procName:][pid:21373]so gooo..
2014-06-01 19:50:05 [procName:][pid:17995]test .....
2014-06-01 19:50:05 [procName:][pid:17997]so gooo..
2014-06-01 19:50:05 [procName:][pid:17998]so gooo..
2014-06-01 19:50:05 [procName:][pid:17996]test .....
2014-06-01 19:50:05 [procName:proc1name][pid:17990]147
2014-06-01 19:50:05 [procName:proc1name][pid:17989]147
2014-06-01 19:50:06 [procName:][pid:14952]so gooo..
2014-06-01 19:50:06 [procName:proc1name][pid:14943]197
2014-06-01 19:50:06 [procName:][pid:14949]test .....
2014-06-01 19:50:06 [procName:][pid:14951]so gooo..
2014-06-01 19:50:06 [procName:][pid:14950]test .....
2014-06-01 19:50:06 [procName:proc1name][pid:14944]197
2014-06-01 19:50:06 [procName:proc1name][pid:21363]7
2014-06-01 19:50:06 [procName:proc1name][pid:21365]7
2014-06-01 19:50:06 [procName:][pid:21370]test .....
2014-06-01 19:50:06 [procName:][pid:21371]test .....
2014-06-01 19:50:06 [procName:][pid:21372]so gooo..
2014-06-01 19:50:06 [procName:][pid:21373]so gooo..
2014-06-01 19:50:06 [procName:][pid:17995]test .....
2014-06-01 19:50:06 [procName:][pid:17997]so gooo..
2014-06-01 19:50:06 [procName:][pid:17998]so gooo..
2014-06-01 19:50:06 [procName:][pid:17996]test .....
2014-06-01 19:50:06 [procName:proc1name][pid:17990]148
2014-06-01 19:50:06 [procName:proc1name][pid:17989]148
2014-06-01 19:50:07 [procName:][pid:14952]so gooo..
2014-06-01 19:50:07 [procName:proc1name][pid:14943]198
2014-06-01 19:50:07 [procName:][pid:14949]test .....
2014-06-01 19:50:07 [procName:][pid:14951]so gooo..
2014-06-01 19:50:07 [procName:][pid:14950]test .....
2014-06-01 19:50:07 [procName:proc1name][pid:14944]198
2014-06-01 19:50:07 [procName:proc1name][pid:21363]8
2014-06-01 19:50:07 [procName:proc1name][pid:21365]8
2014-06-01 19:50:07 [procName:][pid:21370]test .....
2014-06-01 19:50:07 [procName:][pid:21371]test .....
2014-06-01 19:50:07 [procName:][pid:21372]so gooo..
2014-06-01 19:50:07 [procName:][pid:21373]so gooo..
2014-06-01 19:50:07 [procName:][pid:17995]test .....
2014-06-01 19:50:07 [procName:][pid:17997]so gooo..
2014-06-01 19:50:07 [procName:][pid:17998]so gooo..
2014-06-01 19:50:07 [procName:][pid:17996]test .....
2014-06-01 19:50:07 [procName:proc1name][pid:17990]149
2014-06-01 19:50:07 [procName:proc1name][pid:17989]149
2014-06-01 19:50:08 [procName:][pid:14952]so gooo..
2014-06-01 19:50:08 [procName:proc1name][pid:14943]199
2014-06-01 19:50:08 [procName:][pid:14951]so gooo..
2014-06-01 19:50:08 [procName:][pid:14949]test .....
2014-06-01 19:50:08 [procName:][pid:14950]test .....
2014-06-01 19:50:08 [procName:proc1name][pid:14944]199
2014-06-01 19:50:08 [procName:proc1name][pid:21363]9
2014-06-01 19:50:08 [procName:proc1name][pid:21365]9
2014-06-01 19:50:08 [procName:][pid:21370]test .....
2014-06-01 19:50:08 [procName:][pid:21371]test .....
2014-06-01 19:50:08 [procName:][pid:21372]so gooo..
2014-06-01 19:50:08 [procName:][pid:21373]so gooo..
2014-06-01 19:50:08 [procName:][pid:17995]test .....
2014-06-01 19:50:08 [procName:][pid:17997]so gooo..
2014-06-01 19:50:08 [procName:][pid:17998]so gooo..
2014-06-01 19:50:08 [procName:][pid:17996]test .....
2014-06-01 19:50:08 [procName:proc1name][pid:17990]150
2014-06-01 19:50:08 [procName:proc1name][pid:17989]150
2014-06-01 19:50:09 [procName:][pid:14952]so gooo..
2014-06-01 19:50:09 [procName:proc1name][pid:14943]200
2014-06-01 19:50:09 [procName:][pid:14951]so gooo..
2014-06-01 19:50:09 [procName:][pid:14949]test .....
2014-06-01 19:50:09 [procName:][pid:14950]test .....
2014-06-01 19:50:09 [procName:proc1name][pid:14944]200
2014-06-01 19:50:09 [procName:proc1name][pid:21363]10
2014-06-01 19:50:09 [procName:proc1name][pid:21365]10
2014-06-01 19:50:09 [procName:][pid:21370]test .....
2014-06-01 19:50:09 [procName:][pid:21371]test .....
2014-06-01 19:50:09 [procName:][pid:21372]so gooo..
2014-06-01 19:50:09 [procName:][pid:21373]so gooo..
2014-06-01 19:50:09 [procName:][pid:17995]test .....
2014-06-01 19:50:09 [procName:][pid:17997]so gooo..
2014-06-01 19:50:09 [procName:][pid:17998]so gooo..
2014-06-01 19:50:09 [procName:][pid:17996]test .....
2014-06-01 19:50:09 [procName:proc1name][pid:17990]151
2014-06-01 19:50:09 [procName:proc1name][pid:17989]151
2014-06-01 19:50:10 [procName:][pid:14952]so gooo..
2014-06-01 19:50:10 [procName:proc1name][pid:14943]201
2014-06-01 19:50:10 [procName:][pid:14949]test .....
2014-06-01 19:50:10 [procName:][pid:14951]so gooo..
2014-06-01 19:50:10 [procName:][pid:14950]test .....
2014-06-01 19:50:10 [procName:proc1name][pid:14944]201
2014-06-01 19:50:10 [procName:proc1name][pid:21363]11
2014-06-01 19:50:10 [procName:proc1name][pid:21365]11
2014-06-01 19:50:10 [procName:][pid:21370]test .....
2014-06-01 19:50:10 [procName:][pid:21371]test .....
2014-06-01 19:50:10 [procName:][pid:21372]so gooo..
2014-06-01 19:50:10 [procName:][pid:21373]so gooo..
2014-06-01 19:50:10 [procName:][pid:17995]test .....
2014-06-01 19:50:10 [procName:][pid:17997]so gooo..
2014-06-01 19:50:10 [procName:][pid:17998]so gooo..
2014-06-01 19:50:10 [procName:][pid:17996]test .....
2014-06-01 19:50:10 [procName:proc1name][pid:17990]152
2014-06-01 19:50:10 [procName:proc1name][pid:17989]152
2014-06-01 19:50:11 [procName:][pid:14952]so gooo..
2014-06-01 19:50:11 [procName:proc1name][pid:14943]202
2014-06-01 19:50:11 [procName:][pid:14949]test .....
2014-06-01 19:50:11 [procName:][pid:14951]so gooo..
2014-06-01 19:50:11 [procName:][pid:14950]test .....
2014-06-01 19:50:11 [procName:proc1name][pid:14944]202
2014-06-01 19:50:11 [procName:proc1name][pid:21363]12
2014-06-01 19:50:11 [procName:proc1name][pid:21365]12
2014-06-01 19:50:11 [procName:][pid:21370]test .....
2014-06-01 19:50:11 [procName:][pid:21371]test .....
2014-06-01 19:50:11 [procName:][pid:21372]so gooo..
2014-06-01 19:50:11 [procName:][pid:21373]so gooo..
2014-06-01 19:50:11 [procName:][pid:17995]test .....
2014-06-01 19:50:11 [procName:][pid:17997]so gooo..
2014-06-01 19:50:11 [procName:][pid:17998]so gooo..
2014-06-01 19:50:11 [procName:][pid:17996]test .....
2014-06-01 19:50:11 [procName:proc1name][pid:17990]153
2014-06-01 19:50:11 [procName:proc1name][pid:17989]153
2014-06-01 19:50:12 [procName:][pid:14952]so gooo..
2014-06-01 19:50:12 [procName:proc1name][pid:14943]203
2014-06-01 19:50:12 [procName:][pid:14949]test .....
2014-06-01 19:50:12 [procName:][pid:14951]so gooo..
2014-06-01 19:50:12 [procName:][pid:14950]test .....
2014-06-01 19:50:12 [procName:proc1name][pid:14944]203
2014-06-01 19:50:12 [procName:proc1name][pid:21363]13
2014-06-01 19:50:12 [procName:proc1name][pid:21365]13
2014-06-01 19:50:12 [procName:][pid:21370]test .....
2014-06-01 19:50:12 [procName:][pid:21371]test .....
2014-06-01 19:50:12 [procName:][pid:21372]so gooo..
2014-06-01 19:50:12 [procName:][pid:21373]so gooo..
2014-06-01 19:50:12 [procName:][pid:17995]test .....
2014-06-01 19:50:12 [procName:][pid:17997]so gooo..
2014-06-01 19:50:12 [procName:][pid:17998]so gooo..
2014-06-01 19:50:12 [procName:][pid:17996]test .....
2014-06-01 19:50:12 [procName:proc1name][pid:17990]154
2014-06-01 19:50:12 [procName:proc1name][pid:17989]154
2014-06-01 19:50:13 [procName:][pid:14952]so gooo..
2014-06-01 19:50:13 [procName:proc1name][pid:14943]204
2014-06-01 19:50:13 [procName:][pid:14949]test .....
2014-06-01 19:50:13 [procName:][pid:14951]so gooo..
2014-06-01 19:50:13 [procName:][pid:14950]test .....
2014-06-01 19:50:13 [procName:proc1name][pid:14944]204
2014-06-01 19:50:13 [procName:proc1name][pid:21363]14
2014-06-01 19:50:13 [procName:proc1name][pid:21365]14
2014-06-01 19:50:13 [procName:][pid:21370]test .....
2014-06-01 19:50:13 [procName:][pid:21371]test .....
2014-06-01 19:50:13 [procName:][pid:21372]so gooo..
2014-06-01 19:50:13 [procName:][pid:21373]so gooo..
2014-06-01 19:50:13 [procName:][pid:17995]test .....
2014-06-01 19:50:13 [procName:][pid:17997]so gooo..
2014-06-01 19:50:13 [procName:][pid:17998]so gooo..
2014-06-01 19:50:13 [procName:][pid:17996]test .....
2014-06-01 19:50:13 [procName:proc1name][pid:17990]155
2014-06-01 19:50:13 [procName:proc1name][pid:17989]155
2014-06-01 19:50:14 [procName:][pid:14952]so gooo..
2014-06-01 19:50:14 [procName:proc1name][pid:14943]205
2014-06-01 19:50:14 [procName:][pid:14949]test .....
2014-06-01 19:50:14 [procName:][pid:14951]so gooo..
2014-06-01 19:50:14 [procName:][pid:14950]test .....
2014-06-01 19:50:14 [procName:proc1name][pid:14944]205
2014-06-01 19:50:14 [procName:proc1name][pid:21363]15
2014-06-01 19:50:14 [procName:proc1name][pid:21365]15
2014-06-01 19:50:14 [procName:][pid:21370]test .....
2014-06-01 19:50:14 [procName:][pid:21371]test .....
2014-06-01 19:50:14 [procName:][pid:21372]so gooo..
2014-06-01 19:50:14 [procName:][pid:21373]so gooo..
2014-06-01 19:50:14 [procName:][pid:17995]test .....
2014-06-01 19:50:14 [procName:][pid:17997]so gooo..
2014-06-01 19:50:14 [procName:][pid:17998]so gooo..
2014-06-01 19:50:14 [procName:][pid:17996]test .....
2014-06-01 19:50:14 [procName:proc1name][pid:17990]156
2014-06-01 19:50:14 [procName:proc1name][pid:17989]156
2014-06-01 19:50:15 [procName:][pid:14952]so gooo..
2014-06-01 19:50:15 [procName:proc1name][pid:14943]206
2014-06-01 19:50:15 [procName:][pid:14949]test .....
2014-06-01 19:50:15 [procName:][pid:14951]so gooo..
2014-06-01 19:50:15 [procName:][pid:14950]test .....
2014-06-01 19:50:15 [procName:proc1name][pid:14944]206
2014-06-01 19:50:15 [procName:proc1name][pid:21363]16
2014-06-01 19:50:15 [procName:proc1name][pid:21365]16
2014-06-01 19:50:15 [procName:][pid:21370]test .....
2014-06-01 19:50:15 [procName:][pid:21371]test .....
2014-06-01 19:50:15 [procName:][pid:21372]so gooo..
2014-06-01 19:50:15 [procName:][pid:21373]so gooo..
2014-06-01 19:50:15 [procName:][pid:17997]so gooo..
2014-06-01 19:50:15 [procName:][pid:17995]test .....
2014-06-01 19:50:15 [procName:][pid:17998]so gooo..
2014-06-01 19:50:15 [procName:][pid:17996]test .....
2014-06-01 19:50:15 [procName:proc1name][pid:17990]157
2014-06-01 19:50:15 [procName:proc1name][pid:17989]157
2014-06-01 19:50:16 [procName:][pid:14952]so gooo..
2014-06-01 19:50:16 [procName:proc1name][pid:14943]207
2014-06-01 19:50:16 [procName:][pid:14949]test .....
2014-06-01 19:50:16 [procName:][pid:14951]so gooo..
2014-06-01 19:50:16 [procName:][pid:14950]test .....
2014-06-01 19:50:16 [procName:proc1name][pid:14944]207
2014-06-01 19:50:16 [procName:proc1name][pid:21363]17
2014-06-01 19:50:16 [procName:proc1name][pid:21365]17
2014-06-01 19:50:16 [procName:][pid:21370]test .....
2014-06-01 19:50:16 [procName:][pid:21371]test .....
2014-06-01 19:50:16 [procName:][pid:21372]so gooo..
2014-06-01 19:50:16 [procName:][pid:21373]so gooo..
2014-06-01 19:50:16 [procName:][pid:17997]so gooo..
2014-06-01 19:50:16 [procName:][pid:17995]test .....
2014-06-01 19:50:16 [procName:][pid:17998]so gooo..
2014-06-01 19:50:16 [procName:][pid:17996]test .....
2014-06-01 19:50:16 [procName:proc1name][pid:17990]158
2014-06-01 19:50:16 [procName:proc1name][pid:17989]158
2014-06-01 19:50:17 [procName:][pid:14952]so gooo..
2014-06-01 19:50:17 [procName:proc1name][pid:14943]208
2014-06-01 19:50:17 [procName:][pid:14949]test .....
2014-06-01 19:50:17 [procName:][pid:14951]so gooo..
2014-06-01 19:50:17 [procName:][pid:14950]test .....
2014-06-01 19:50:17 [procName:proc1name][pid:14944]208
2014-06-01 19:50:17 [procName:proc1name][pid:21363]18
2014-06-01 19:50:17 [procName:proc1name][pid:21365]18
2014-06-01 19:50:17 [procName:][pid:21370]test .....
2014-06-01 19:50:17 [procName:][pid:21371]test .....
2014-06-01 19:50:17 [procName:][pid:21372]so gooo..
2014-06-01 19:50:17 [procName:][pid:21373]so gooo..
2014-06-01 19:50:17 [procName:][pid:17995]test .....
2014-06-01 19:50:17 [procName:][pid:17997]so gooo..
2014-06-01 19:50:17 [procName:][pid:17998]so gooo..
2014-06-01 19:50:17 [procName:][pid:17996]test .....
2014-06-01 19:50:17 [procName:proc1name][pid:17990]159
2014-06-01 19:50:17 [procName:proc1name][pid:17989]159
2014-06-01 19:50:18 [procName:][pid:14952]so gooo..
2014-06-01 19:50:18 [procName:proc1name][pid:14943]209
2014-06-01 19:50:18 [procName:][pid:14949]test .....
2014-06-01 19:50:18 [procName:][pid:14951]so gooo..
2014-06-01 19:50:18 [procName:][pid:14950]test .....
2014-06-01 19:50:18 [procName:proc1name][pid:14944]209
2014-06-01 19:50:18 [procName:proc1name][pid:21363]19
2014-06-01 19:50:18 [procName:proc1name][pid:21365]19
2014-06-01 19:50:18 [procName:][pid:21370]test .....
2014-06-01 19:50:18 [procName:][pid:21371]test .....
2014-06-01 19:50:18 [procName:][pid:21372]so gooo..
2014-06-01 19:50:18 [procName:][pid:21373]so gooo..
2014-06-01 19:50:18 [procName:][pid:17995]test .....
2014-06-01 19:50:18 [procName:][pid:17997]so gooo..
2014-06-01 19:50:18 [procName:][pid:17998]so gooo..
2014-06-01 19:50:18 [procName:][pid:17996]test .....
2014-06-01 19:50:18 [procName:proc1name][pid:17990]160
2014-06-01 19:50:18 [procName:proc1name][pid:17989]160
2014-06-01 19:50:19 [procName:][pid:14952]so gooo..
2014-06-01 19:50:19 [procName:proc1name][pid:14943]210
2014-06-01 19:50:19 [procName:][pid:14949]test .....
2014-06-01 19:50:19 [procName:][pid:14951]so gooo..
2014-06-01 19:50:19 [procName:][pid:14950]test .....
2014-06-01 19:50:19 [procName:proc1name][pid:14944]210
2014-06-01 19:50:19 [procName:proc1name][pid:21363]20
2014-06-01 19:50:19 [procName:proc1name][pid:21365]20
2014-06-01 19:50:19 [procName:][pid:21370]test .....
2014-06-01 19:50:19 [procName:][pid:21371]test .....
2014-06-01 19:50:19 [procName:][pid:21372]so gooo..
2014-06-01 19:50:19 [procName:][pid:21373]so gooo..
2014-06-01 19:50:19 [procName:][pid:17995]test .....
2014-06-01 19:50:19 [procName:][pid:17997]so gooo..
2014-06-01 19:50:19 [procName:][pid:17998]so gooo..
2014-06-01 19:50:19 [procName:][pid:17996]test .....
2014-06-01 19:50:19 [procName:proc1name][pid:17990]161
2014-06-01 19:50:19 [procName:proc1name][pid:17989]161
2014-06-01 19:50:20 [procName:][pid:14952]so gooo..
2014-06-01 19:50:20 [procName:proc1name][pid:14943]211
2014-06-01 19:50:20 [procName:][pid:14949]test .....
2014-06-01 19:50:20 [procName:][pid:14951]so gooo..
2014-06-01 19:50:20 [procName:][pid:14950]test .....
2014-06-01 19:50:20 [procName:proc1name][pid:14944]211
2014-06-01 19:50:20 [procName:proc1name][pid:21363]21
2014-06-01 19:50:20 [procName:proc1name][pid:21365]21
2014-06-01 19:50:20 [procName:][pid:21370]test .....
2014-06-01 19:50:20 [procName:][pid:21371]test .....
2014-06-01 19:50:20 [procName:][pid:21372]so gooo..
2014-06-01 19:50:20 [procName:][pid:21373]so gooo..
2014-06-01 19:50:20 [procName:][pid:17995]test .....
2014-06-01 19:50:20 [procName:][pid:17997]so gooo..
2014-06-01 19:50:20 [procName:][pid:17998]so gooo..
2014-06-01 19:50:20 [procName:][pid:17996]test .....
2014-06-01 19:50:20 [procName:proc1name][pid:17990]162
2014-06-01 19:50:20 [procName:proc1name][pid:17989]162
2014-06-01 19:50:21 [procName:][pid:14952]so gooo..
2014-06-01 19:50:21 [procName:proc1name][pid:14943]212
2014-06-01 19:50:21 [procName:][pid:14949]test .....
2014-06-01 19:50:21 [procName:][pid:14951]so gooo..
2014-06-01 19:50:21 [procName:][pid:14950]test .....
2014-06-01 19:50:21 [procName:proc1name][pid:14944]212
2014-06-01 19:50:21 [procName:proc1name][pid:21363]22
2014-06-01 19:50:21 [procName:proc1name][pid:21365]22
2014-06-01 19:50:21 [procName:][pid:21370]test .....
2014-06-01 19:50:21 [procName:][pid:21371]test .....
2014-06-01 19:50:21 [procName:][pid:21372]so gooo..
2014-06-01 19:50:21 [procName:][pid:21373]so gooo..
2014-06-01 19:50:21 [procName:][pid:17995]test .....
2014-06-01 19:50:21 [procName:][pid:17997]so gooo..
2014-06-01 19:50:21 [procName:][pid:17998]so gooo..
2014-06-01 19:50:21 [procName:][pid:17996]test .....
2014-06-01 19:50:21 [procName:proc1name][pid:17990]163
2014-06-01 19:50:21 [procName:proc1name][pid:17989]163
2014-06-01 19:50:22 [procName:][pid:14952]so gooo..
2014-06-01 19:50:22 [procName:proc1name][pid:14943]213
2014-06-01 19:50:22 [procName:][pid:14949]test .....
2014-06-01 19:50:22 [procName:][pid:14951]so gooo..
2014-06-01 19:50:22 [procName:][pid:14950]test .....
2014-06-01 19:50:22 [procName:proc1name][pid:14944]213
2014-06-01 19:50:22 [procName:proc1name][pid:21363]23
2014-06-01 19:50:22 [procName:proc1name][pid:21365]23
2014-06-01 19:50:22 [procName:][pid:21370]test .....
2014-06-01 19:50:22 [procName:][pid:21371]test .....
2014-06-01 19:50:22 [procName:][pid:21372]so gooo..
2014-06-01 19:50:22 [procName:][pid:21373]so gooo..
2014-06-01 19:50:22 [procName:][pid:17995]test .....
2014-06-01 19:50:22 [procName:][pid:17997]so gooo..
2014-06-01 19:50:22 [procName:][pid:17998]so gooo..
2014-06-01 19:50:22 [procName:][pid:17996]test .....
2014-06-01 19:50:22 [procName:proc1name][pid:17990]164
2014-06-01 19:50:22 [procName:proc1name][pid:17989]164
2014-06-01 19:50:23 [procName:][pid:14952]so gooo..
2014-06-01 19:50:23 [procName:proc1name][pid:14943]214
2014-06-01 19:50:23 [procName:][pid:14949]test .....
2014-06-01 19:50:23 [procName:][pid:14951]so gooo..
2014-06-01 19:50:23 [procName:][pid:14950]test .....
2014-06-01 19:50:23 [procName:proc1name][pid:14944]214
2014-06-01 19:50:23 [procName:proc1name][pid:21363]24
2014-06-01 19:50:23 [procName:proc1name][pid:21365]24
2014-06-01 19:50:23 [procName:][pid:21370]test .....
2014-06-01 19:50:23 [procName:][pid:21371]test .....
2014-06-01 19:50:23 [procName:][pid:21372]so gooo..
2014-06-01 19:50:23 [procName:][pid:21373]so gooo..
2014-06-01 19:50:23 [procName:][pid:17995]test .....
2014-06-01 19:50:23 [procName:][pid:17997]so gooo..
2014-06-01 19:50:23 [procName:][pid:17998]so gooo..
2014-06-01 19:50:23 [procName:][pid:17996]test .....
2014-06-01 19:50:23 [procName:proc1name][pid:17990]165
2014-06-01 19:50:23 [procName:proc1name][pid:17989]165
2014-06-01 19:50:24 [procName:][pid:14952]so gooo..
2014-06-01 19:50:24 [procName:proc1name][pid:14943]215
2014-06-01 19:50:24 [procName:][pid:14949]test .....
2014-06-01 19:50:24 [procName:][pid:14951]so gooo..
2014-06-01 19:50:24 [procName:][pid:14950]test .....
2014-06-01 19:50:24 [procName:proc1name][pid:14944]215
2014-06-01 19:50:24 [procName:proc1name][pid:21363]25
2014-06-01 19:50:24 [procName:proc1name][pid:21365]25
2014-06-01 19:50:24 [procName:][pid:21370]test .....
2014-06-01 19:50:24 [procName:][pid:21371]test .....
2014-06-01 19:50:24 [procName:][pid:21372]so gooo..
2014-06-01 19:50:24 [procName:][pid:21373]so gooo..
2014-06-01 19:50:24 [procName:][pid:17995]test .....
2014-06-01 19:50:24 [procName:][pid:17997]so gooo..
2014-06-01 19:50:24 [procName:][pid:17998]so gooo..
2014-06-01 19:50:24 [procName:][pid:17996]test .....
2014-06-01 19:50:24 [procName:proc1name][pid:17990]166
2014-06-01 19:50:24 [procName:proc1name][pid:17989]166
2014-06-01 19:50:25 [procName:][pid:14952]so gooo..
2014-06-01 19:50:25 [procName:proc1name][pid:14943]216
2014-06-01 19:50:25 [procName:][pid:14949]test .....
2014-06-01 19:50:25 [procName:][pid:14951]so gooo..
2014-06-01 19:50:25 [procName:][pid:14950]test .....
2014-06-01 19:50:25 [procName:proc1name][pid:14944]216
2014-06-01 19:50:25 [procName:proc1name][pid:21363]26
2014-06-01 19:50:25 [procName:proc1name][pid:21365]26
2014-06-01 19:50:25 [procName:][pid:21370]test .....
2014-06-01 19:50:25 [procName:][pid:21371]test .....
2014-06-01 19:50:25 [procName:][pid:21372]so gooo..
2014-06-01 19:50:25 [procName:][pid:21373]so gooo..
2014-06-01 19:50:25 [procName:][pid:17995]test .....
2014-06-01 19:50:25 [procName:][pid:17997]so gooo..
2014-06-01 19:50:25 [procName:][pid:17998]so gooo..
2014-06-01 19:50:25 [procName:][pid:17996]test .....
2014-06-01 19:50:25 [procName:proc1name][pid:17990]167
2014-06-01 19:50:25 [procName:proc1name][pid:17989]167
2014-06-01 19:50:26 [procName:][pid:14952]so gooo..
2014-06-01 19:50:26 [procName:proc1name][pid:14943]217
2014-06-01 19:50:26 [procName:][pid:14949]test .....
2014-06-01 19:50:26 [procName:][pid:14951]so gooo..
2014-06-01 19:50:26 [procName:][pid:14950]test .....
2014-06-01 19:50:26 [procName:proc1name][pid:14944]217
2014-06-01 19:50:26 [procName:proc1name][pid:21363]27
2014-06-01 19:50:26 [procName:proc1name][pid:21365]27
2014-06-01 19:50:26 [procName:][pid:21370]test .....
2014-06-01 19:50:26 [procName:][pid:21371]test .....
2014-06-01 19:50:26 [procName:][pid:21372]so gooo..
2014-06-01 19:50:26 [procName:][pid:21373]so gooo..
2014-06-01 19:50:26 [procName:][pid:17995]test .....
2014-06-01 19:50:26 [procName:][pid:17997]so gooo..
2014-06-01 19:50:26 [procName:][pid:17998]so gooo..
2014-06-01 19:50:26 [procName:][pid:17996]test .....
2014-06-01 19:50:26 [procName:proc1name][pid:17990]168
2014-06-01 19:50:26 [procName:proc1name][pid:17989]168
2014-06-01 19:50:27 [procName:][pid:14952]so gooo..
2014-06-01 19:50:27 [procName:proc1name][pid:14943]218
2014-06-01 19:50:27 [procName:][pid:14949]test .....
2014-06-01 19:50:27 [procName:][pid:14951]so gooo..
2014-06-01 19:50:27 [procName:][pid:14950]test .....
2014-06-01 19:50:27 [procName:proc1name][pid:14944]218
2014-06-01 19:50:27 [procName:proc1name][pid:21363]28
2014-06-01 19:50:27 [procName:proc1name][pid:21365]28
2014-06-01 19:50:27 [procName:][pid:21370]test .....
2014-06-01 19:50:27 [procName:][pid:21371]test .....
2014-06-01 19:50:27 [procName:][pid:21372]so gooo..
2014-06-01 19:50:27 [procName:][pid:21373]so gooo..
2014-06-01 19:50:27 [procName:][pid:17995]test .....
2014-06-01 19:50:27 [procName:][pid:17997]so gooo..
2014-06-01 19:50:27 [procName:][pid:17998]so gooo..
2014-06-01 19:50:27 [procName:][pid:17996]test .....
2014-06-01 19:50:27 [procName:proc1name][pid:17990]169
2014-06-01 19:50:27 [procName:proc1name][pid:17989]169
2014-06-01 19:50:28 [procName:][pid:14952]so gooo..
2014-06-01 19:50:28 [procName:proc1name][pid:14943]219
2014-06-01 19:50:28 [procName:][pid:14949]test .....
2014-06-01 19:50:28 [procName:][pid:14951]so gooo..
2014-06-01 19:50:28 [procName:][pid:14950]test .....
2014-06-01 19:50:28 [procName:proc1name][pid:14944]219
2014-06-01 19:50:28 [procName:proc1name][pid:21363]29
2014-06-01 19:50:28 [procName:proc1name][pid:21365]29
2014-06-01 19:50:28 [procName:][pid:21370]test .....
2014-06-01 19:50:28 [procName:][pid:21371]test .....
2014-06-01 19:50:28 [procName:][pid:21372]so gooo..
2014-06-01 19:50:28 [procName:][pid:21373]so gooo..
2014-06-01 19:50:28 [procName:][pid:17995]test .....
2014-06-01 19:50:28 [procName:][pid:17997]so gooo..
2014-06-01 19:50:28 [procName:][pid:17998]so gooo..
2014-06-01 19:50:28 [procName:][pid:17996]test .....
2014-06-01 19:50:28 [procName:proc1name][pid:17990]170
2014-06-01 19:50:28 [procName:proc1name][pid:17989]170
2014-06-01 19:50:29 [procName:][pid:14952]so gooo..
2014-06-01 19:50:29 [procName:proc1name][pid:14943]220
2014-06-01 19:50:29 [procName:][pid:14951]so gooo..
2014-06-01 19:50:29 [procName:][pid:14949]test .....
2014-06-01 19:50:29 [procName:][pid:14950]test .....
2014-06-01 19:50:29 [procName:proc1name][pid:14944]220
2014-06-01 19:50:29 [procName:proc1name][pid:21363]30
2014-06-01 19:50:29 [procName:proc1name][pid:21365]30
2014-06-01 19:50:29 [procName:][pid:21370]test .....
2014-06-01 19:50:29 [procName:][pid:21371]test .....
2014-06-01 19:50:29 [procName:][pid:21372]so gooo..
2014-06-01 19:50:29 [procName:][pid:21373]so gooo..
2014-06-01 19:50:29 [procName:][pid:17995]test .....
2014-06-01 19:50:29 [procName:][pid:17997]so gooo..
2014-06-01 19:50:29 [procName:][pid:17998]so gooo..
2014-06-01 19:50:29 [procName:][pid:17996]test .....
2014-06-01 19:50:29 [procName:proc1name][pid:17990]171
2014-06-01 19:50:29 [procName:proc1name][pid:17989]171
2014-06-01 19:50:30 [procName:][pid:14952]so gooo..
2014-06-01 19:50:30 [procName:proc1name][pid:14943]221
2014-06-01 19:50:30 [procName:][pid:14951]so gooo..
2014-06-01 19:50:30 [procName:][pid:14949]test .....
2014-06-01 19:50:30 [procName:][pid:14950]test .....
2014-06-01 19:50:30 [procName:proc1name][pid:14944]221
2014-06-01 19:50:30 [procName:proc1name][pid:21363]31
2014-06-01 19:50:30 [procName:proc1name][pid:21365]31
2014-06-01 19:50:30 [procName:][pid:21370]test .....
2014-06-01 19:50:30 [procName:][pid:21371]test .....
2014-06-01 19:50:30 [procName:][pid:21372]so gooo..
2014-06-01 19:50:30 [procName:][pid:21373]so gooo..
2014-06-01 19:50:30 [procName:][pid:17995]test .....
2014-06-01 19:50:30 [procName:][pid:17997]so gooo..
2014-06-01 19:50:30 [procName:][pid:17998]so gooo..
2014-06-01 19:50:30 [procName:][pid:17996]test .....
2014-06-01 19:50:30 [procName:proc1name][pid:17990]172
2014-06-01 19:50:30 [procName:proc1name][pid:17989]172
2014-06-01 19:50:31 [procName:][pid:14952]so gooo..
2014-06-01 19:50:31 [procName:proc1name][pid:14943]222
2014-06-01 19:50:31 [procName:][pid:14949]test .....
2014-06-01 19:50:31 [procName:][pid:14951]so gooo..
2014-06-01 19:50:31 [procName:][pid:14950]test .....
2014-06-01 19:50:31 [procName:proc1name][pid:14944]222
2014-06-01 19:50:31 [procName:proc1name][pid:21363]32
2014-06-01 19:50:31 [procName:proc1name][pid:21365]32
2014-06-01 19:50:31 [procName:][pid:21370]test .....
2014-06-01 19:50:31 [procName:][pid:21371]test .....
2014-06-01 19:50:31 [procName:][pid:21372]so gooo..
2014-06-01 19:50:31 [procName:][pid:21373]so gooo..
2014-06-01 19:50:31 [procName:][pid:17995]test .....
2014-06-01 19:50:31 [procName:][pid:17997]so gooo..
2014-06-01 19:50:31 [procName:][pid:17998]so gooo..
2014-06-01 19:50:31 [procName:][pid:17996]test .....
2014-06-01 19:50:31 [procName:proc1name][pid:17990]173
2014-06-01 19:50:31 [procName:proc1name][pid:17989]173
2014-06-01 19:50:32 [procName:][pid:14952]so gooo..
2014-06-01 19:50:32 [procName:proc1name][pid:14943]223
2014-06-01 19:50:32 [procName:][pid:14949]test .....
2014-06-01 19:50:32 [procName:][pid:14951]so gooo..
2014-06-01 19:50:32 [procName:][pid:14950]test .....
2014-06-01 19:50:32 [procName:proc1name][pid:14944]223
2014-06-01 19:50:32 [procName:proc1name][pid:21363]33
2014-06-01 19:50:32 [procName:proc1name][pid:21365]33
2014-06-01 19:50:32 [procName:][pid:21370]test .....
2014-06-01 19:50:32 [procName:][pid:21371]test .....
2014-06-01 19:50:32 [procName:][pid:21372]so gooo..
2014-06-01 19:50:32 [procName:][pid:21373]so gooo..
2014-06-01 19:50:32 [procName:][pid:17995]test .....
2014-06-01 19:50:32 [procName:][pid:17997]so gooo..
2014-06-01 19:50:32 [procName:][pid:17998]so gooo..
2014-06-01 19:50:32 [procName:][pid:17996]test .....
2014-06-01 19:50:32 [procName:proc1name][pid:17990]174
2014-06-01 19:50:32 [procName:proc1name][pid:17989]174
2014-06-01 19:50:33 [procName:][pid:14952]so gooo..
2014-06-01 19:50:33 [procName:proc1name][pid:14943]224
2014-06-01 19:50:33 [procName:][pid:14949]test .....
2014-06-01 19:50:33 [procName:][pid:14951]so gooo..
2014-06-01 19:50:33 [procName:][pid:14950]test .....
2014-06-01 19:50:33 [procName:proc1name][pid:14944]224
2014-06-01 19:50:33 [procName:proc1name][pid:21363]34
2014-06-01 19:50:33 [procName:proc1name][pid:21365]34
2014-06-01 19:50:33 [procName:][pid:21370]test .....
2014-06-01 19:50:33 [procName:][pid:21371]test .....
2014-06-01 19:50:33 [procName:][pid:21372]so gooo..
2014-06-01 19:50:33 [procName:][pid:21373]so gooo..
2014-06-01 19:50:33 [procName:][pid:17995]test .....
2014-06-01 19:50:33 [procName:][pid:17997]so gooo..
2014-06-01 19:50:33 [procName:][pid:17998]so gooo..
2014-06-01 19:50:33 [procName:][pid:17996]test .....
2014-06-01 19:50:33 [procName:proc1name][pid:17990]175
2014-06-01 19:50:33 [procName:proc1name][pid:17989]175
2014-06-01 19:50:33 [procName:][pid:21362]Receive stop command
2014-06-01 19:50:33 [procName:][pid:21939]Master proccess 21362 successfully
2014-06-01 19:50:33 [procName:][pid:21362]stop childrens
2014-06-01 19:50:33 [procName:][pid:21362]send kill singal to 21363
2014-06-01 19:50:33 [procName:proc1name][pid:21363]proc proc1name exited.
2014-06-01 19:50:33 [procName:][pid:21362]send kill singal to 21365
2014-06-01 19:50:33 [procName:proc1name][pid:21365]proc proc1name exited.
2014-06-01 19:50:33 [procName:][pid:21362]send kill singal to 21370
2014-06-01 19:50:33 [procName:][pid:21362]send kill singal to 21371
2014-06-01 19:50:33 [procName:][pid:21370]proc  exited.
2014-06-01 19:50:33 [procName:][pid:21362]send kill singal to 21372
2014-06-01 19:50:33 [procName:][pid:21371]proc  exited.
2014-06-01 19:50:33 [procName:][pid:21372]proc  exited.
2014-06-01 19:50:33 [procName:][pid:21362]send kill singal to 21373
2014-06-01 19:50:33 [procName:][pid:21373]proc  exited.
2014-06-01 19:50:34 [procName:][pid:14952]so gooo..
2014-06-01 19:50:34 [procName:proc1name][pid:14943]225
2014-06-01 19:50:34 [procName:][pid:14949]test .....
2014-06-01 19:50:34 [procName:][pid:14951]so gooo..
2014-06-01 19:50:34 [procName:][pid:14950]test .....
2014-06-01 19:50:34 [procName:proc1name][pid:14944]225
2014-06-01 19:50:34 [procName:][pid:17995]test .....
2014-06-01 19:50:34 [procName:][pid:17997]so gooo..
2014-06-01 19:50:34 [procName:][pid:17998]so gooo..
2014-06-01 19:50:34 [procName:][pid:17996]test .....
2014-06-01 19:50:34 [procName:proc1name][pid:17990]176
2014-06-01 19:50:34 [procName:proc1name][pid:17989]176
2014-06-01 19:50:34 [procName:][pid:21362]ProcOne1 exited 
2014-06-01 19:50:34 [procName:][pid:21362]children  exited , parent catch it
2014-06-01 19:50:35 [procName:][pid:14952]so gooo..
2014-06-01 19:50:35 [procName:proc1name][pid:14943]226
2014-06-01 19:50:35 [procName:][pid:14949]test .....
2014-06-01 19:50:35 [procName:][pid:14951]so gooo..
2014-06-01 19:50:35 [procName:][pid:14950]test .....
2014-06-01 19:50:35 [procName:proc1name][pid:14944]226
2014-06-01 19:50:35 [procName:][pid:17995]test .....
2014-06-01 19:50:35 [procName:][pid:17997]so gooo..
2014-06-01 19:50:35 [procName:][pid:17998]so gooo..
2014-06-01 19:50:35 [procName:][pid:17996]test .....
2014-06-01 19:50:35 [procName:proc1name][pid:17990]177
2014-06-01 19:50:35 [procName:proc1name][pid:17989]177
2014-06-01 19:50:35 [procName:][pid:21362]ProcOne2 exited 
2014-06-01 19:50:35 [procName:][pid:21362]children  exited , parent catch it
2014-06-01 19:50:36 [procName:][pid:14952]so gooo..
2014-06-01 19:50:36 [procName:proc1name][pid:14943]227
2014-06-01 19:50:36 [procName:][pid:14949]test .....
2014-06-01 19:50:36 [procName:][pid:14951]so gooo..
2014-06-01 19:50:36 [procName:][pid:14950]test .....
2014-06-01 19:50:36 [procName:proc1name][pid:14944]227
2014-06-01 19:50:36 [procName:][pid:17995]test .....
2014-06-01 19:50:36 [procName:][pid:17997]so gooo..
2014-06-01 19:50:36 [procName:][pid:17998]so gooo..
2014-06-01 19:50:36 [procName:proc1name][pid:17990]178
2014-06-01 19:50:36 [procName:][pid:17996]test .....
2014-06-01 19:50:36 [procName:proc1name][pid:17989]178
2014-06-01 19:50:36 [procName:][pid:21362]Baidu1 exited 
2014-06-01 19:50:36 [procName:][pid:21362]children  exited , parent catch it
2014-06-01 19:50:37 [procName:][pid:14952]so gooo..
2014-06-01 19:50:37 [procName:proc1name][pid:14943]228
2014-06-01 19:50:37 [procName:][pid:14951]so gooo..
2014-06-01 19:50:37 [procName:][pid:14949]test .....
2014-06-01 19:50:37 [procName:][pid:14950]test .....
2014-06-01 19:50:37 [procName:proc1name][pid:14944]228
2014-06-01 19:50:37 [procName:][pid:17995]test .....
2014-06-01 19:50:37 [procName:][pid:17997]so gooo..
2014-06-01 19:50:37 [procName:][pid:17998]so gooo..
2014-06-01 19:50:37 [procName:proc1name][pid:17990]179
2014-06-01 19:50:37 [procName:][pid:17996]test .....
2014-06-01 19:50:37 [procName:proc1name][pid:17989]179
2014-06-01 19:50:37 [procName:][pid:21362]Baidu2 exited 
2014-06-01 19:50:37 [procName:][pid:21362]children  exited , parent catch it
2014-06-01 19:50:38 [procName:][pid:14952]so gooo..
2014-06-01 19:50:38 [procName:proc1name][pid:14943]229
2014-06-01 19:50:38 [procName:][pid:14951]so gooo..
2014-06-01 19:50:38 [procName:][pid:14949]test .....
2014-06-01 19:50:38 [procName:][pid:14950]test .....
2014-06-01 19:50:38 [procName:proc1name][pid:14944]229
2014-06-01 19:50:38 [procName:][pid:17995]test .....
2014-06-01 19:50:38 [procName:][pid:17997]so gooo..
2014-06-01 19:50:38 [procName:][pid:17998]so gooo..
2014-06-01 19:50:38 [procName:proc1name][pid:17990]180
2014-06-01 19:50:38 [procName:][pid:17996]test .....
2014-06-01 19:50:38 [procName:proc1name][pid:17989]180
2014-06-01 19:50:38 [procName:][pid:21362]Sougou1 exited 
2014-06-01 19:50:38 [procName:][pid:21362]children  exited , parent catch it
2014-06-01 19:50:39 [procName:][pid:14952]so gooo..
2014-06-01 19:50:39 [procName:proc1name][pid:14943]230
2014-06-01 19:50:39 [procName:][pid:14951]so gooo..
2014-06-01 19:50:39 [procName:][pid:14949]test .....
2014-06-01 19:50:39 [procName:][pid:14950]test .....
2014-06-01 19:50:39 [procName:proc1name][pid:14944]230
2014-06-01 19:50:39 [procName:][pid:17995]test .....
2014-06-01 19:50:39 [procName:][pid:17997]so gooo..
2014-06-01 19:50:39 [procName:][pid:17998]so gooo..
2014-06-01 19:50:39 [procName:proc1name][pid:17990]181
2014-06-01 19:50:39 [procName:][pid:17996]test .....
2014-06-01 19:50:39 [procName:proc1name][pid:17989]181
2014-06-01 19:50:39 [procName:][pid:21362]Sougou2 exited 
2014-06-01 19:50:39 [procName:][pid:21362]children  exited , parent catch it
2014-06-01 19:50:40 [procName:][pid:14952]so gooo..
2014-06-01 19:50:40 [procName:proc1name][pid:14943]231
2014-06-01 19:50:40 [procName:][pid:14949]test .....
2014-06-01 19:50:40 [procName:][pid:14951]so gooo..
2014-06-01 19:50:40 [procName:][pid:14950]test .....
2014-06-01 19:50:40 [procName:proc1name][pid:14944]231
2014-06-01 19:50:40 [procName:][pid:17995]test .....
2014-06-01 19:50:40 [procName:][pid:17998]so gooo..
2014-06-01 19:50:40 [procName:][pid:17997]so gooo..
2014-06-01 19:50:40 [procName:proc1name][pid:17990]182
2014-06-01 19:50:40 [procName:][pid:17996]test .....
2014-06-01 19:50:40 [procName:proc1name][pid:17989]182
2014-06-01 19:50:40 [procName:][pid:21362]Master proc exited
2014-06-01 19:50:41 [procName:][pid:14952]so gooo..
2014-06-01 19:50:41 [procName:proc1name][pid:14943]232
2014-06-01 19:50:41 [procName:][pid:14951]so gooo..
2014-06-01 19:50:41 [procName:][pid:14949]test .....
2014-06-01 19:50:41 [procName:][pid:14950]test .....
2014-06-01 19:50:41 [procName:proc1name][pid:14944]232
2014-06-01 19:50:41 [procName:][pid:17995]test .....
2014-06-01 19:50:41 [procName:][pid:17998]so gooo..
2014-06-01 19:50:41 [procName:][pid:17997]so gooo..
2014-06-01 19:50:41 [procName:proc1name][pid:17990]183
2014-06-01 19:50:41 [procName:][pid:17996]test .....
2014-06-01 19:50:41 [procName:proc1name][pid:17989]183
2014-06-01 19:50:42 [procName:][pid:14952]so gooo..
2014-06-01 19:50:42 [procName:proc1name][pid:14943]233
2014-06-01 19:50:42 [procName:][pid:14949]test .....
2014-06-01 19:50:42 [procName:][pid:14951]so gooo..
2014-06-01 19:50:42 [procName:][pid:14950]test .....
2014-06-01 19:50:42 [procName:proc1name][pid:14944]233
2014-06-01 19:50:42 [procName:][pid:17995]test .....
2014-06-01 19:50:42 [procName:][pid:17998]so gooo..
2014-06-01 19:50:42 [procName:][pid:17997]so gooo..
2014-06-01 19:50:42 [procName:proc1name][pid:17990]184
2014-06-01 19:50:42 [procName:][pid:17996]test .....
2014-06-01 19:50:42 [procName:proc1name][pid:17989]184
2014-06-01 19:50:43 [procName:proc1name][pid:14943]234
2014-06-01 19:50:43 [procName:][pid:14952]so gooo..
2014-06-01 19:50:43 [procName:][pid:14949]test .....
2014-06-01 19:50:43 [procName:][pid:14951]so gooo..
2014-06-01 19:50:43 [procName:][pid:14950]test .....
2014-06-01 19:50:43 [procName:proc1name][pid:14944]234
2014-06-01 19:50:43 [procName:][pid:17995]test .....
2014-06-01 19:50:43 [procName:][pid:17998]so gooo..
2014-06-01 19:50:43 [procName:][pid:17997]so gooo..
2014-06-01 19:50:43 [procName:proc1name][pid:17990]185
2014-06-01 19:50:43 [procName:][pid:17996]test .....
2014-06-01 19:50:43 [procName:proc1name][pid:17989]185
2014-06-01 19:50:44 [procName:proc1name][pid:14943]235
2014-06-01 19:50:44 [procName:][pid:14952]so gooo..
2014-06-01 19:50:44 [procName:][pid:14949]test .....
2014-06-01 19:50:44 [procName:][pid:14951]so gooo..
2014-06-01 19:50:44 [procName:][pid:14950]test .....
2014-06-01 19:50:44 [procName:proc1name][pid:14944]235
2014-06-01 19:50:44 [procName:][pid:17995]test .....
2014-06-01 19:50:44 [procName:][pid:17998]so gooo..
2014-06-01 19:50:44 [procName:][pid:17997]so gooo..
2014-06-01 19:50:44 [procName:proc1name][pid:17990]186
2014-06-01 19:50:44 [procName:][pid:17996]test .....
2014-06-01 19:50:44 [procName:proc1name][pid:17989]186
2014-06-01 19:50:45 [procName:][pid:14952]so gooo..
2014-06-01 19:50:45 [procName:proc1name][pid:14943]236
2014-06-01 19:50:45 [procName:][pid:14949]test .....
2014-06-01 19:50:45 [procName:][pid:14951]so gooo..
2014-06-01 19:50:45 [procName:][pid:14950]test .....
2014-06-01 19:50:45 [procName:proc1name][pid:14944]236
2014-06-01 19:50:45 [procName:][pid:17995]test .....
2014-06-01 19:50:45 [procName:][pid:17998]so gooo..
2014-06-01 19:50:45 [procName:][pid:17997]so gooo..
2014-06-01 19:50:45 [procName:proc1name][pid:17990]187
2014-06-01 19:50:45 [procName:][pid:17996]test .....
2014-06-01 19:50:45 [procName:proc1name][pid:17989]187
2014-06-01 19:50:46 [procName:][pid:14952]so gooo..
2014-06-01 19:50:46 [procName:proc1name][pid:14943]237
2014-06-01 19:50:46 [procName:][pid:14949]test .....
2014-06-01 19:50:46 [procName:][pid:14951]so gooo..
2014-06-01 19:50:46 [procName:][pid:14950]test .....
2014-06-01 19:50:46 [procName:proc1name][pid:14944]237
2014-06-01 19:50:46 [procName:][pid:17995]test .....
2014-06-01 19:50:46 [procName:][pid:17998]so gooo..
2014-06-01 19:50:46 [procName:][pid:17997]so gooo..
2014-06-01 19:50:46 [procName:proc1name][pid:17990]188
2014-06-01 19:50:46 [procName:][pid:17996]test .....
2014-06-01 19:50:46 [procName:proc1name][pid:17989]188
2014-06-01 19:50:47 [procName:][pid:14952]so gooo..
2014-06-01 19:50:47 [procName:proc1name][pid:14943]238
2014-06-01 19:50:47 [procName:][pid:14949]test .....
2014-06-01 19:50:47 [procName:][pid:14951]so gooo..
2014-06-01 19:50:47 [procName:][pid:14950]test .....
2014-06-01 19:50:47 [procName:proc1name][pid:14944]238
2014-06-01 19:50:47 [procName:][pid:17995]test .....
2014-06-01 19:50:47 [procName:][pid:17998]so gooo..
2014-06-01 19:50:47 [procName:][pid:17997]so gooo..
2014-06-01 19:50:47 [procName:proc1name][pid:17990]189
2014-06-01 19:50:47 [procName:][pid:17996]test .....
2014-06-01 19:50:47 [procName:proc1name][pid:17989]189
2014-06-01 19:50:48 [procName:][pid:14952]so gooo..
2014-06-01 19:50:48 [procName:proc1name][pid:14943]239
2014-06-01 19:50:48 [procName:][pid:14949]test .....
2014-06-01 19:50:48 [procName:][pid:14951]so gooo..
2014-06-01 19:50:48 [procName:][pid:14950]test .....
2014-06-01 19:50:48 [procName:proc1name][pid:14944]239
2014-06-01 19:50:48 [procName:][pid:17995]test .....
2014-06-01 19:50:48 [procName:][pid:17998]so gooo..
2014-06-01 19:50:48 [procName:][pid:17997]so gooo..
2014-06-01 19:50:48 [procName:proc1name][pid:17990]190
2014-06-01 19:50:48 [procName:][pid:17996]test .....
2014-06-01 19:50:48 [procName:proc1name][pid:17989]190
2014-06-01 19:50:49 [procName:][pid:14952]so gooo..
2014-06-01 19:50:49 [procName:proc1name][pid:14943]240
2014-06-01 19:50:49 [procName:][pid:14949]test .....
2014-06-01 19:50:49 [procName:][pid:14951]so gooo..
2014-06-01 19:50:49 [procName:][pid:14950]test .....
2014-06-01 19:50:49 [procName:proc1name][pid:14944]240
2014-06-01 19:50:49 [procName:][pid:17995]test .....
2014-06-01 19:50:49 [procName:][pid:17998]so gooo..
2014-06-01 19:50:49 [procName:][pid:17997]so gooo..
2014-06-01 19:50:49 [procName:proc1name][pid:17990]191
2014-06-01 19:50:49 [procName:][pid:17996]test .....
2014-06-01 19:50:49 [procName:proc1name][pid:17989]191
2014-06-01 19:50:50 [procName:][pid:14952]so gooo..
2014-06-01 19:50:50 [procName:proc1name][pid:14943]241
2014-06-01 19:50:50 [procName:][pid:14949]test .....
2014-06-01 19:50:50 [procName:][pid:14951]so gooo..
2014-06-01 19:50:50 [procName:][pid:14950]test .....
2014-06-01 19:50:50 [procName:proc1name][pid:14944]241
2014-06-01 19:50:50 [procName:][pid:17995]test .....
2014-06-01 19:50:50 [procName:][pid:17998]so gooo..
2014-06-01 19:50:50 [procName:][pid:17997]so gooo..
2014-06-01 19:50:50 [procName:proc1name][pid:17990]192
2014-06-01 19:50:50 [procName:][pid:17996]test .....
2014-06-01 19:50:50 [procName:proc1name][pid:17989]192
2014-06-01 19:50:51 [procName:][pid:14952]so gooo..
2014-06-01 19:50:51 [procName:proc1name][pid:14943]242
2014-06-01 19:50:51 [procName:][pid:14949]test .....
2014-06-01 19:50:51 [procName:][pid:14951]so gooo..
2014-06-01 19:50:51 [procName:][pid:14950]test .....
2014-06-01 19:50:51 [procName:proc1name][pid:14944]242
2014-06-01 19:50:51 [procName:][pid:17995]test .....
2014-06-01 19:50:51 [procName:][pid:17998]so gooo..
2014-06-01 19:50:51 [procName:][pid:17997]so gooo..
2014-06-01 19:50:51 [procName:proc1name][pid:17990]193
2014-06-01 19:50:51 [procName:][pid:17996]test .....
2014-06-01 19:50:51 [procName:proc1name][pid:17989]193
2014-06-01 19:50:52 [procName:][pid:14952]so gooo..
2014-06-01 19:50:52 [procName:proc1name][pid:14943]243
2014-06-01 19:50:52 [procName:][pid:14949]test .....
2014-06-01 19:50:52 [procName:][pid:14951]so gooo..
2014-06-01 19:50:52 [procName:][pid:14950]test .....
2014-06-01 19:50:52 [procName:proc1name][pid:14944]243
2014-06-01 19:50:52 [procName:][pid:17998]so gooo..
2014-06-01 19:50:52 [procName:][pid:17995]test .....
2014-06-01 19:50:52 [procName:][pid:17997]so gooo..
2014-06-01 19:50:52 [procName:proc1name][pid:17990]194
2014-06-01 19:50:52 [procName:][pid:17996]test .....
2014-06-01 19:50:52 [procName:proc1name][pid:17989]194
2014-06-01 19:50:53 [procName:proc1name][pid:14943]244
2014-06-01 19:50:53 [procName:][pid:14952]so gooo..
2014-06-01 19:50:53 [procName:][pid:14951]so gooo..
2014-06-01 19:50:53 [procName:][pid:14949]test .....
2014-06-01 19:50:53 [procName:][pid:14950]test .....
2014-06-01 19:50:53 [procName:proc1name][pid:14944]244
2014-06-01 19:50:53 [procName:][pid:17998]so gooo..
2014-06-01 19:50:53 [procName:][pid:17997]so gooo..
2014-06-01 19:50:53 [procName:][pid:17995]test .....
2014-06-01 19:50:53 [procName:proc1name][pid:17990]195
2014-06-01 19:50:53 [procName:][pid:17996]test .....
2014-06-01 19:50:53 [procName:proc1name][pid:17989]195
2014-06-01 19:50:54 [procName:proc1name][pid:14943]245
2014-06-01 19:50:54 [procName:][pid:14952]so gooo..
2014-06-01 19:50:54 [procName:][pid:14951]so gooo..
2014-06-01 19:50:54 [procName:][pid:14949]test .....
2014-06-01 19:50:54 [procName:][pid:14950]test .....
2014-06-01 19:50:54 [procName:proc1name][pid:14944]245
2014-06-01 19:50:54 [procName:][pid:17995]test .....
2014-06-01 19:50:54 [procName:][pid:17998]so gooo..
2014-06-01 19:50:54 [procName:][pid:17997]so gooo..
2014-06-01 19:50:54 [procName:proc1name][pid:17990]196
2014-06-01 19:50:54 [procName:][pid:17996]test .....
2014-06-01 19:50:54 [procName:proc1name][pid:17989]196
2014-06-01 19:50:55 [procName:][pid:14952]so gooo..
2014-06-01 19:50:55 [procName:proc1name][pid:14943]246
2014-06-01 19:50:55 [procName:][pid:14951]so gooo..
2014-06-01 19:50:55 [procName:][pid:14949]test .....
2014-06-01 19:50:55 [procName:][pid:14950]test .....
2014-06-01 19:50:55 [procName:proc1name][pid:14944]246
2014-06-01 19:50:55 [procName:][pid:17998]so gooo..
2014-06-01 19:50:55 [procName:][pid:17995]test .....
2014-06-01 19:50:55 [procName:][pid:17997]so gooo..
2014-06-01 19:50:55 [procName:proc1name][pid:17990]197
2014-06-01 19:50:55 [procName:][pid:17996]test .....
2014-06-01 19:50:55 [procName:proc1name][pid:17989]197
2014-06-01 19:50:56 [procName:][pid:14952]so gooo..
2014-06-01 19:50:56 [procName:proc1name][pid:14943]247
2014-06-01 19:50:56 [procName:][pid:14951]so gooo..
2014-06-01 19:50:56 [procName:][pid:14949]test .....
2014-06-01 19:50:56 [procName:][pid:14950]test .....
2014-06-01 19:50:56 [procName:proc1name][pid:14944]247
2014-06-01 19:50:56 [procName:][pid:17998]so gooo..
2014-06-01 19:50:56 [procName:][pid:17997]so gooo..
2014-06-01 19:50:56 [procName:][pid:17995]test .....
2014-06-01 19:50:56 [procName:proc1name][pid:17990]198
2014-06-01 19:50:56 [procName:][pid:17996]test .....
2014-06-01 19:50:56 [procName:proc1name][pid:17989]198
2014-06-01 19:50:57 [procName:][pid:14952]so gooo..
2014-06-01 19:50:57 [procName:proc1name][pid:14943]248
2014-06-01 19:50:57 [procName:][pid:14951]so gooo..
2014-06-01 19:50:57 [procName:][pid:14949]test .....
2014-06-01 19:50:57 [procName:][pid:14950]test .....
2014-06-01 19:50:57 [procName:proc1name][pid:14944]248
2014-06-01 19:50:57 [procName:][pid:17998]so gooo..
2014-06-01 19:50:57 [procName:][pid:17995]test .....
2014-06-01 19:50:57 [procName:][pid:17997]so gooo..
2014-06-01 19:50:57 [procName:proc1name][pid:17990]199
2014-06-01 19:50:57 [procName:][pid:17996]test .....
2014-06-01 19:50:57 [procName:proc1name][pid:17989]199
2014-06-01 19:50:58 [procName:][pid:14952]so gooo..
2014-06-01 19:50:58 [procName:proc1name][pid:14943]249
2014-06-01 19:50:58 [procName:][pid:14949]test .....
2014-06-01 19:50:58 [procName:][pid:14951]so gooo..
2014-06-01 19:50:58 [procName:][pid:14950]test .....
2014-06-01 19:50:58 [procName:proc1name][pid:14944]249
2014-06-01 19:50:58 [procName:][pid:17998]so gooo..
2014-06-01 19:50:58 [procName:][pid:17995]test .....
2014-06-01 19:50:58 [procName:][pid:17997]so gooo..
2014-06-01 19:50:58 [procName:proc1name][pid:17990]200
2014-06-01 19:50:58 [procName:][pid:17996]test .....
2014-06-01 19:50:58 [procName:proc1name][pid:17989]200
2014-06-01 19:50:59 [procName:][pid:14952]so gooo..
2014-06-01 19:50:59 [procName:proc1name][pid:14943]250
2014-06-01 19:50:59 [procName:][pid:14949]test .....
2014-06-01 19:50:59 [procName:][pid:14951]so gooo..
2014-06-01 19:50:59 [procName:][pid:14950]test .....
2014-06-01 19:50:59 [procName:proc1name][pid:14944]250
2014-06-01 19:50:59 [procName:][pid:17998]so gooo..
2014-06-01 19:50:59 [procName:][pid:17995]test .....
2014-06-01 19:50:59 [procName:][pid:17997]so gooo..
2014-06-01 19:50:59 [procName:proc1name][pid:17990]201
2014-06-01 19:50:59 [procName:][pid:17996]test .....
2014-06-01 19:50:59 [procName:proc1name][pid:17989]201
2014-06-01 19:51:00 [procName:proc1name][pid:14943]251
2014-06-01 19:51:00 [procName:][pid:14952]so gooo..
2014-06-01 19:51:00 [procName:][pid:14951]so gooo..
2014-06-01 19:51:00 [procName:][pid:14949]test .....
2014-06-01 19:51:00 [procName:][pid:14950]test .....
2014-06-01 19:51:00 [procName:proc1name][pid:14944]251
2014-06-01 19:51:00 [procName:][pid:17998]so gooo..
2014-06-01 19:51:00 [procName:][pid:17995]test .....
2014-06-01 19:51:00 [procName:][pid:17997]so gooo..
2014-06-01 19:51:00 [procName:proc1name][pid:17990]202
2014-06-01 19:51:00 [procName:][pid:17996]test .....
2014-06-01 19:51:00 [procName:proc1name][pid:17989]202
2014-06-01 19:51:01 [procName:][pid:14952]so gooo..
2014-06-01 19:51:01 [procName:proc1name][pid:14943]252
2014-06-01 19:51:01 [procName:][pid:14951]so gooo..
2014-06-01 19:51:01 [procName:][pid:14949]test .....
2014-06-01 19:51:01 [procName:][pid:14950]test .....
2014-06-01 19:51:01 [procName:proc1name][pid:14944]252
2014-06-01 19:51:01 [procName:][pid:17995]test .....
2014-06-01 19:51:01 [procName:][pid:17998]so gooo..
2014-06-01 19:51:01 [procName:][pid:17997]so gooo..
2014-06-01 19:51:01 [procName:proc1name][pid:17990]203
2014-06-01 19:51:01 [procName:][pid:17996]test .....
2014-06-01 19:51:01 [procName:proc1name][pid:17989]203
2014-06-01 19:51:02 [procName:][pid:14952]so gooo..
2014-06-01 19:51:02 [procName:proc1name][pid:14943]253
2014-06-01 19:51:02 [procName:][pid:14949]test .....
2014-06-01 19:51:02 [procName:][pid:14951]so gooo..
2014-06-01 19:51:02 [procName:][pid:14950]test .....
2014-06-01 19:51:02 [procName:proc1name][pid:14944]253
2014-06-01 19:51:02 [procName:][pid:17995]test .....
2014-06-01 19:51:02 [procName:][pid:17998]so gooo..
2014-06-01 19:51:02 [procName:][pid:17997]so gooo..
2014-06-01 19:51:02 [procName:proc1name][pid:17990]204
2014-06-01 19:51:02 [procName:][pid:17996]test .....
2014-06-01 19:51:02 [procName:proc1name][pid:17989]204
2014-06-01 19:51:03 [procName:][pid:14952]so gooo..
2014-06-01 19:51:03 [procName:proc1name][pid:14943]254
2014-06-01 19:51:03 [procName:][pid:14949]test .....
2014-06-01 19:51:03 [procName:][pid:14951]so gooo..
2014-06-01 19:51:03 [procName:][pid:14950]test .....
2014-06-01 19:51:03 [procName:proc1name][pid:14944]254
2014-06-01 19:51:03 [procName:][pid:17998]so gooo..
2014-06-01 19:51:03 [procName:][pid:17995]test .....
2014-06-01 19:51:03 [procName:proc1name][pid:17990]205
2014-06-01 19:51:03 [procName:][pid:17997]so gooo..
2014-06-01 19:51:03 [procName:][pid:17996]test .....
2014-06-01 19:51:03 [procName:proc1name][pid:17989]205
2014-06-01 19:51:04 [procName:][pid:14952]so gooo..
2014-06-01 19:51:04 [procName:proc1name][pid:14943]255
2014-06-01 19:51:04 [procName:][pid:14949]test .....
2014-06-01 19:51:04 [procName:][pid:14951]so gooo..
2014-06-01 19:51:04 [procName:][pid:14950]test .....
2014-06-01 19:51:04 [procName:proc1name][pid:14944]255
2014-06-01 19:51:04 [procName:proc1name][pid:17990]206
2014-06-01 19:51:04 [procName:][pid:17995]test .....
2014-06-01 19:51:04 [procName:][pid:17998]so gooo..
2014-06-01 19:51:04 [procName:][pid:17997]so gooo..
2014-06-01 19:51:04 [procName:][pid:17996]test .....
2014-06-01 19:51:04 [procName:proc1name][pid:17989]206
2014-06-01 19:51:05 [procName:][pid:14952]so gooo..
2014-06-01 19:51:05 [procName:proc1name][pid:14943]256
2014-06-01 19:51:05 [procName:][pid:14949]test .....
2014-06-01 19:51:05 [procName:][pid:14951]so gooo..
2014-06-01 19:51:05 [procName:][pid:14950]test .....
2014-06-01 19:51:05 [procName:proc1name][pid:14944]256
2014-06-01 19:51:05 [procName:][pid:17995]test .....
2014-06-01 19:51:05 [procName:][pid:17998]so gooo..
2014-06-01 19:51:05 [procName:proc1name][pid:17990]207
2014-06-01 19:51:05 [procName:][pid:17997]so gooo..
2014-06-01 19:51:05 [procName:][pid:17996]test .....
2014-06-01 19:51:05 [procName:proc1name][pid:17989]207
2014-06-01 19:51:06 [procName:][pid:14952]so gooo..
2014-06-01 19:51:06 [procName:proc1name][pid:14943]257
2014-06-01 19:51:06 [procName:][pid:14949]test .....
2014-06-01 19:51:06 [procName:][pid:14951]so gooo..
2014-06-01 19:51:06 [procName:][pid:14950]test .....
2014-06-01 19:51:06 [procName:proc1name][pid:14944]257
2014-06-01 19:51:06 [procName:proc1name][pid:14943]proc proc1name exited.
2014-06-01 19:51:06 [procName:][pid:14952]proc  exited.
2014-06-01 19:51:06 [procName:][pid:14942]Receive stop command
2014-06-01 19:51:06 [procName:proc1name][pid:17990]proc proc1name exited.
2014-06-01 19:51:06 [procName:][pid:17995]proc  exited.
2014-06-01 19:51:06 [procName:][pid:14950]proc  exited.
2014-06-01 19:51:06 [procName:][pid:14951]proc  exited.
2014-06-01 19:51:06 [procName:proc1name][pid:14944]proc proc1name exited.
2014-06-01 19:51:06 [procName:proc1name][pid:17989]proc proc1name exited.
2014-06-01 19:51:06 [procName:][pid:14949]proc  exited.
2014-06-01 19:51:06 [procName:][pid:17988]Receive stop command
2014-06-01 19:51:06 [procName:][pid:14942]stop childrens
2014-06-01 19:51:06 [procName:][pid:17988]stop childrens
2014-06-01 19:51:06 [procName:][pid:14942]send kill singal to 14943
2014-06-01 19:51:06 [procName:][pid:17997]proc  exited.
2014-06-01 19:51:06 [procName:][pid:17996]proc  exited.
2014-06-01 19:51:06 [procName:][pid:14942]send kill singal to 14944
2014-06-01 19:51:06 [procName:][pid:17988]send kill singal to 17989
2014-06-01 19:51:06 [procName:][pid:14942]send kill singal to 14949
2014-06-01 19:51:06 [procName:][pid:17988]send kill singal to 17990
2014-06-01 19:51:06 [procName:][pid:14942]send kill singal to 14950
2014-06-01 19:51:06 [procName:][pid:17988]send kill singal to 17995
2014-06-01 19:51:06 [procName:][pid:14942]send kill singal to 14951
2014-06-01 19:51:06 [procName:][pid:17988]send kill singal to 17996
2014-06-01 19:51:06 [procName:][pid:14942]send kill singal to 14952
2014-06-01 19:51:06 [procName:][pid:17988]send kill singal to 17997
2014-06-01 19:51:06 [procName:][pid:17988]send kill singal to 17998
2014-06-01 19:51:06 [procName:][pid:17998]proc  exited.
2014-06-01 19:51:07 [procName:][pid:14942]ProcOne1 exited 
2014-06-01 19:51:07 [procName:][pid:14942]children  exited , parent catch it
2014-06-01 19:51:07 [procName:][pid:17988]ProcOne1 exited 
2014-06-01 19:51:07 [procName:][pid:17988]children  exited , parent catch it
2014-06-01 19:51:08 [procName:][pid:14942]ProcOne2 exited 
2014-06-01 19:51:08 [procName:][pid:14942]children  exited , parent catch it
2014-06-01 19:51:08 [procName:][pid:17988]ProcOne2 exited 
2014-06-01 19:51:08 [procName:][pid:17988]children  exited , parent catch it
2014-06-01 19:51:09 [procName:][pid:14942]Baidu1 exited 
2014-06-01 19:51:09 [procName:][pid:14942]children  exited , parent catch it
2014-06-01 19:51:09 [procName:][pid:17988]Baidu1 exited 
2014-06-01 19:51:09 [procName:][pid:17988]children  exited , parent catch it
2014-06-01 19:51:14 [procName:][pid:22786]daemon proccess start, parent cli proccess exited
2014-06-01 19:51:14 [procName:][pid:22787]Daemon Master proccess started
2014-06-01 19:51:14 [procName:][pid:22787]fork ProcOne 1 successfully, pid is 22788
2014-06-01 19:51:14 [procName:][pid:22787]fork ProcOne 2 successfully, pid is 22789
2014-06-01 19:51:14 [procName:proc1name][pid:22788]1
2014-06-01 19:51:14 [procName:][pid:22787]fork ProcTwo 1 successfully, pid is 22790
2014-06-01 19:51:14 [procName:proc1name][pid:22789]1
2014-06-01 19:51:14 [procName:][pid:22787]fork ProcTwo 2 successfully, pid is 22791
2014-06-01 19:51:14 [procName:proc2name][pid:22790]2
2014-06-01 19:51:14 [procName:proc2name][pid:22790]proc proc2name exited.
2014-06-01 19:51:14 [procName:][pid:22787]fork ProcTwo 3 successfully, pid is 22792
2014-06-01 19:51:14 [procName:proc2name][pid:22791]2
2014-06-01 19:51:14 [procName:proc2name][pid:22791]proc proc2name exited.
2014-06-01 19:51:14 [procName:][pid:22787]fork ProcTwo 4 successfully, pid is 22793
2014-06-01 19:51:14 [procName:proc2name][pid:22792]2
2014-06-01 19:51:14 [procName:proc2name][pid:22792]proc proc2name exited.
2014-06-01 19:51:14 [procName:][pid:22787]fork Baidu 1 successfully, pid is 22794
2014-06-01 19:51:14 [procName:proc2name][pid:22793]2
2014-06-01 19:51:14 [procName:proc2name][pid:22793]proc proc2name exited.
2014-06-01 19:51:14 [procName:][pid:22787]fork Baidu 2 successfully, pid is 22795
2014-06-01 19:51:14 [procName:][pid:22794]test .....
2014-06-01 19:51:14 [procName:][pid:22787]fork Sougou 1 successfully, pid is 22796
2014-06-01 19:51:14 [procName:][pid:22795]test .....
2014-06-01 19:51:14 [procName:][pid:22787]fork Sougou 2 successfully, pid is 22797
2014-06-01 19:51:14 [procName:][pid:22796]so gooo..
2014-06-01 19:51:14 [procName:][pid:22797]so gooo..
2014-06-01 19:51:15 [procName:proc1name][pid:22788]2
2014-06-01 19:51:15 [procName:proc1name][pid:22789]2
2014-06-01 19:51:15 [procName:][pid:22794]test .....
2014-06-01 19:51:15 [procName:][pid:22795]test .....
2014-06-01 19:51:15 [procName:][pid:22787]ProcTwo1 exited 
2014-06-01 19:51:15 [procName:][pid:22796]so gooo..
2014-06-01 19:51:15 [procName:][pid:22787]children  exited , parent catch it
2014-06-01 19:51:15 [procName:][pid:22797]so gooo..
2014-06-01 19:51:16 [procName:proc1name][pid:22788]3
2014-06-01 19:51:16 [procName:proc1name][pid:22789]3
2014-06-01 19:51:16 [procName:][pid:22794]test .....
2014-06-01 19:51:16 [procName:][pid:22795]test .....
2014-06-01 19:51:16 [procName:][pid:22796]so gooo..
2014-06-01 19:51:16 [procName:][pid:22787]ProcTwo2 exited 
2014-06-01 19:51:16 [procName:][pid:22787]children  exited , parent catch it
2014-06-01 19:51:16 [procName:][pid:22797]so gooo..
2014-06-01 19:51:17 [procName:proc1name][pid:22788]4
2014-06-01 19:51:17 [procName:proc1name][pid:22789]4
2014-06-01 19:51:17 [procName:][pid:22794]test .....
2014-06-01 19:51:17 [procName:][pid:22795]test .....
2014-06-01 19:51:17 [procName:][pid:22796]so gooo..
2014-06-01 19:51:17 [procName:][pid:22787]ProcTwo3 exited 
2014-06-01 19:51:17 [procName:][pid:22787]children  exited , parent catch it
2014-06-01 19:51:17 [procName:][pid:22797]so gooo..
2014-06-01 19:51:18 [procName:proc1name][pid:22788]5
2014-06-01 19:51:18 [procName:proc1name][pid:22789]5
2014-06-01 19:51:18 [procName:][pid:22794]test .....
2014-06-01 19:51:18 [procName:][pid:22795]test .....
2014-06-01 19:51:18 [procName:][pid:22796]so gooo..
2014-06-01 19:51:18 [procName:][pid:22787]ProcTwo4 exited 
2014-06-01 19:51:18 [procName:][pid:22797]so gooo..
2014-06-01 19:51:18 [procName:][pid:22787]children  exited , parent catch it
2014-06-01 19:51:18 [procName:][pid:22787]Receive stop command
2014-06-01 19:51:18 [procName:][pid:22835]Master proccess 22787 successfully
2014-06-01 19:51:18 [procName:][pid:22787]stop childrens
2014-06-01 19:51:18 [procName:][pid:22787]send kill singal to 22788
2014-06-01 19:51:18 [procName:proc1name][pid:22788]proc proc1name exited.
2014-06-01 19:51:18 [procName:][pid:22787]send kill singal to 22789
2014-06-01 19:51:18 [procName:proc1name][pid:22789]proc proc1name exited.
2014-06-01 19:51:18 [procName:][pid:22787]send kill singal to 22794
2014-06-01 19:51:18 [procName:][pid:22794]proc  exited.
2014-06-01 19:51:18 [procName:][pid:22787]send kill singal to 22795
2014-06-01 19:51:18 [procName:][pid:22787]send kill singal to 22796
2014-06-01 19:51:18 [procName:][pid:22795]proc  exited.
2014-06-01 19:51:18 [procName:][pid:22787]send kill singal to 22797
2014-06-01 19:51:18 [procName:][pid:22796]proc  exited.
2014-06-01 19:51:18 [procName:][pid:22797]proc  exited.
2014-06-01 19:51:19 [procName:][pid:22787]ProcOne1 exited 
2014-06-01 19:51:19 [procName:][pid:22787]children  exited , parent catch it
2014-06-01 19:51:20 [procName:][pid:22787]ProcOne2 exited 
2014-06-01 19:51:20 [procName:][pid:22787]children  exited , parent catch it
2014-06-01 19:51:21 [procName:][pid:22787]Baidu1 exited 
2014-06-01 19:51:21 [procName:][pid:22787]children  exited , parent catch it
2014-06-01 19:51:22 [procName:][pid:22787]Baidu2 exited 
2014-06-01 19:51:22 [procName:][pid:22787]children  exited , parent catch it
2014-06-01 19:51:23 [procName:][pid:22787]Sougou1 exited 
2014-06-01 19:51:23 [procName:][pid:22787]children  exited , parent catch it
2014-06-01 19:51:24 [procName:][pid:22787]Sougou2 exited 
2014-06-01 19:51:24 [procName:][pid:22787]children  exited , parent catch it
2014-06-01 19:51:25 [procName:][pid:22787]Master proc exited
2014-06-01 19:51:34 [procName:][pid:23163]daemon proccess start, parent cli proccess exited
2014-06-01 19:51:34 [procName:][pid:23164]Daemon Master proccess started
2014-06-01 19:51:34 [procName:][pid:23164]fork ProcOne 1 successfully, pid is 23165
2014-06-01 19:51:34 [procName:][pid:23164]fork ProcOne 2 successfully, pid is 23166
2014-06-01 19:51:34 [procName:proc1name][pid:23165]1
2014-06-01 19:51:34 [procName:][pid:23164]fork ProcTwo 1 successfully, pid is 23167
2014-06-01 19:51:34 [procName:proc1name][pid:23166]1
2014-06-01 19:51:34 [procName:][pid:23164]fork ProcTwo 2 successfully, pid is 23168
2014-06-01 19:51:34 [procName:proc2name][pid:23167]2
2014-06-01 19:51:34 [procName:proc2name][pid:23167]proc proc2name exited.
2014-06-01 19:51:34 [procName:][pid:23164]fork ProcTwo 3 successfully, pid is 23169
2014-06-01 19:51:34 [procName:proc2name][pid:23168]2
2014-06-01 19:51:34 [procName:proc2name][pid:23168]proc proc2name exited.
2014-06-01 19:51:34 [procName:][pid:23164]fork ProcTwo 4 successfully, pid is 23170
2014-06-01 19:51:34 [procName:proc2name][pid:23169]2
2014-06-01 19:51:34 [procName:proc2name][pid:23169]proc proc2name exited.
2014-06-01 19:51:34 [procName:][pid:23164]fork Baidu 1 successfully, pid is 23171
2014-06-01 19:51:34 [procName:proc2name][pid:23170]2
2014-06-01 19:51:34 [procName:proc2name][pid:23170]proc proc2name exited.
2014-06-01 19:51:34 [procName:][pid:23164]fork Baidu 2 successfully, pid is 23172
2014-06-01 19:51:34 [procName:][pid:23171]test .....
2014-06-01 19:51:34 [procName:][pid:23164]fork Sougou 1 successfully, pid is 23173
2014-06-01 19:51:34 [procName:][pid:23172]test .....
2014-06-01 19:51:34 [procName:][pid:23164]fork Sougou 2 successfully, pid is 23174
2014-06-01 19:51:34 [procName:][pid:23173]so gooo..
2014-06-01 19:51:34 [procName:][pid:23174]so gooo..
2014-06-01 19:51:35 [procName:proc1name][pid:23165]2
2014-06-01 19:51:35 [procName:proc1name][pid:23166]2
2014-06-01 19:51:35 [procName:][pid:23171]test .....
2014-06-01 19:51:35 [procName:][pid:23172]test .....
2014-06-01 19:51:35 [procName:][pid:23164]ProcTwo1 exited 
2014-06-01 19:51:35 [procName:][pid:23164]children  exited , parent catch it
2014-06-01 19:51:35 [procName:][pid:23173]so gooo..
2014-06-01 19:51:35 [procName:][pid:23174]so gooo..
2014-06-01 19:51:36 [procName:proc1name][pid:23165]3
2014-06-01 19:51:36 [procName:proc1name][pid:23166]3
2014-06-01 19:51:36 [procName:][pid:23171]test .....
2014-06-01 19:51:36 [procName:][pid:23172]test .....
2014-06-01 19:51:36 [procName:][pid:23164]ProcTwo2 exited 
2014-06-01 19:51:36 [procName:][pid:23173]so gooo..
2014-06-01 19:51:36 [procName:][pid:23164]children  exited , parent catch it
2014-06-01 19:51:36 [procName:][pid:23174]so gooo..
2014-06-01 19:51:37 [procName:proc1name][pid:23165]4
2014-06-01 19:51:37 [procName:proc1name][pid:23166]4
2014-06-01 19:51:37 [procName:][pid:23171]test .....
2014-06-01 19:51:37 [procName:][pid:23172]test .....
2014-06-01 19:51:37 [procName:][pid:23173]so gooo..
2014-06-01 19:51:37 [procName:][pid:23164]ProcTwo3 exited 
2014-06-01 19:51:37 [procName:][pid:23164]children  exited , parent catch it
2014-06-01 19:51:37 [procName:][pid:23174]so gooo..
2014-06-01 19:51:38 [procName:proc1name][pid:23165]5
2014-06-01 19:51:38 [procName:proc1name][pid:23166]5
2014-06-01 19:51:38 [procName:][pid:23171]test .....
2014-06-01 19:51:38 [procName:][pid:23172]test .....
2014-06-01 19:51:38 [procName:][pid:23173]so gooo..
2014-06-01 19:51:38 [procName:][pid:23164]ProcTwo4 exited 
2014-06-01 19:51:38 [procName:][pid:23164]children  exited , parent catch it
2014-06-01 19:51:38 [procName:][pid:23174]so gooo..
2014-06-01 19:51:39 [procName:proc1name][pid:23165]6
2014-06-01 19:51:39 [procName:proc1name][pid:23166]6
2014-06-01 19:51:39 [procName:][pid:23171]test .....
2014-06-01 19:51:39 [procName:][pid:23172]test .....
2014-06-01 19:51:39 [procName:][pid:23173]so gooo..
2014-06-01 19:51:39 [procName:][pid:23174]so gooo..
2014-06-01 19:51:40 [procName:proc1name][pid:23165]7
2014-06-01 19:51:40 [procName:proc1name][pid:23166]7
2014-06-01 19:51:40 [procName:][pid:23171]test .....
2014-06-01 19:51:40 [procName:][pid:23172]test .....
2014-06-01 19:51:40 [procName:][pid:23173]so gooo..
2014-06-01 19:51:40 [procName:][pid:23174]so gooo..
2014-06-01 19:51:41 [procName:proc1name][pid:23165]8
2014-06-01 19:51:41 [procName:proc1name][pid:23166]8
2014-06-01 19:51:41 [procName:][pid:23171]test .....
2014-06-01 19:51:41 [procName:][pid:23172]test .....
2014-06-01 19:51:41 [procName:][pid:23173]so gooo..
2014-06-01 19:51:41 [procName:][pid:23174]so gooo..
2014-06-01 19:51:41 [procName:][pid:23164]Receive stop command
2014-06-01 19:51:41 [procName:][pid:23281]Master proccess 23164 successfully
2014-06-01 19:51:41 [procName:][pid:23164]stop childrens
2014-06-01 19:51:41 [procName:][pid:23164]send kill singal to 23165
2014-06-01 19:51:41 [procName:proc1name][pid:23165]proc proc1name exited.
2014-06-01 19:51:41 [procName:][pid:23164]send kill singal to 23166
2014-06-01 19:51:41 [procName:proc1name][pid:23166]proc proc1name exited.
2014-06-01 19:51:41 [procName:][pid:23164]send kill singal to 23171
2014-06-01 19:51:41 [procName:][pid:23164]send kill singal to 23172
2014-06-01 19:51:41 [procName:][pid:23171]proc  exited.
2014-06-01 19:51:41 [procName:][pid:23172]proc  exited.
2014-06-01 19:51:41 [procName:][pid:23164]send kill singal to 23173
2014-06-01 19:51:41 [procName:][pid:23173]proc  exited.
2014-06-01 19:51:41 [procName:][pid:23164]send kill singal to 23174
2014-06-01 19:51:41 [procName:][pid:23174]proc  exited.
2014-06-01 19:51:42 [procName:][pid:23164]ProcOne1 exited 
2014-06-01 19:51:42 [procName:][pid:23164]children  exited , parent catch it
2014-06-01 19:51:43 [procName:][pid:23164]ProcOne2 exited 
2014-06-01 19:51:43 [procName:][pid:23164]children  exited , parent catch it
2014-06-01 19:51:44 [procName:][pid:23164]Baidu1 exited 
2014-06-01 19:51:44 [procName:][pid:23164]children  exited , parent catch it
2014-06-01 19:51:45 [procName:][pid:23164]Baidu2 exited 
2014-06-01 19:51:45 [procName:][pid:23164]children  exited , parent catch it
2014-06-01 19:51:46 [procName:][pid:23164]Sougou1 exited 
2014-06-01 19:51:46 [procName:][pid:23164]children  exited , parent catch it
2014-06-01 19:51:47 [procName:][pid:23164]Sougou2 exited 
2014-06-01 19:51:47 [procName:][pid:23164]children  exited , parent catch it
2014-06-01 19:51:48 [procName:][pid:23164]Master proc exited
