2014-06-05 14:26:12 [3201]Daemon Master process started
2014-06-05 14:26:12 [3201]fork ProcOne 1 successfully, pid is 3202
2014-06-05 14:26:12 [3201]fork ProcOne 2 successfully, pid is 3203
2014-06-05 14:26:12 [3201]fork ProcTwo 1 successfully, pid is 3204
2014-06-05 14:26:12 [3201]fork ProcTwo 2 successfully, pid is 3205
2014-06-05 14:26:12 [3201]fork ProcTwo 3 successfully, pid is 3206
2014-06-05 14:26:12 [3201]fork ProcTwo 4 successfully, pid is 3207
2014-06-05 14:26:12 [3200]daemon process start, parent cli process exited
2014-06-05 14:26:13 Writer[3202]1
2014-06-05 14:26:13 Writer[3203]1
2014-06-05 14:26:13 Buger[3204]2
2014-06-05 14:26:13 Buger[3205]2
2014-06-05 14:26:13 Buger[3206]2
2014-06-05 14:26:13 Buger[3207]2
2014-06-05 14:26:13 [3201]Receive stop command
2014-06-05 14:26:13 [3229]start stop php procs
2014-06-05 14:26:13 [3201]stop childrens
2014-06-05 14:26:13 [3201]send SIGTERM singal to 3202
2014-06-05 14:26:13 [3201]send SIGTERM singal to 3203
2014-06-05 14:26:13 [3201]send SIGTERM singal to 3204
2014-06-05 14:26:13 [3201]send SIGTERM singal to 3205
2014-06-05 14:26:13 [3201]send SIGTERM singal to 3206
2014-06-05 14:26:13 Buger[3204]loop run function ended
2014-06-05 14:26:13 [3201]send SIGTERM singal to 3207
2014-06-05 14:26:13 Buger[3205]loop run function ended
2014-06-05 14:26:13 Buger[3206]loop run function ended
2014-06-05 14:26:13 Buger[3207]loop run function ended
2014-06-05 14:26:13 Writer[3202]loop run function ended
2014-06-05 14:26:13 Writer[3203]loop run function ended
2014-06-05 14:26:13 [3201]Writer1 exited 
2014-06-05 14:26:13 [3201]Writer2 exited 
2014-06-05 14:26:13 [3201]Buger1 exited 
2014-06-05 14:26:13 [3201]Buger2 exited 
2014-06-05 14:26:13 [3201]Buger3 exited 
2014-06-05 14:26:13 [3201]Buger4 exited 
2014-06-05 14:26:13 [3201]Master proc exited
