2014-07-14 18:32:14 MainProc[23068][info]:fork ProcOne 1 successfully, pid is 24886
2014-07-14 18:32:15 One[24886][info]:[8]Use of undefined constant sdafsafddsaf - assumed 'sdafsafddsaf' in /home/users/suqian/framework/gitdir/processFrameWork/proc/ProcOne.php at line 18
2014-07-14 18:32:15 One[24886][info]:[8]Use of undefined constant sdafsafddsaf - assumed 'sdafsafddsaf' in /home/users/suqian/framework/gitdir/processFrameWork/proc/ProcOne.php at line 18
2014-07-14 18:32:15 One[24886][info]:[8]Use of undefined constant sdafsafddsaf - assumed 'sdafsafddsaf' in /home/users/suqian/framework/gitdir/processFrameWork/proc/ProcOne.php at line 18
2014-07-14 18:32:15 One[24886][info]:[8]Use of undefined constant sdafsafddsaf - assumed 'sdafsafddsaf' in /home/users/suqian/framework/gitdir/processFrameWork/proc/ProcOne.php at line 18
2014-07-14 18:32:15 One[24886][info]:[8]Use of undefined constant sdafsafddsaf - assumed 'sdafsafddsaf' in /home/users/suqian/framework/gitdir/processFrameWork/proc/ProcOne.php at line 18
2014-07-14 18:32:15 One[24886][info]:[8]Use of undefined constant sdafsafddsaf - assumed 'sdafsafddsaf' in /home/users/suqian/framework/gitdir/processFrameWork/proc/ProcOne.php at line 18
2014-07-14 18:32:15 One[24886][info]:[8]Use of undefined constant sdafsafddsaf - assumed 'sdafsafddsaf' in /home/users/suqian/framework/gitdir/processFrameWork/proc/ProcOne.php at line 18
2014-07-14 18:32:15 One[24886][info]:[8]Use of undefined constant sdafsafddsaf - assumed 'sdafsafddsaf' in /home/users/suqian/framework/gitdir/processFrameWork/proc/ProcOne.php at line 18
2014-07-14 18:32:15 One[24886][info]:[8]Use of undefined constant sdafsafddsaf - assumed 'sdafsafddsaf' in /home/users/suqian/framework/gitdir/processFrameWork/proc/ProcOne.php at line 18
2014-07-14 18:32:15 One[24886][info]:[8]Use of undefined constant sdafsafddsaf - assumed 'sdafsafddsaf' in /home/users/suqian/framework/gitdir/processFrameWork/proc/ProcOne.php at line 18
2014-07-14 18:32:15 One[24886][info]:[8]Use of undefined constant sdafsafddsaf - assumed 'sdafsafddsaf' in /home/users/suqian/framework/gitdir/processFrameWork/proc/ProcOne.php at line 18
2014-07-14 18:32:15 One[24886][info]:[8]Use of undefined constant sdafsafddsaf - assumed 'sdafsafddsaf' in /home/users/suqian/framework/gitdir/processFrameWork/proc/ProcOne.php at line 18
2014-07-14 18:32:15 One[24886][info]:[8]Use of undefined constant sdafsafddsaf - assumed 'sdafsafddsaf' in /home/users/suqian/framework/gitdir/processFrameWork/proc/ProcOne.php at line 18
2014-07-14 18:32:15 One[24886][info]:[8]Use of undefined constant sdafsafddsaf - assumed 'sdafsafddsaf' in /home/users/suqian/framework/gitdir/processFrameWork/proc/ProcOne.php at line 18
2014-07-14 18:32:15 One[24886][info]:[8]Use of undefined constant sdafsafddsaf - assumed 'sdafsafddsaf' in /home/users/suqian/framework/gitdir/processFrameWork/proc/ProcOne.php at line 18
2014-07-14 18:32:15 One[24886][info]:[8]Use of undefined constant sdafsafddsaf - assumed 'sdafsafddsaf' in /home/users/suqian/framework/gitdir/processFrameWork/proc/ProcOne.php at line 18
2014-07-14 18:32:15 One[24886][info]:[8]Use of undefined constant sdafsafddsaf - assumed 'sdafsafddsaf' in /home/users/suqian/framework/gitdir/processFrameWork/proc/ProcOne.php at line 18
2014-07-14 18:32:15 One[24886][info]:[8]Use of undefined constant sdafsafddsaf - assumed 'sdafsafddsaf' in /home/users/suqian/framework/gitdir/processFrameWork/proc/ProcOne.php at line 18
2014-07-14 18:32:15 One[24886][info]:[8]Use of undefined constant sdafsafddsaf - assumed 'sdafsafddsaf' in /home/users/suqian/framework/gitdir/processFrameWork/proc/ProcOne.php at line 18
2014-07-14 18:32:15 One[24886][info]:[8]Use of undefined constant sdafsafddsaf - assumed 'sdafsafddsaf' in /home/users/suqian/framework/gitdir/processFrameWork/proc/ProcOne.php at line 18
2014-07-14 18:32:15 One[24886][info]:[8]Use of undefined constant sdafsafddsaf - assumed 'sdafsafddsaf' in /home/users/suqian/framework/gitdir/processFrameWork/proc/ProcOne.php at line 18
2014-07-14 18:32:15 One[24886][info]:[8]Use of undefined constant sdafsafddsaf - assumed 'sdafsafddsaf' in /home/users/suqian/framework/gitdir/processFrameWork/proc/ProcOne.php at line 18
2014-07-14 18:32:15 One[24886][info]:[8]Use of undefined constant sdafsafddsaf - assumed 'sdafsafddsaf' in /home/users/suqian/framework/gitdir/processFrameWork/proc/ProcOne.php at line 18
2014-07-14 18:32:15 One[24886][info]:[8]Use of undefined constant sdafsafddsaf - assumed 'sdafsafddsaf' in /home/users/suqian/framework/gitdir/processFrameWork/proc/ProcOne.php at line 18
2014-07-14 18:32:15 One[24886][info]:[8]Use of undefined constant sdafsafddsaf - assumed 'sdafsafddsaf' in /home/users/suqian/framework/gitdir/processFrameWork/proc/ProcOne.php at line 18
2014-07-14 18:32:15 One[24886][info]:[8]Use of undefined constant sdafsafddsaf - assumed 'sdafsafddsaf' in /home/users/suqian/framework/gitdir/processFrameWork/proc/ProcOne.php at line 18
2014-07-14 18:32:15 One[24886][info]:[8]Use of undefined constant sdafsafddsaf - assumed 'sdafsafddsaf' in /home/users/suqian/framework/gitdir/processFrameWork/proc/ProcOne.php at line 18
2014-07-14 18:32:15 One[24886][info]:[8]Use of undefined constant sdafsafddsaf - assumed 'sdafsafddsaf' in /home/users/suqian/framework/gitdir/processFrameWork/proc/ProcOne.php at line 18
2014-07-14 18:32:15 One[24886][info]:[8]Use of undefined constant sdafsafddsaf - assumed 'sdafsafddsaf' in /home/users/suqian/framework/gitdir/processFrameWork/proc/ProcOne.php at line 18
2014-07-14 18:32:15 One[24886][info]:[8]Use of undefined constant sdafsafddsaf - assumed 'sdafsafddsaf' in /home/users/suqian/framework/gitdir/processFrameWork/proc/ProcOne.php at line 18
2014-07-14 18:32:15 One[24886][info]:[8]Use of undefined constant sdafsafddsaf - assumed 'sdafsafddsaf' in /home/users/suqian/framework/gitdir/processFrameWork/proc/ProcOne.php at line 18
2014-07-14 18:32:15 One[24886][info]:[8]Use of undefined constant sdafsafddsaf - assumed 'sdafsafddsaf' in /home/users/suqian/framework/gitdir/processFrameWork/proc/ProcOne.php at line 18
2014-07-14 18:32:15 One[24886][info]:[8]Use of undefined constant sdafsafddsaf - assumed 'sdafsafddsaf' in /home/users/suqian/framework/gitdir/processFrameWork/proc/ProcOne.php at line 18
2014-07-14 18:32:15 One[24886][info]:[8]Use of undefined constant sdafsafddsaf - assumed 'sdafsafddsaf' in /home/users/suqian/framework/gitdir/processFrameWork/proc/ProcOne.php at line 18
2014-07-14 18:32:15 One[24886][info]:[8]Use of undefined constant sdafsafddsaf - assumed 'sdafsafddsaf' in /home/users/suqian/framework/gitdir/processFrameWork/proc/ProcOne.php at line 18
2014-07-14 18:32:15 One[24886][info]:[8]Use of undefined constant sdafsafddsaf - assumed 'sdafsafddsaf' in /home/users/suqian/framework/gitdir/processFrameWork/proc/ProcOne.php at line 18
2014-07-14 18:32:15 One[24886][info]:[8]Use of undefined constant sdafsafddsaf - assumed 'sdafsafddsaf' in /home/users/suqian/framework/gitdir/processFrameWork/proc/ProcOne.php at line 18
2014-07-14 18:32:15 One[24886][info]:[8]Use of undefined constant sdafsafddsaf - assumed 'sdafsafddsaf' in /home/users/suqian/framework/gitdir/processFrameWork/proc/ProcOne.php at line 18
2014-07-14 18:32:15 One[24886][info]:[8]Use of undefined constant sdafsafddsaf - assumed 'sdafsafddsaf' in /home/users/suqian/framework/gitdir/processFrameWork/proc/ProcOne.php at line 18
2014-07-14 18:32:15 One[24886][info]:[8]Use of undefined constant sdafsafddsaf - assumed 'sdafsafddsaf' in /home/users/suqian/framework/gitdir/processFrameWork/proc/ProcOne.php at line 18
2014-07-14 18:32:15 One[24886][info]:[8]Use of undefined constant sdafsafddsaf - assumed 'sdafsafddsaf' in /home/users/suqian/framework/gitdir/processFrameWork/proc/ProcOne.php at line 18
2014-07-14 18:32:15 One[24886][info]:[8]Use of undefined constant sdafsafddsaf - assumed 'sdafsafddsaf' in /home/users/suqian/framework/gitdir/processFrameWork/proc/ProcOne.php at line 18
2014-07-14 18:32:15 One[24886][info]:[8]Use of undefined constant sdafsafddsaf - assumed 'sdafsafddsaf' in /home/users/suqian/framework/gitdir/processFrameWork/proc/ProcOne.php at line 18
2014-07-14 18:32:15 One[24886][info]:[8]Use of undefined constant sdafsafddsaf - assumed 'sdafsafddsaf' in /home/users/suqian/framework/gitdir/processFrameWork/proc/ProcOne.php at line 18
2014-07-14 18:32:15 One[24886][info]:[8]Use of undefined constant sdafsafddsaf - assumed 'sdafsafddsaf' in /home/users/suqian/framework/gitdir/processFrameWork/proc/ProcOne.php at line 18
2014-07-14 18:32:15 One[24886][info]:[8]Use of undefined constant sdafsafddsaf - assumed 'sdafsafddsaf' in /home/users/suqian/framework/gitdir/processFrameWork/proc/ProcOne.php at line 18
2014-07-14 18:32:15 One[24886][info]:[8]Use of undefined constant sdafsafddsaf - assumed 'sdafsafddsaf' in /home/users/suqian/framework/gitdir/processFrameWork/proc/ProcOne.php at line 18
2014-07-14 18:32:15 One[24886][info]:[8]Use of undefined constant sdafsafddsaf - assumed 'sdafsafddsaf' in /home/users/suqian/framework/gitdir/processFrameWork/proc/ProcOne.php at line 18
2014-07-14 18:32:15 One[24886][info]:[8]Use of undefined constant sdafsafddsaf - assumed 'sdafsafddsaf' in /home/users/suqian/framework/gitdir/processFrameWork/proc/ProcOne.php at line 18
2014-07-14 18:32:15 One[24886][info]:[8]Use of undefined constant sdafsafddsaf - assumed 'sdafsafddsaf' in /home/users/suqian/framework/gitdir/processFrameWork/proc/ProcOne.php at line 18
2014-07-14 18:32:15 One[24886][info]:[8]Use of undefined constant sdafsafddsaf - assumed 'sdafsafddsaf' in /home/users/suqian/framework/gitdir/processFrameWork/proc/ProcOne.php at line 18
2014-07-14 18:32:15 One[24886][info]:[8]Use of undefined constant sdafsafddsaf - assumed 'sdafsafddsaf' in /home/users/suqian/framework/gitdir/processFrameWork/proc/ProcOne.php at line 18
2014-07-14 18:32:15 One[24886][info]:[8]Use of undefined constant sdafsafddsaf - assumed 'sdafsafddsaf' in /home/users/suqian/framework/gitdir/processFrameWork/proc/ProcOne.php at line 18
2014-07-14 18:32:15 One[24886][info]:[8]Use of undefined constant sdafsafddsaf - assumed 'sdafsafddsaf' in /home/users/suqian/framework/gitdir/processFrameWork/proc/ProcOne.php at line 18
2014-07-14 18:32:15 One[24886][info]:[8]Use of undefined constant sdafsafddsaf - assumed 'sdafsafddsaf' in /home/users/suqian/framework/gitdir/processFrameWork/proc/ProcOne.php at line 18
2014-07-14 18:32:15 One[24886][info]:[8]Use of undefined constant sdafsafddsaf - assumed 'sdafsafddsaf' in /home/users/suqian/framework/gitdir/processFrameWork/proc/ProcOne.php at line 18
2014-07-14 18:32:15 One[24886][info]:[8]Use of undefined constant sdafsafddsaf - assumed 'sdafsafddsaf' in /home/users/suqian/framework/gitdir/processFrameWork/proc/ProcOne.php at line 18
2014-07-14 18:32:15 One[24886][info]:[8]Use of undefined constant sdafsafddsaf - assumed 'sdafsafddsaf' in /home/users/suqian/framework/gitdir/processFrameWork/proc/ProcOne.php at line 18
2014-07-14 18:32:15 One[24886][info]:[8]Use of undefined constant sdafsafddsaf - assumed 'sdafsafddsaf' in /home/users/suqian/framework/gitdir/processFrameWork/proc/ProcOne.php at line 18
2014-07-14 18:32:15 One[24886][info]:[8]Use of undefined constant sdafsafddsaf - assumed 'sdafsafddsaf' in /home/users/suqian/framework/gitdir/processFrameWork/proc/ProcOne.php at line 18
2014-07-14 18:32:15 One[24886][info]:[8]Use of undefined constant sdafsafddsaf - assumed 'sdafsafddsaf' in /home/users/suqian/framework/gitdir/processFrameWork/proc/ProcOne.php at line 18
2014-07-14 18:32:15 One[24886][info]:[8]Use of undefined constant sdafsafddsaf - assumed 'sdafsafddsaf' in /home/users/suqian/framework/gitdir/processFrameWork/proc/ProcOne.php at line 18
2014-07-14 18:32:15 One[24886][info]:[8]Use of undefined constant sdafsafddsaf - assumed 'sdafsafddsaf' in /home/users/suqian/framework/gitdir/processFrameWork/proc/ProcOne.php at line 18
2014-07-14 18:32:15 One[24886][info]:[8]Use of undefined constant sdafsafddsaf - assumed 'sdafsafddsaf' in /home/users/suqian/framework/gitdir/processFrameWork/proc/ProcOne.php at line 18
2014-07-14 18:32:15 One[24886][info]:run function ended
2014-07-14 18:32:15 MainProc[23068][info]:One1 exited 
2014-07-14 18:32:15 MainProc[23068][info]:fork ProcTest 1 successfully, pid is 27636
2014-07-14 18:32:16 Two[27636][info]:run function ended
2014-07-14 18:32:16 MainProc[23068][info]:Two1 exited 
2014-07-14 18:32:17 MainProc[23068][info]:Receive stop command
2014-07-14 18:32:17 MainProc[23068][info]:stop childrens
2014-07-14 18:32:17 MainProc[23068][info]:Master proc exited
2014-07-14 18:32:32 MainProc[5427][info]:fork ProcOne 1 successfully, pid is 5821
2014-07-14 18:32:33 One[5821][info]:run function ended
2014-07-14 18:32:33 MainProc[5427][info]:One1 exited 
2014-07-14 18:32:33 MainProc[5427][info]:fork ProcTest 1 successfully, pid is 9196
2014-07-14 18:32:34 Two[9196][info]:run function ended
2014-07-14 18:32:34 MainProc[5427][info]:Two1 exited 
2014-07-14 18:32:39 MainProc[5427][info]:Receive stop command
2014-07-14 18:32:39 MainProc[5427][info]:stop childrens
2014-07-14 18:32:39 MainProc[5427][info]:Master proc exited
2014-07-14 18:33:36 MainProc[15720][info]:fork ProcOne 1 successfully, pid is 16002
2014-07-14 18:33:37 One[16002][info]:run function ended
2014-07-14 18:33:37 MainProc[15720][info]:One1 exited 
2014-07-14 18:33:37 MainProc[15720][info]:fork ProcTest 1 successfully, pid is 18539
2014-07-14 18:33:38 Two[18539][info]:run function ended
2014-07-14 18:33:38 MainProc[15720][info]:Two1 exited 
2014-07-14 18:33:38 MainProc[15720][info]:Master proc exited
