2014-06-27 11:41:48 [22679]fork ProcOne 1 successfully, pid is 23048
2014-06-27 11:41:49 [22679]fork ProcOne 2 successfully, pid is 23082
2014-06-27 11:41:49 [22679]fork ProcOne 3 successfully, pid is 23084
2014-06-27 11:41:49 [22679]fork ProcOne 4 successfully, pid is 23085
2014-06-27 11:41:50 [22679]Buger1 exited 
2014-06-27 11:41:50 [22679]Buger2 exited 
2014-06-27 11:41:50 [22679]Buger3 exited 
2014-06-27 11:41:50 [22679]Buger4 exited 
2014-06-27 11:41:53 [22679]Receive stop command
2014-06-27 11:41:53 [22679]stop childrens
2014-06-27 11:41:53 [22679]Master proc exited
2014-06-27 11:42:10 [10325]fork ProcOne 1 successfully, pid is 16420
2014-06-27 11:42:10 [10325]fork ProcOne 2 successfully, pid is 16423
2014-06-27 11:42:10 [10325]fork ProcOne 3 successfully, pid is 16425
2014-06-27 11:42:10 [10325]fork ProcOne 4 successfully, pid is 16428
2014-06-27 11:42:11 [10325]Buger2 exited 
2014-06-27 11:42:11 [10325]Buger3 exited 
2014-06-27 11:42:11 [10325]Buger1 exited 
2014-06-27 11:42:11 [10325]Buger4 exited 
2014-06-27 11:42:27 [10325]Receive stop command
2014-06-27 11:42:27 [10325]stop childrens
2014-06-27 11:42:27 [10325]Master proc exited
2014-06-27 11:56:53 [2467]fork ProcOne 1 successfully, pid is 2498
2014-06-27 11:56:53 [2467]fork ProcOne 2 successfully, pid is 2500
2014-06-27 11:56:53 [2467]fork ProcOne 3 successfully, pid is 2501
2014-06-27 11:56:53 [2467]fork ProcOne 4 successfully, pid is 2504
2014-06-27 11:56:54 [2467]Buger1 exited 
2014-06-27 11:56:54 [2467]Buger2 exited 
2014-06-27 11:56:54 [2467]Buger4 exited 
2014-06-27 11:56:54 [2467]Buger3 exited 
2014-06-27 11:56:56 [2467]Receive stop command
2014-06-27 11:56:56 [2467]stop childrens
2014-06-27 11:56:56 [2467]Master proc exited
2014-06-27 11:57:06 [2825]fork ProcOne 1 successfully, pid is 3104
2014-06-27 11:57:06 [2825]fork ProcOne 2 successfully, pid is 3106
2014-06-27 11:57:06 [2825]fork ProcOne 3 successfully, pid is 3109
2014-06-27 11:57:06 [2825]fork ProcOne 4 successfully, pid is 3111
2014-06-27 11:57:07 [2825]Buger3 exited 
2014-06-27 11:57:07 [2825]Buger1 exited 
2014-06-27 11:57:07 [2825]Buger2 exited 
2014-06-27 11:57:07 [2825]Buger4 exited 
2014-06-27 11:57:13 [2825]Receive stop command
2014-06-27 11:57:13 [2825]stop childrens
2014-06-27 11:57:13 [2825]Master proc exited
2014-06-27 11:58:41 [22143]fork ProcOne 1 successfully, pid is 22439
2014-06-27 11:58:41 [22143]fork ProcOne 2 successfully, pid is 22443
2014-06-27 11:58:41 [22143]fork ProcOne 3 successfully, pid is 22445
2014-06-27 11:58:41 [22143]fork ProcOne 4 successfully, pid is 22448
2014-06-27 11:58:42 Buger[22439]run function ended
2014-06-27 11:58:42 Buger[22443]run function ended
2014-06-27 11:58:42 Buger[22445]run function ended
2014-06-27 11:58:42 Buger[22448]run function ended
2014-06-27 11:58:42 [22143]Buger2 exited 
2014-06-27 11:58:42 [22143]Buger3 exited 
2014-06-27 11:58:42 [22143]Buger1 exited 
2014-06-27 11:58:42 [22143]Buger4 exited 
2014-06-27 11:58:45 [22143]Receive stop command
2014-06-27 11:58:45 [22143]stop childrens
2014-06-27 11:58:45 [22143]Master proc exited
2014-06-27 11:59:13 [9790]fork ProcOne 1 successfully, pid is 10132
2014-06-27 11:59:13 [9790]fork ProcOne 2 successfully, pid is 10136
2014-06-27 11:59:13 [9790]fork ProcOne 3 successfully, pid is 10139
2014-06-27 11:59:13 [9790]fork ProcOne 4 successfully, pid is 10140
2014-06-27 11:59:14 [9790]Buger2 exited 
2014-06-27 11:59:14 [9790]Buger1 exited 
2014-06-27 11:59:14 [9790]Buger3 exited 
2014-06-27 11:59:14 [9790]Buger4 exited 
2014-06-27 11:59:31 [9790]Receive stop command
2014-06-27 11:59:31 [9790]stop childrens
2014-06-27 11:59:31 [9790]Master proc exited
2014-06-27 11:59:55 [1752]fork ProcOne 1 successfully, pid is 2030
2014-06-27 11:59:55 [1752]fork ProcOne 2 successfully, pid is 2033
2014-06-27 11:59:55 [1752]fork ProcOne 3 successfully, pid is 2035
2014-06-27 11:59:55 [1752]fork ProcOne 4 successfully, pid is 2038
2014-06-27 11:59:56 Buger[2035]run function ended
2014-06-27 11:59:56 Buger[2038]run function ended
2014-06-27 11:59:56 Buger[2033]run function ended
2014-06-27 11:59:56 Buger[2030]run function ended
2014-06-27 11:59:56 [1752]Buger3 exited 
2014-06-27 11:59:56 [1752]Buger1 exited 
2014-06-27 11:59:56 [1752]Buger2 exited 
2014-06-27 11:59:56 [1752]Buger4 exited 
2014-06-27 12:00:01 [1752]Receive stop command
2014-06-27 12:00:01 [1752]stop childrens
2014-06-27 12:00:01 [1752]Master proc exited
2014-06-27 12:00:20 [301]fork ProcOne 1 successfully, pid is 333
2014-06-27 12:00:21 [301]Buger1 exited 
2014-06-27 12:00:23 [301]Receive stop command
2014-06-27 12:00:23 [301]stop childrens
2014-06-27 12:00:23 [301]Master proc exited
2014-06-27 12:00:26 [15912]fork ProcOne 1 successfully, pid is 16297
2014-06-27 12:00:27 Buger[16297]run function ended
2014-06-27 12:00:27 [15912]Buger1 exited 
2014-06-27 12:00:36 [15912]Receive stop command
2014-06-27 12:00:36 [15912]stop childrens
2014-06-27 12:00:36 [15912]Master proc exited
2014-06-27 12:03:03 [2760]fork ProcOne 1 successfully, pid is 3047
2014-06-27 12:03:04 Buger[3047]run function ended
2014-06-27 12:03:04 [2760]Buger1 exited 
2014-06-27 12:03:22 [2760]Receive stop command
2014-06-27 12:03:22 [2760]stop childrens
2014-06-27 12:03:22 [2760]Master proc exited
2014-06-27 13:18:42 [3536]fork ProcOne 1 successfully, pid is 3770
2014-06-27 13:18:43 [3536]Buger1 exited 
2014-06-27 13:18:46 [3536]Receive stop command
2014-06-27 13:18:46 [3536]stop childrens
2014-06-27 13:18:46 [3536]Master proc exited
2014-06-27 13:18:51 [28701]fork ProcOne 1 successfully, pid is 28741
2014-06-27 13:18:52 [28701]Buger1 exited 
2014-06-27 13:18:53 [28701]Receive stop command
2014-06-27 13:18:53 [28701]stop childrens
2014-06-27 13:18:53 [28701]Master proc exited
2014-06-27 13:21:44 [18073]fork ProcOne 1 successfully, pid is 18103
2014-06-27 13:21:45 [18073]Buger1 exited 
2014-06-27 13:21:46 [18073]Receive stop command
2014-06-27 13:21:46 [18073]stop childrens
2014-06-27 13:21:46 [18073]Master proc exited
2014-06-27 13:43:01 [16850]fork ProcOne 1 successfully, pid is 16881
2014-06-27 13:43:02 [16850]Receive stop command
2014-06-27 13:43:02 [16850]stop childrens
2014-06-27 13:43:02 [16850]send SIGTERM singal to 16881
2014-06-27 13:43:02 [16881]Receive stop command
2014-06-27 13:43:02 [16881]stop childrens
2014-06-27 13:43:02 [16881]Receive stop command
2014-06-27 13:43:02 [16881]stop childrens
2014-06-27 13:43:02 [16850]Buger1 exited 
2014-06-27 13:43:02 [16850]Master proc exited
2014-06-27 13:43:21 [30886]fork ProcOne 1 successfully, pid is 4305
2014-06-27 13:43:22 Buger[4305]run function ended
2014-06-27 13:43:22 [30886]Buger1 exited 
2014-06-27 13:43:45 [30886]Receive stop command
2014-06-27 13:43:45 [30886]stop childrens
2014-06-27 13:43:45 [30886]Master proc exited
2014-06-27 13:46:21 [31238]fork ProcOne 1 successfully, pid is 31524
2014-06-27 13:46:22 Buger[31524]run function ended
2014-06-27 13:46:22 [31238]Buger1 exited 
2014-06-27 13:46:24 [31238]Receive stop command
2014-06-27 13:46:24 [31238]stop childrens
2014-06-27 13:46:24 [31238]Master proc exited
2014-06-27 13:47:15 [8014]fork ProcOne 1 successfully, pid is 8297
2014-06-27 13:47:16 Buger[8297]run function ended
2014-06-27 13:47:16 [8014]Buger1 exited 
2014-06-27 13:47:39 [8014]Receive stop command
2014-06-27 13:47:39 [8014]stop childrens
2014-06-27 13:47:39 [8014]Master proc exited
2014-06-27 13:48:31 [22321]fork ProcOne 1 successfully, pid is 22603
2014-06-27 13:48:32 Buger[22603]run function ended
2014-06-27 13:48:32 [22321]Buger1 exited 
2014-06-27 13:48:49 [22321]Receive stop command
2014-06-27 13:48:49 [22321]stop childrens
2014-06-27 13:48:49 [22321]Master proc exited
2014-06-27 13:50:37 [31752]fork ProcOne 1 successfully, pid is 32125
2014-06-27 13:50:38 Buger[32125]run function ended
2014-06-27 13:50:38 [31752]Buger1 exited 
2014-06-27 13:50:41 [31752]Receive stop command
2014-06-27 13:50:41 [31752]stop childrens
2014-06-27 13:50:41 [31752]Master proc exited
2014-06-27 13:53:21 [32473]fork ProcOne 1 successfully, pid is 345
2014-06-27 13:53:22 Buger[345]run function ended
2014-06-27 13:53:22 [32473]Buger1 exited 
2014-06-27 13:53:35 [32473]Receive stop command
2014-06-27 13:53:35 [32473]stop childrens
2014-06-27 13:53:35 [32473]Master proc exited
2014-06-27 13:54:17 [12906]fork ProcOne 1 successfully, pid is 13225
2014-06-27 13:54:18 Buger[13225]run function ended
2014-06-27 13:54:18 [12906]Buger1 exited 
2014-06-27 13:54:18 [12906]Master proc exited
2014-06-27 13:58:57 [20911]fork ProcOne 1 successfully, pid is 21217
2014-06-27 13:58:58 Buger[21217]run function ended
2014-06-27 13:58:58 [20911]Buger1 exited 
2014-06-27 13:58:58 [20911]Master proc exited
2014-06-27 14:00:00 [22737]Daemon Master process started
2014-06-27 14:00:00 [22737]fork ProcOne 1 successfully, pid is 22742
2014-06-27 14:00:00 [22335]daemon process start, parent cli process exited
2014-06-27 14:00:23 [31840]start stop php procs
2014-06-27 14:00:23 [22737]Receive stop command
2014-06-27 14:00:23 [22737]stop childrens
2014-06-27 14:00:23 [22737]send SIGTERM singal to 22742
2014-06-27 14:00:23 Buger[22742]loop run function ended
2014-06-27 14:00:23 [22737]Buger1 exited 
2014-06-27 14:00:23 [22737]Master proc exited
2014-06-27 14:01:12 [30267]fork ProcOne 1 successfully, pid is 30648
2014-06-27 14:01:15 [30267]Receive stop command
2014-06-27 14:01:15 [30267]stop childrens
2014-06-27 14:01:15 Buger[30648]loop run function ended
2014-06-27 14:01:15 [30267]send SIGTERM singal to 30648
2014-06-27 14:01:15 [30267]Buger1 exited 
2014-06-27 14:01:15 [30267]Master proc exited
2014-06-27 14:02:05 [8565]fork ProcOne 1 successfully, pid is 8849
2014-06-27 14:02:06 Buger[8849]run function ended
2014-06-27 14:02:06 [8565]Buger1 exited 
2014-06-27 14:02:06 [8565]Master proc exited
2014-06-27 14:02:34 [17443]fork ProcOne 1 successfully, pid is 17789
2014-06-27 14:02:35 Buger[17789]run function ended
2014-06-27 14:02:35 [17443]Buger1 exited 
2014-06-27 14:02:35 [17443]Master proc exited
